2023-04-18 21:13:29,295 WARN [http-nio-9012-exec-5][AbstractHandlerExceptionResolver.java:199] - Resolved [org.springframework.web.HttpMediaTypeNotSupportedException: Content type 'application/octet-stream;charset=UTF-8' not supported]
2023-04-18 21:13:29,295 WARN [http-nio-9012-exec-5][AbstractHandlerExceptionResolver.java:199] - Resolved [org.springframework.web.HttpMediaTypeNotSupportedException: Content type 'application/octet-stream;charset=UTF-8' not supported]
2023-04-18 21:18:51,072 INFO [main][StartupInfoLogger.java:55] - Starting SecondHandTransactionApplication on DESKTOP-3QO7P5A with PID 30536 (D:\Android_Project\group_project\COMP-7506-Secondary-Market\Java_Backend\target\classes started by huweiyan in D:\Android_Project\group_project\COMP-7506-Secondary-Market\Java_Backend)
2023-04-18 21:18:51,072 INFO [main][StartupInfoLogger.java:55] - Starting SecondHandTransactionApplication on DESKTOP-3QO7P5A with PID 30536 (D:\Android_Project\group_project\COMP-7506-Secondary-Market\Java_Backend\target\classes started by huweiyan in D:\Android_Project\group_project\COMP-7506-Secondary-Market\Java_Backend)
2023-04-18 21:18:51,085 DEBUG [main][StartupInfoLogger.java:56] - Running with Spring Boot v2.3.3.RELEASE, Spring v5.2.8.RELEASE
2023-04-18 21:18:51,085 DEBUG [main][StartupInfoLogger.java:56] - Running with Spring Boot v2.3.3.RELEASE, Spring v5.2.8.RELEASE
2023-04-18 21:18:51,086 INFO [main][SpringApplication.java:651] - No active profile set, falling back to default profiles: default
2023-04-18 21:18:51,086 INFO [main][SpringApplication.java:651] - No active profile set, falling back to default profiles: default
2023-04-18 21:18:51,538 DEBUG [main][MybatisPlusAutoConfiguration.java:278] - Searching for mappers annotated with @Mapper
2023-04-18 21:18:51,538 DEBUG [main][MybatisPlusAutoConfiguration.java:278] - Searching for mappers annotated with @Mapper
2023-04-18 21:18:51,539 DEBUG [main][MybatisPlusAutoConfiguration.java:282] - Using auto-configuration base package 'com.transaction'
2023-04-18 21:18:51,539 DEBUG [main][MybatisPlusAutoConfiguration.java:282] - Using auto-configuration base package 'com.transaction'
2023-04-18 21:18:51,621 DEBUG [main][LogFactory.java:105] - Logging initialized using 'class org.apache.ibatis.logging.slf4j.Slf4jImpl' adapter.
2023-04-18 21:18:51,621 DEBUG [main][LogFactory.java:105] - Logging initialized using 'class org.apache.ibatis.logging.slf4j.Slf4jImpl' adapter.
2023-04-18 21:18:51,913 INFO [main][TomcatWebServer.java:108] - Tomcat initialized with port(s): 9012 (http)
2023-04-18 21:18:51,913 INFO [main][TomcatWebServer.java:108] - Tomcat initialized with port(s): 9012 (http)
2023-04-18 21:18:51,920 INFO [main][DirectJDKLog.java:173] - Initializing ProtocolHandler ["http-nio-9012"]
2023-04-18 21:18:51,920 INFO [main][DirectJDKLog.java:173] - Initializing ProtocolHandler ["http-nio-9012"]
2023-04-18 21:18:51,921 INFO [main][DirectJDKLog.java:173] - Starting service [Tomcat]
2023-04-18 21:18:51,921 INFO [main][DirectJDKLog.java:173] - Starting service [Tomcat]
2023-04-18 21:18:51,921 INFO [main][DirectJDKLog.java:173] - Starting Servlet engine: [Apache Tomcat/9.0.37]
2023-04-18 21:18:51,921 INFO [main][DirectJDKLog.java:173] - Starting Servlet engine: [Apache Tomcat/9.0.37]
2023-04-18 21:18:51,988 INFO [main][DirectJDKLog.java:173] - Initializing Spring embedded WebApplicationContext
2023-04-18 21:18:51,988 INFO [main][DirectJDKLog.java:173] - Initializing Spring embedded WebApplicationContext
2023-04-18 21:18:51,989 INFO [main][ServletWebServerApplicationContext.java:285] - Root WebApplicationContext: initialization completed in 854 ms
2023-04-18 21:18:51,989 INFO [main][ServletWebServerApplicationContext.java:285] - Root WebApplicationContext: initialization completed in 854 ms
2023-04-18 21:18:52,069 DEBUG [main][HikariConfig.java:946] - Driver class com.mysql.cj.jdbc.Driver found in Thread context class loader jdk.internal.loader.ClassLoaders$AppClassLoader@66d3c617
2023-04-18 21:18:52,069 DEBUG [main][HikariConfig.java:946] - Driver class com.mysql.cj.jdbc.Driver found in Thread context class loader jdk.internal.loader.ClassLoaders$AppClassLoader@66d3c617
2023-04-18 21:18:52,123 DEBUG [main][Logger.java:49] - Property 'mapperLocations' was not specified.
2023-04-18 21:18:52,123 DEBUG [main][Logger.java:49] - Property 'mapperLocations' was not specified.
2023-04-18 21:18:52,225 DEBUG [main][MybatisConfiguration.java:128] - addMappedStatement: com.transaction.mapper.ItemsMapper.selectAllItems
2023-04-18 21:18:52,225 DEBUG [main][MybatisConfiguration.java:128] - addMappedStatement: com.transaction.mapper.ItemsMapper.selectAllItems
2023-04-18 21:18:52,249 DEBUG [main][MybatisConfiguration.java:128] - addMappedStatement: com.transaction.mapper.ItemsMapper.insert
2023-04-18 21:18:52,249 DEBUG [main][MybatisConfiguration.java:128] - addMappedStatement: com.transaction.mapper.ItemsMapper.insert
2023-04-18 21:18:52,255 DEBUG [main][MybatisConfiguration.java:128] - addMappedStatement: com.transaction.mapper.ItemsMapper.delete
2023-04-18 21:18:52,255 DEBUG [main][MybatisConfiguration.java:128] - addMappedStatement: com.transaction.mapper.ItemsMapper.delete
2023-04-18 21:18:52,257 DEBUG [main][MybatisConfiguration.java:128] - addMappedStatement: com.transaction.mapper.ItemsMapper.deleteByMap
2023-04-18 21:18:52,257 DEBUG [main][MybatisConfiguration.java:128] - addMappedStatement: com.transaction.mapper.ItemsMapper.deleteByMap
2023-04-18 21:18:52,272 DEBUG [main][MybatisConfiguration.java:128] - addMappedStatement: com.transaction.mapper.ItemsMapper.deleteById
2023-04-18 21:18:52,272 DEBUG [main][MybatisConfiguration.java:128] - addMappedStatement: com.transaction.mapper.ItemsMapper.deleteById
2023-04-18 21:18:52,274 DEBUG [main][MybatisConfiguration.java:128] - addMappedStatement: com.transaction.mapper.ItemsMapper.deleteBatchIds
2023-04-18 21:18:52,274 DEBUG [main][MybatisConfiguration.java:128] - addMappedStatement: com.transaction.mapper.ItemsMapper.deleteBatchIds
2023-04-18 21:18:52,279 DEBUG [main][MybatisConfiguration.java:128] - addMappedStatement: com.transaction.mapper.ItemsMapper.update
2023-04-18 21:18:52,279 DEBUG [main][MybatisConfiguration.java:128] - addMappedStatement: com.transaction.mapper.ItemsMapper.update
2023-04-18 21:18:52,281 DEBUG [main][MybatisConfiguration.java:128] - addMappedStatement: com.transaction.mapper.ItemsMapper.updateById
2023-04-18 21:18:52,281 DEBUG [main][MybatisConfiguration.java:128] - addMappedStatement: com.transaction.mapper.ItemsMapper.updateById
2023-04-18 21:18:52,282 DEBUG [main][MybatisConfiguration.java:128] - addMappedStatement: com.transaction.mapper.ItemsMapper.selectById
2023-04-18 21:18:52,282 DEBUG [main][MybatisConfiguration.java:128] - addMappedStatement: com.transaction.mapper.ItemsMapper.selectById
2023-04-18 21:18:52,284 DEBUG [main][MybatisConfiguration.java:128] - addMappedStatement: com.transaction.mapper.ItemsMapper.selectBatchIds
2023-04-18 21:18:52,284 DEBUG [main][MybatisConfiguration.java:128] - addMappedStatement: com.transaction.mapper.ItemsMapper.selectBatchIds
2023-04-18 21:18:52,289 DEBUG [main][MybatisConfiguration.java:128] - addMappedStatement: com.transaction.mapper.ItemsMapper.selectByMap
2023-04-18 21:18:52,289 DEBUG [main][MybatisConfiguration.java:128] - addMappedStatement: com.transaction.mapper.ItemsMapper.selectByMap
2023-04-18 21:18:52,292 DEBUG [main][MybatisConfiguration.java:128] - addMappedStatement: com.transaction.mapper.ItemsMapper.selectOne
2023-04-18 21:18:52,292 DEBUG [main][MybatisConfiguration.java:128] - addMappedStatement: com.transaction.mapper.ItemsMapper.selectOne
2023-04-18 21:18:52,295 DEBUG [main][MybatisConfiguration.java:128] - addMappedStatement: com.transaction.mapper.ItemsMapper.selectCount
2023-04-18 21:18:52,295 DEBUG [main][MybatisConfiguration.java:128] - addMappedStatement: com.transaction.mapper.ItemsMapper.selectCount
2023-04-18 21:18:52,298 DEBUG [main][MybatisConfiguration.java:128] - addMappedStatement: com.transaction.mapper.ItemsMapper.selectMaps
2023-04-18 21:18:52,298 DEBUG [main][MybatisConfiguration.java:128] - addMappedStatement: com.transaction.mapper.ItemsMapper.selectMaps
2023-04-18 21:18:52,301 DEBUG [main][MybatisConfiguration.java:128] - addMappedStatement: com.transaction.mapper.ItemsMapper.selectMapsPage
2023-04-18 21:18:52,301 DEBUG [main][MybatisConfiguration.java:128] - addMappedStatement: com.transaction.mapper.ItemsMapper.selectMapsPage
2023-04-18 21:18:52,304 DEBUG [main][MybatisConfiguration.java:128] - addMappedStatement: com.transaction.mapper.ItemsMapper.selectObjs
2023-04-18 21:18:52,304 DEBUG [main][MybatisConfiguration.java:128] - addMappedStatement: com.transaction.mapper.ItemsMapper.selectObjs
2023-04-18 21:18:52,307 DEBUG [main][MybatisConfiguration.java:128] - addMappedStatement: com.transaction.mapper.ItemsMapper.selectList
2023-04-18 21:18:52,307 DEBUG [main][MybatisConfiguration.java:128] - addMappedStatement: com.transaction.mapper.ItemsMapper.selectList
2023-04-18 21:18:52,310 DEBUG [main][MybatisConfiguration.java:128] - addMappedStatement: com.transaction.mapper.ItemsMapper.selectPage
2023-04-18 21:18:52,310 DEBUG [main][MybatisConfiguration.java:128] - addMappedStatement: com.transaction.mapper.ItemsMapper.selectPage
2023-04-18 21:18:52,406 INFO [main][ExecutorConfigurationSupport.java:181] - Initializing ExecutorService 'applicationTaskExecutor'
2023-04-18 21:18:52,406 INFO [main][ExecutorConfigurationSupport.java:181] - Initializing ExecutorService 'applicationTaskExecutor'
2023-04-18 21:18:52,491 DEBUG [main][MybatisPlusAutoConfiguration.java:314] - Not found configuration for registering mapper bean using @MapperScan, MapperFactoryBean and MapperScannerConfigurer.
2023-04-18 21:18:52,491 DEBUG [main][MybatisPlusAutoConfiguration.java:314] - Not found configuration for registering mapper bean using @MapperScan, MapperFactoryBean and MapperScannerConfigurer.
2023-04-18 21:18:52,552 INFO [main][DirectJDKLog.java:173] - Starting ProtocolHandler ["http-nio-9012"]
2023-04-18 21:18:52,552 INFO [main][DirectJDKLog.java:173] - Starting ProtocolHandler ["http-nio-9012"]
2023-04-18 21:18:52,590 INFO [main][TomcatWebServer.java:220] - Tomcat started on port(s): 9012 (http) with context path ''
2023-04-18 21:18:52,590 INFO [main][TomcatWebServer.java:220] - Tomcat started on port(s): 9012 (http) with context path ''
2023-04-18 21:18:52,601 INFO [main][StartupInfoLogger.java:61] - Started SecondHandTransactionApplication in 1.923 seconds (JVM running for 2.618)
2023-04-18 21:18:52,601 INFO [main][StartupInfoLogger.java:61] - Started SecondHandTransactionApplication in 1.923 seconds (JVM running for 2.618)
2023-04-18 21:19:01,312 INFO [http-nio-9012-exec-1][DirectJDKLog.java:173] - Initializing Spring DispatcherServlet 'dispatcherServlet'
2023-04-18 21:19:01,312 INFO [http-nio-9012-exec-1][DirectJDKLog.java:173] - Initializing Spring DispatcherServlet 'dispatcherServlet'
2023-04-18 21:19:01,313 INFO [http-nio-9012-exec-1][FrameworkServlet.java:525] - Initializing Servlet 'dispatcherServlet'
2023-04-18 21:19:01,313 INFO [http-nio-9012-exec-1][FrameworkServlet.java:525] - Initializing Servlet 'dispatcherServlet'
2023-04-18 21:19:01,319 INFO [http-nio-9012-exec-1][FrameworkServlet.java:547] - Completed initialization in 6 ms
2023-04-18 21:19:01,319 INFO [http-nio-9012-exec-1][FrameworkServlet.java:547] - Completed initialization in 6 ms
2023-04-18 21:19:01,408 WARN [http-nio-9012-exec-1][AbstractHandlerExceptionResolver.java:199] - Resolved [org.springframework.http.converter.HttpMessageNotReadableException: JSON parse error: Cannot deserialize value of type `byte[]` from String "B@9d06138": Failed to decode VALUE_STRING as base64 (MIME-NO-LINEFEEDS): Illegal character '[' (code 0x5b) in base64 content; nested exception is com.fasterxml.jackson.databind.exc.InvalidFormatException: Cannot deserialize value of type `byte[]` from String "B@9d06138": Failed to decode VALUE_STRING as base64 (MIME-NO-LINEFEEDS): Illegal character '[' (code 0x5b) in base64 content
 at [Source: (PushbackInputStream); line: 1, column: 8] (through reference chain: com.transaction.pojo.UploadImageRequestDto["img"])]
2023-04-18 21:19:01,408 WARN [http-nio-9012-exec-1][AbstractHandlerExceptionResolver.java:199] - Resolved [org.springframework.http.converter.HttpMessageNotReadableException: JSON parse error: Cannot deserialize value of type `byte[]` from String "B@9d06138": Failed to decode VALUE_STRING as base64 (MIME-NO-LINEFEEDS): Illegal character '[' (code 0x5b) in base64 content; nested exception is com.fasterxml.jackson.databind.exc.InvalidFormatException: Cannot deserialize value of type `byte[]` from String "B@9d06138": Failed to decode VALUE_STRING as base64 (MIME-NO-LINEFEEDS): Illegal character '[' (code 0x5b) in base64 content
 at [Source: (PushbackInputStream); line: 1, column: 8] (through reference chain: com.transaction.pojo.UploadImageRequestDto["img"])]
2023-04-18 21:46:03,591 INFO [main][StartupInfoLogger.java:55] - Starting SecondHandTransactionApplication on DESKTOP-3QO7P5A with PID 8604 (D:\Android_Project\group_project\COMP-7506-Secondary-Market\Java_Backend\target\classes started by huweiyan in D:\Android_Project\group_project\COMP-7506-Secondary-Market\Java_Backend)
2023-04-18 21:46:03,591 INFO [main][StartupInfoLogger.java:55] - Starting SecondHandTransactionApplication on DESKTOP-3QO7P5A with PID 8604 (D:\Android_Project\group_project\COMP-7506-Secondary-Market\Java_Backend\target\classes started by huweiyan in D:\Android_Project\group_project\COMP-7506-Secondary-Market\Java_Backend)
2023-04-18 21:46:03,603 DEBUG [main][StartupInfoLogger.java:56] - Running with Spring Boot v2.3.3.RELEASE, Spring v5.2.8.RELEASE
2023-04-18 21:46:03,603 DEBUG [main][StartupInfoLogger.java:56] - Running with Spring Boot v2.3.3.RELEASE, Spring v5.2.8.RELEASE
2023-04-18 21:46:03,604 INFO [main][SpringApplication.java:651] - No active profile set, falling back to default profiles: default
2023-04-18 21:46:03,604 INFO [main][SpringApplication.java:651] - No active profile set, falling back to default profiles: default
2023-04-18 21:46:04,040 DEBUG [main][MybatisPlusAutoConfiguration.java:278] - Searching for mappers annotated with @Mapper
2023-04-18 21:46:04,040 DEBUG [main][MybatisPlusAutoConfiguration.java:278] - Searching for mappers annotated with @Mapper
2023-04-18 21:46:04,041 DEBUG [main][MybatisPlusAutoConfiguration.java:282] - Using auto-configuration base package 'com.transaction'
2023-04-18 21:46:04,041 DEBUG [main][MybatisPlusAutoConfiguration.java:282] - Using auto-configuration base package 'com.transaction'
2023-04-18 21:46:04,120 DEBUG [main][LogFactory.java:105] - Logging initialized using 'class org.apache.ibatis.logging.slf4j.Slf4jImpl' adapter.
2023-04-18 21:46:04,120 DEBUG [main][LogFactory.java:105] - Logging initialized using 'class org.apache.ibatis.logging.slf4j.Slf4jImpl' adapter.
2023-04-18 21:46:04,427 INFO [main][TomcatWebServer.java:108] - Tomcat initialized with port(s): 9012 (http)
2023-04-18 21:46:04,427 INFO [main][TomcatWebServer.java:108] - Tomcat initialized with port(s): 9012 (http)
2023-04-18 21:46:04,435 INFO [main][DirectJDKLog.java:173] - Initializing ProtocolHandler ["http-nio-9012"]
2023-04-18 21:46:04,435 INFO [main][DirectJDKLog.java:173] - Initializing ProtocolHandler ["http-nio-9012"]
2023-04-18 21:46:04,435 INFO [main][DirectJDKLog.java:173] - Starting service [Tomcat]
2023-04-18 21:46:04,435 INFO [main][DirectJDKLog.java:173] - Starting service [Tomcat]
2023-04-18 21:46:04,436 INFO [main][DirectJDKLog.java:173] - Starting Servlet engine: [Apache Tomcat/9.0.37]
2023-04-18 21:46:04,436 INFO [main][DirectJDKLog.java:173] - Starting Servlet engine: [Apache Tomcat/9.0.37]
2023-04-18 21:46:04,504 INFO [main][DirectJDKLog.java:173] - Initializing Spring embedded WebApplicationContext
2023-04-18 21:46:04,504 INFO [main][DirectJDKLog.java:173] - Initializing Spring embedded WebApplicationContext
2023-04-18 21:46:04,505 INFO [main][ServletWebServerApplicationContext.java:285] - Root WebApplicationContext: initialization completed in 860 ms
2023-04-18 21:46:04,505 INFO [main][ServletWebServerApplicationContext.java:285] - Root WebApplicationContext: initialization completed in 860 ms
2023-04-18 21:46:04,585 DEBUG [main][HikariConfig.java:946] - Driver class com.mysql.cj.jdbc.Driver found in Thread context class loader jdk.internal.loader.ClassLoaders$AppClassLoader@66d3c617
2023-04-18 21:46:04,585 DEBUG [main][HikariConfig.java:946] - Driver class com.mysql.cj.jdbc.Driver found in Thread context class loader jdk.internal.loader.ClassLoaders$AppClassLoader@66d3c617
2023-04-18 21:46:04,641 DEBUG [main][Logger.java:49] - Property 'mapperLocations' was not specified.
2023-04-18 21:46:04,641 DEBUG [main][Logger.java:49] - Property 'mapperLocations' was not specified.
2023-04-18 21:46:04,742 DEBUG [main][MybatisConfiguration.java:128] - addMappedStatement: com.transaction.mapper.ItemsMapper.selectAllItems
2023-04-18 21:46:04,742 DEBUG [main][MybatisConfiguration.java:128] - addMappedStatement: com.transaction.mapper.ItemsMapper.selectAllItems
2023-04-18 21:46:04,767 DEBUG [main][MybatisConfiguration.java:128] - addMappedStatement: com.transaction.mapper.ItemsMapper.insert
2023-04-18 21:46:04,767 DEBUG [main][MybatisConfiguration.java:128] - addMappedStatement: com.transaction.mapper.ItemsMapper.insert
2023-04-18 21:46:04,772 DEBUG [main][MybatisConfiguration.java:128] - addMappedStatement: com.transaction.mapper.ItemsMapper.delete
2023-04-18 21:46:04,772 DEBUG [main][MybatisConfiguration.java:128] - addMappedStatement: com.transaction.mapper.ItemsMapper.delete
2023-04-18 21:46:04,774 DEBUG [main][MybatisConfiguration.java:128] - addMappedStatement: com.transaction.mapper.ItemsMapper.deleteByMap
2023-04-18 21:46:04,774 DEBUG [main][MybatisConfiguration.java:128] - addMappedStatement: com.transaction.mapper.ItemsMapper.deleteByMap
2023-04-18 21:46:04,790 DEBUG [main][MybatisConfiguration.java:128] - addMappedStatement: com.transaction.mapper.ItemsMapper.deleteById
2023-04-18 21:46:04,790 DEBUG [main][MybatisConfiguration.java:128] - addMappedStatement: com.transaction.mapper.ItemsMapper.deleteById
2023-04-18 21:46:04,791 DEBUG [main][MybatisConfiguration.java:128] - addMappedStatement: com.transaction.mapper.ItemsMapper.deleteBatchIds
2023-04-18 21:46:04,791 DEBUG [main][MybatisConfiguration.java:128] - addMappedStatement: com.transaction.mapper.ItemsMapper.deleteBatchIds
2023-04-18 21:46:04,796 DEBUG [main][MybatisConfiguration.java:128] - addMappedStatement: com.transaction.mapper.ItemsMapper.update
2023-04-18 21:46:04,796 DEBUG [main][MybatisConfiguration.java:128] - addMappedStatement: com.transaction.mapper.ItemsMapper.update
2023-04-18 21:46:04,798 DEBUG [main][MybatisConfiguration.java:128] - addMappedStatement: com.transaction.mapper.ItemsMapper.updateById
2023-04-18 21:46:04,798 DEBUG [main][MybatisConfiguration.java:128] - addMappedStatement: com.transaction.mapper.ItemsMapper.updateById
2023-04-18 21:46:04,799 DEBUG [main][MybatisConfiguration.java:128] - addMappedStatement: com.transaction.mapper.ItemsMapper.selectById
2023-04-18 21:46:04,799 DEBUG [main][MybatisConfiguration.java:128] - addMappedStatement: com.transaction.mapper.ItemsMapper.selectById
2023-04-18 21:46:04,801 DEBUG [main][MybatisConfiguration.java:128] - addMappedStatement: com.transaction.mapper.ItemsMapper.selectBatchIds
2023-04-18 21:46:04,801 DEBUG [main][MybatisConfiguration.java:128] - addMappedStatement: com.transaction.mapper.ItemsMapper.selectBatchIds
2023-04-18 21:46:04,802 DEBUG [main][MybatisConfiguration.java:128] - addMappedStatement: com.transaction.mapper.ItemsMapper.selectByMap
2023-04-18 21:46:04,802 DEBUG [main][MybatisConfiguration.java:128] - addMappedStatement: com.transaction.mapper.ItemsMapper.selectByMap
2023-04-18 21:46:04,810 DEBUG [main][MybatisConfiguration.java:128] - addMappedStatement: com.transaction.mapper.ItemsMapper.selectOne
2023-04-18 21:46:04,810 DEBUG [main][MybatisConfiguration.java:128] - addMappedStatement: com.transaction.mapper.ItemsMapper.selectOne
2023-04-18 21:46:04,813 DEBUG [main][MybatisConfiguration.java:128] - addMappedStatement: com.transaction.mapper.ItemsMapper.selectCount
2023-04-18 21:46:04,813 DEBUG [main][MybatisConfiguration.java:128] - addMappedStatement: com.transaction.mapper.ItemsMapper.selectCount
2023-04-18 21:46:04,816 DEBUG [main][MybatisConfiguration.java:128] - addMappedStatement: com.transaction.mapper.ItemsMapper.selectMaps
2023-04-18 21:46:04,816 DEBUG [main][MybatisConfiguration.java:128] - addMappedStatement: com.transaction.mapper.ItemsMapper.selectMaps
2023-04-18 21:46:04,819 DEBUG [main][MybatisConfiguration.java:128] - addMappedStatement: com.transaction.mapper.ItemsMapper.selectMapsPage
2023-04-18 21:46:04,819 DEBUG [main][MybatisConfiguration.java:128] - addMappedStatement: com.transaction.mapper.ItemsMapper.selectMapsPage
2023-04-18 21:46:04,822 DEBUG [main][MybatisConfiguration.java:128] - addMappedStatement: com.transaction.mapper.ItemsMapper.selectObjs
2023-04-18 21:46:04,822 DEBUG [main][MybatisConfiguration.java:128] - addMappedStatement: com.transaction.mapper.ItemsMapper.selectObjs
2023-04-18 21:46:04,825 DEBUG [main][MybatisConfiguration.java:128] - addMappedStatement: com.transaction.mapper.ItemsMapper.selectList
2023-04-18 21:46:04,825 DEBUG [main][MybatisConfiguration.java:128] - addMappedStatement: com.transaction.mapper.ItemsMapper.selectList
2023-04-18 21:46:04,827 DEBUG [main][MybatisConfiguration.java:128] - addMappedStatement: com.transaction.mapper.ItemsMapper.selectPage
2023-04-18 21:46:04,827 DEBUG [main][MybatisConfiguration.java:128] - addMappedStatement: com.transaction.mapper.ItemsMapper.selectPage
2023-04-18 21:46:04,924 INFO [main][ExecutorConfigurationSupport.java:181] - Initializing ExecutorService 'applicationTaskExecutor'
2023-04-18 21:46:04,924 INFO [main][ExecutorConfigurationSupport.java:181] - Initializing ExecutorService 'applicationTaskExecutor'
2023-04-18 21:46:05,009 DEBUG [main][MybatisPlusAutoConfiguration.java:314] - Not found configuration for registering mapper bean using @MapperScan, MapperFactoryBean and MapperScannerConfigurer.
2023-04-18 21:46:05,009 DEBUG [main][MybatisPlusAutoConfiguration.java:314] - Not found configuration for registering mapper bean using @MapperScan, MapperFactoryBean and MapperScannerConfigurer.
2023-04-18 21:46:05,067 INFO [main][DirectJDKLog.java:173] - Starting ProtocolHandler ["http-nio-9012"]
2023-04-18 21:46:05,067 INFO [main][DirectJDKLog.java:173] - Starting ProtocolHandler ["http-nio-9012"]
2023-04-18 21:46:05,104 INFO [main][TomcatWebServer.java:220] - Tomcat started on port(s): 9012 (http) with context path ''
2023-04-18 21:46:05,104 INFO [main][TomcatWebServer.java:220] - Tomcat started on port(s): 9012 (http) with context path ''
2023-04-18 21:46:05,114 INFO [main][StartupInfoLogger.java:61] - Started SecondHandTransactionApplication in 1.937 seconds (JVM running for 2.679)
2023-04-18 21:46:05,114 INFO [main][StartupInfoLogger.java:61] - Started SecondHandTransactionApplication in 1.937 seconds (JVM running for 2.679)
2023-04-18 21:46:13,904 INFO [http-nio-9012-exec-1][DirectJDKLog.java:173] - Initializing Spring DispatcherServlet 'dispatcherServlet'
2023-04-18 21:46:13,904 INFO [http-nio-9012-exec-1][DirectJDKLog.java:173] - Initializing Spring DispatcherServlet 'dispatcherServlet'
2023-04-18 21:46:13,905 INFO [http-nio-9012-exec-1][FrameworkServlet.java:525] - Initializing Servlet 'dispatcherServlet'
2023-04-18 21:46:13,905 INFO [http-nio-9012-exec-1][FrameworkServlet.java:525] - Initializing Servlet 'dispatcherServlet'
2023-04-18 21:46:13,912 INFO [http-nio-9012-exec-1][FrameworkServlet.java:547] - Completed initialization in 7 ms
2023-04-18 21:46:13,912 INFO [http-nio-9012-exec-1][FrameworkServlet.java:547] - Completed initialization in 7 ms
2023-04-18 21:46:13,979 WARN [http-nio-9012-exec-1][AbstractHandlerExceptionResolver.java:199] - Resolved [org.springframework.web.multipart.support.MissingServletRequestPartException: Required request part 'file' is not present]
2023-04-18 21:46:13,979 WARN [http-nio-9012-exec-1][AbstractHandlerExceptionResolver.java:199] - Resolved [org.springframework.web.multipart.support.MissingServletRequestPartException: Required request part 'file' is not present]
2023-04-18 21:59:46,849 ERROR [http-nio-9012-exec-6][DirectJDKLog.java:175] - Servlet.service() for servlet [dispatcherServlet] in context with path [] threw exception [Request processing failed; nested exception is org.springframework.web.multipart.MaxUploadSizeExceededException: Maximum upload size exceeded; nested exception is java.lang.IllegalStateException: org.apache.tomcat.util.http.fileupload.impl.FileSizeLimitExceededException: The field file exceeds its maximum permitted size of 1048576 bytes.] with root cause
org.apache.tomcat.util.http.fileupload.impl.FileSizeLimitExceededException: The field file exceeds its maximum permitted size of 1048576 bytes.
	at org.apache.tomcat.util.http.fileupload.impl.FileItemStreamImpl$1.raiseError(FileItemStreamImpl.java:112)
	at org.apache.tomcat.util.http.fileupload.util.LimitedInputStream.checkLimit(LimitedInputStream.java:76)
	at org.apache.tomcat.util.http.fileupload.util.LimitedInputStream.read(LimitedInputStream.java:135)
	at java.base/java.io.FilterInputStream.read(FilterInputStream.java:106)
	at org.apache.tomcat.util.http.fileupload.util.Streams.copy(Streams.java:98)
	at org.apache.tomcat.util.http.fileupload.FileUploadBase.parseRequest(FileUploadBase.java:293)
	at org.apache.catalina.connector.Request.parseParts(Request.java:2869)
	at org.apache.catalina.connector.Request.getParts(Request.java:2771)
	at org.apache.catalina.connector.RequestFacade.getParts(RequestFacade.java:1098)
	at org.springframework.web.multipart.support.StandardMultipartHttpServletRequest.parseRequest(StandardMultipartHttpServletRequest.java:95)
	at org.springframework.web.multipart.support.StandardMultipartHttpServletRequest.<init>(StandardMultipartHttpServletRequest.java:88)
	at org.springframework.web.multipart.support.StandardServletMultipartResolver.resolveMultipart(StandardServletMultipartResolver.java:87)
	at org.springframework.web.servlet.DispatcherServlet.checkMultipart(DispatcherServlet.java:1178)
	at org.springframework.web.servlet.DispatcherServlet.doDispatch(DispatcherServlet.java:1012)
	at org.springframework.web.servlet.DispatcherServlet.doService(DispatcherServlet.java:943)
	at org.springframework.web.servlet.FrameworkServlet.processRequest(FrameworkServlet.java:1006)
	at org.springframework.web.servlet.FrameworkServlet.doPost(FrameworkServlet.java:909)
	at javax.servlet.http.HttpServlet.service(HttpServlet.java:652)
	at org.springframework.web.servlet.FrameworkServlet.service(FrameworkServlet.java:883)
	at javax.servlet.http.HttpServlet.service(HttpServlet.java:733)
	at org.apache.catalina.core.ApplicationFilterChain.internalDoFilter(ApplicationFilterChain.java:231)
	at org.apache.catalina.core.ApplicationFilterChain.doFilter(ApplicationFilterChain.java:166)
	at org.apache.tomcat.websocket.server.WsFilter.doFilter(WsFilter.java:53)
	at org.apache.catalina.core.ApplicationFilterChain.internalDoFilter(ApplicationFilterChain.java:193)
	at org.apache.catalina.core.ApplicationFilterChain.doFilter(ApplicationFilterChain.java:166)
	at org.springframework.web.filter.CorsFilter.doFilterInternal(CorsFilter.java:92)
	at org.springframework.web.filter.OncePerRequestFilter.doFilter(OncePerRequestFilter.java:119)
	at org.apache.catalina.core.ApplicationFilterChain.internalDoFilter(ApplicationFilterChain.java:193)
	at org.apache.catalina.core.ApplicationFilterChain.doFilter(ApplicationFilterChain.java:166)
	at org.springframework.web.filter.RequestContextFilter.doFilterInternal(RequestContextFilter.java:100)
	at org.springframework.web.filter.OncePerRequestFilter.doFilter(OncePerRequestFilter.java:119)
	at org.apache.catalina.core.ApplicationFilterChain.internalDoFilter(ApplicationFilterChain.java:193)
	at org.apache.catalina.core.ApplicationFilterChain.doFilter(ApplicationFilterChain.java:166)
	at org.springframework.web.filter.FormContentFilter.doFilterInternal(FormContentFilter.java:93)
	at org.springframework.web.filter.OncePerRequestFilter.doFilter(OncePerRequestFilter.java:119)
	at org.apache.catalina.core.ApplicationFilterChain.internalDoFilter(ApplicationFilterChain.java:193)
	at org.apache.catalina.core.ApplicationFilterChain.doFilter(ApplicationFilterChain.java:166)
	at org.springframework.web.filter.CharacterEncodingFilter.doFilterInternal(CharacterEncodingFilter.java:201)
	at org.springframework.web.filter.OncePerRequestFilter.doFilter(OncePerRequestFilter.java:119)
	at org.apache.catalina.core.ApplicationFilterChain.internalDoFilter(ApplicationFilterChain.java:193)
	at org.apache.catalina.core.ApplicationFilterChain.doFilter(ApplicationFilterChain.java:166)
	at org.apache.catalina.core.StandardWrapperValve.invoke(StandardWrapperValve.java:202)
	at org.apache.catalina.core.StandardContextValve.invoke(StandardContextValve.java:96)
	at org.apache.catalina.authenticator.AuthenticatorBase.invoke(AuthenticatorBase.java:541)
	at org.apache.catalina.core.StandardHostValve.invoke(StandardHostValve.java:139)
	at org.apache.catalina.valves.ErrorReportValve.invoke(ErrorReportValve.java:92)
	at org.apache.catalina.core.StandardEngineValve.invoke(StandardEngineValve.java:74)
	at org.apache.catalina.connector.CoyoteAdapter.service(CoyoteAdapter.java:343)
	at org.apache.coyote.http11.Http11Processor.service(Http11Processor.java:373)
	at org.apache.coyote.AbstractProcessorLight.process(AbstractProcessorLight.java:65)
	at org.apache.coyote.AbstractProtocol$ConnectionHandler.process(AbstractProtocol.java:868)
	at org.apache.tomcat.util.net.NioEndpoint$SocketProcessor.doRun(NioEndpoint.java:1589)
	at org.apache.tomcat.util.net.SocketProcessorBase.run(SocketProcessorBase.java:49)
	at java.base/java.util.concurrent.ThreadPoolExecutor.runWorker(ThreadPoolExecutor.java:1130)
	at java.base/java.util.concurrent.ThreadPoolExecutor$Worker.run(ThreadPoolExecutor.java:630)
	at org.apache.tomcat.util.threads.TaskThread$WrappingRunnable.run(TaskThread.java:61)
	at java.base/java.lang.Thread.run(Thread.java:831)
2023-04-18 21:59:46,849 ERROR [http-nio-9012-exec-6][DirectJDKLog.java:175] - Servlet.service() for servlet [dispatcherServlet] in context with path [] threw exception [Request processing failed; nested exception is org.springframework.web.multipart.MaxUploadSizeExceededException: Maximum upload size exceeded; nested exception is java.lang.IllegalStateException: org.apache.tomcat.util.http.fileupload.impl.FileSizeLimitExceededException: The field file exceeds its maximum permitted size of 1048576 bytes.] with root cause
org.apache.tomcat.util.http.fileupload.impl.FileSizeLimitExceededException: The field file exceeds its maximum permitted size of 1048576 bytes.
	at org.apache.tomcat.util.http.fileupload.impl.FileItemStreamImpl$1.raiseError(FileItemStreamImpl.java:112)
	at org.apache.tomcat.util.http.fileupload.util.LimitedInputStream.checkLimit(LimitedInputStream.java:76)
	at org.apache.tomcat.util.http.fileupload.util.LimitedInputStream.read(LimitedInputStream.java:135)
	at java.base/java.io.FilterInputStream.read(FilterInputStream.java:106)
	at org.apache.tomcat.util.http.fileupload.util.Streams.copy(Streams.java:98)
	at org.apache.tomcat.util.http.fileupload.FileUploadBase.parseRequest(FileUploadBase.java:293)
	at org.apache.catalina.connector.Request.parseParts(Request.java:2869)
	at org.apache.catalina.connector.Request.getParts(Request.java:2771)
	at org.apache.catalina.connector.RequestFacade.getParts(RequestFacade.java:1098)
	at org.springframework.web.multipart.support.StandardMultipartHttpServletRequest.parseRequest(StandardMultipartHttpServletRequest.java:95)
	at org.springframework.web.multipart.support.StandardMultipartHttpServletRequest.<init>(StandardMultipartHttpServletRequest.java:88)
	at org.springframework.web.multipart.support.StandardServletMultipartResolver.resolveMultipart(StandardServletMultipartResolver.java:87)
	at org.springframework.web.servlet.DispatcherServlet.checkMultipart(DispatcherServlet.java:1178)
	at org.springframework.web.servlet.DispatcherServlet.doDispatch(DispatcherServlet.java:1012)
	at org.springframework.web.servlet.DispatcherServlet.doService(DispatcherServlet.java:943)
	at org.springframework.web.servlet.FrameworkServlet.processRequest(FrameworkServlet.java:1006)
	at org.springframework.web.servlet.FrameworkServlet.doPost(FrameworkServlet.java:909)
	at javax.servlet.http.HttpServlet.service(HttpServlet.java:652)
	at org.springframework.web.servlet.FrameworkServlet.service(FrameworkServlet.java:883)
	at javax.servlet.http.HttpServlet.service(HttpServlet.java:733)
	at org.apache.catalina.core.ApplicationFilterChain.internalDoFilter(ApplicationFilterChain.java:231)
	at org.apache.catalina.core.ApplicationFilterChain.doFilter(ApplicationFilterChain.java:166)
	at org.apache.tomcat.websocket.server.WsFilter.doFilter(WsFilter.java:53)
	at org.apache.catalina.core.ApplicationFilterChain.internalDoFilter(ApplicationFilterChain.java:193)
	at org.apache.catalina.core.ApplicationFilterChain.doFilter(ApplicationFilterChain.java:166)
	at org.springframework.web.filter.CorsFilter.doFilterInternal(CorsFilter.java:92)
	at org.springframework.web.filter.OncePerRequestFilter.doFilter(OncePerRequestFilter.java:119)
	at org.apache.catalina.core.ApplicationFilterChain.internalDoFilter(ApplicationFilterChain.java:193)
	at org.apache.catalina.core.ApplicationFilterChain.doFilter(ApplicationFilterChain.java:166)
	at org.springframework.web.filter.RequestContextFilter.doFilterInternal(RequestContextFilter.java:100)
	at org.springframework.web.filter.OncePerRequestFilter.doFilter(OncePerRequestFilter.java:119)
	at org.apache.catalina.core.ApplicationFilterChain.internalDoFilter(ApplicationFilterChain.java:193)
	at org.apache.catalina.core.ApplicationFilterChain.doFilter(ApplicationFilterChain.java:166)
	at org.springframework.web.filter.FormContentFilter.doFilterInternal(FormContentFilter.java:93)
	at org.springframework.web.filter.OncePerRequestFilter.doFilter(OncePerRequestFilter.java:119)
	at org.apache.catalina.core.ApplicationFilterChain.internalDoFilter(ApplicationFilterChain.java:193)
	at org.apache.catalina.core.ApplicationFilterChain.doFilter(ApplicationFilterChain.java:166)
	at org.springframework.web.filter.CharacterEncodingFilter.doFilterInternal(CharacterEncodingFilter.java:201)
	at org.springframework.web.filter.OncePerRequestFilter.doFilter(OncePerRequestFilter.java:119)
	at org.apache.catalina.core.ApplicationFilterChain.internalDoFilter(ApplicationFilterChain.java:193)
	at org.apache.catalina.core.ApplicationFilterChain.doFilter(ApplicationFilterChain.java:166)
	at org.apache.catalina.core.StandardWrapperValve.invoke(StandardWrapperValve.java:202)
	at org.apache.catalina.core.StandardContextValve.invoke(StandardContextValve.java:96)
	at org.apache.catalina.authenticator.AuthenticatorBase.invoke(AuthenticatorBase.java:541)
	at org.apache.catalina.core.StandardHostValve.invoke(StandardHostValve.java:139)
	at org.apache.catalina.valves.ErrorReportValve.invoke(ErrorReportValve.java:92)
	at org.apache.catalina.core.StandardEngineValve.invoke(StandardEngineValve.java:74)
	at org.apache.catalina.connector.CoyoteAdapter.service(CoyoteAdapter.java:343)
	at org.apache.coyote.http11.Http11Processor.service(Http11Processor.java:373)
	at org.apache.coyote.AbstractProcessorLight.process(AbstractProcessorLight.java:65)
	at org.apache.coyote.AbstractProtocol$ConnectionHandler.process(AbstractProtocol.java:868)
	at org.apache.tomcat.util.net.NioEndpoint$SocketProcessor.doRun(NioEndpoint.java:1589)
	at org.apache.tomcat.util.net.SocketProcessorBase.run(SocketProcessorBase.java:49)
	at java.base/java.util.concurrent.ThreadPoolExecutor.runWorker(ThreadPoolExecutor.java:1130)
	at java.base/java.util.concurrent.ThreadPoolExecutor$Worker.run(ThreadPoolExecutor.java:630)
	at org.apache.tomcat.util.threads.TaskThread$WrappingRunnable.run(TaskThread.java:61)
	at java.base/java.lang.Thread.run(Thread.java:831)
