2023-04-19 12:53:23,285 INFO [main][StartupInfoLogger.java:55] - Starting SecondHandTransactionApplication on DESKTOP-3QO7P5A with PID 27584 (D:\Android_Project\group_project\COMP-7506-Secondary-Market\Java_Backend\target\classes started by huweiyan in D:\Android_Project\group_project\COMP-7506-Secondary-Market\Java_Backend)
2023-04-19 12:53:23,285 INFO [main][StartupInfoLogger.java:55] - Starting SecondHandTransactionApplication on DESKTOP-3QO7P5A with PID 27584 (D:\Android_Project\group_project\COMP-7506-Secondary-Market\Java_Backend\target\classes started by huweiyan in D:\Android_Project\group_project\COMP-7506-Secondary-Market\Java_Backend)
2023-04-19 12:53:23,320 DEBUG [main][StartupInfoLogger.java:56] - Running with Spring Boot v2.3.3.RELEASE, Spring v5.2.8.RELEASE
2023-04-19 12:53:23,320 DEBUG [main][StartupInfoLogger.java:56] - Running with Spring Boot v2.3.3.RELEASE, Spring v5.2.8.RELEASE
2023-04-19 12:53:23,322 INFO [main][SpringApplication.java:651] - No active profile set, falling back to default profiles: default
2023-04-19 12:53:23,322 INFO [main][SpringApplication.java:651] - No active profile set, falling back to default profiles: default
2023-04-19 12:53:24,059 DEBUG [main][MybatisPlusAutoConfiguration.java:278] - Searching for mappers annotated with @Mapper
2023-04-19 12:53:24,059 DEBUG [main][MybatisPlusAutoConfiguration.java:278] - Searching for mappers annotated with @Mapper
2023-04-19 12:53:24,060 DEBUG [main][MybatisPlusAutoConfiguration.java:282] - Using auto-configuration base package 'com.transaction'
2023-04-19 12:53:24,060 DEBUG [main][MybatisPlusAutoConfiguration.java:282] - Using auto-configuration base package 'com.transaction'
2023-04-19 12:53:24,154 DEBUG [main][LogFactory.java:105] - Logging initialized using 'class org.apache.ibatis.logging.slf4j.Slf4jImpl' adapter.
2023-04-19 12:53:24,154 DEBUG [main][LogFactory.java:105] - Logging initialized using 'class org.apache.ibatis.logging.slf4j.Slf4jImpl' adapter.
2023-04-19 12:53:24,659 INFO [main][TomcatWebServer.java:108] - Tomcat initialized with port(s): 9012 (http)
2023-04-19 12:53:24,659 INFO [main][TomcatWebServer.java:108] - Tomcat initialized with port(s): 9012 (http)
2023-04-19 12:53:24,672 INFO [main][DirectJDKLog.java:173] - Initializing ProtocolHandler ["http-nio-9012"]
2023-04-19 12:53:24,672 INFO [main][DirectJDKLog.java:173] - Initializing ProtocolHandler ["http-nio-9012"]
2023-04-19 12:53:24,672 INFO [main][DirectJDKLog.java:173] - Starting service [Tomcat]
2023-04-19 12:53:24,672 INFO [main][DirectJDKLog.java:173] - Starting service [Tomcat]
2023-04-19 12:53:24,673 INFO [main][DirectJDKLog.java:173] - Starting Servlet engine: [Apache Tomcat/9.0.37]
2023-04-19 12:53:24,673 INFO [main][DirectJDKLog.java:173] - Starting Servlet engine: [Apache Tomcat/9.0.37]
2023-04-19 12:53:24,767 INFO [main][DirectJDKLog.java:173] - Initializing Spring embedded WebApplicationContext
2023-04-19 12:53:24,767 INFO [main][DirectJDKLog.java:173] - Initializing Spring embedded WebApplicationContext
2023-04-19 12:53:24,768 INFO [main][ServletWebServerApplicationContext.java:285] - Root WebApplicationContext: initialization completed in 1387 ms
2023-04-19 12:53:24,768 INFO [main][ServletWebServerApplicationContext.java:285] - Root WebApplicationContext: initialization completed in 1387 ms
2023-04-19 12:53:24,887 DEBUG [main][HikariConfig.java:946] - Driver class com.mysql.cj.jdbc.Driver found in Thread context class loader jdk.internal.loader.ClassLoaders$AppClassLoader@66d3c617
2023-04-19 12:53:24,887 DEBUG [main][HikariConfig.java:946] - Driver class com.mysql.cj.jdbc.Driver found in Thread context class loader jdk.internal.loader.ClassLoaders$AppClassLoader@66d3c617
2023-04-19 12:53:24,962 DEBUG [main][Logger.java:49] - Property 'mapperLocations' was not specified.
2023-04-19 12:53:24,962 DEBUG [main][Logger.java:49] - Property 'mapperLocations' was not specified.
2023-04-19 12:53:25,157 DEBUG [main][MybatisConfiguration.java:128] - addMappedStatement: com.transaction.mapper.ItemsMapper.selectAllItems
2023-04-19 12:53:25,157 DEBUG [main][MybatisConfiguration.java:128] - addMappedStatement: com.transaction.mapper.ItemsMapper.selectAllItems
2023-04-19 12:53:25,185 DEBUG [main][MybatisConfiguration.java:128] - addMappedStatement: com.transaction.mapper.ItemsMapper.insert
2023-04-19 12:53:25,185 DEBUG [main][MybatisConfiguration.java:128] - addMappedStatement: com.transaction.mapper.ItemsMapper.insert
2023-04-19 12:53:25,190 DEBUG [main][MybatisConfiguration.java:128] - addMappedStatement: com.transaction.mapper.ItemsMapper.delete
2023-04-19 12:53:25,190 DEBUG [main][MybatisConfiguration.java:128] - addMappedStatement: com.transaction.mapper.ItemsMapper.delete
2023-04-19 12:53:25,192 DEBUG [main][MybatisConfiguration.java:128] - addMappedStatement: com.transaction.mapper.ItemsMapper.deleteByMap
2023-04-19 12:53:25,192 DEBUG [main][MybatisConfiguration.java:128] - addMappedStatement: com.transaction.mapper.ItemsMapper.deleteByMap
2023-04-19 12:53:25,212 DEBUG [main][MybatisConfiguration.java:128] - addMappedStatement: com.transaction.mapper.ItemsMapper.deleteById
2023-04-19 12:53:25,212 DEBUG [main][MybatisConfiguration.java:128] - addMappedStatement: com.transaction.mapper.ItemsMapper.deleteById
2023-04-19 12:53:25,214 DEBUG [main][MybatisConfiguration.java:128] - addMappedStatement: com.transaction.mapper.ItemsMapper.deleteBatchIds
2023-04-19 12:53:25,214 DEBUG [main][MybatisConfiguration.java:128] - addMappedStatement: com.transaction.mapper.ItemsMapper.deleteBatchIds
2023-04-19 12:53:25,219 DEBUG [main][MybatisConfiguration.java:128] - addMappedStatement: com.transaction.mapper.ItemsMapper.update
2023-04-19 12:53:25,219 DEBUG [main][MybatisConfiguration.java:128] - addMappedStatement: com.transaction.mapper.ItemsMapper.update
2023-04-19 12:53:25,220 DEBUG [main][MybatisConfiguration.java:128] - addMappedStatement: com.transaction.mapper.ItemsMapper.updateById
2023-04-19 12:53:25,220 DEBUG [main][MybatisConfiguration.java:128] - addMappedStatement: com.transaction.mapper.ItemsMapper.updateById
2023-04-19 12:53:25,222 DEBUG [main][MybatisConfiguration.java:128] - addMappedStatement: com.transaction.mapper.ItemsMapper.selectById
2023-04-19 12:53:25,222 DEBUG [main][MybatisConfiguration.java:128] - addMappedStatement: com.transaction.mapper.ItemsMapper.selectById
2023-04-19 12:53:25,224 DEBUG [main][MybatisConfiguration.java:128] - addMappedStatement: com.transaction.mapper.ItemsMapper.selectBatchIds
2023-04-19 12:53:25,224 DEBUG [main][MybatisConfiguration.java:128] - addMappedStatement: com.transaction.mapper.ItemsMapper.selectBatchIds
2023-04-19 12:53:25,226 DEBUG [main][MybatisConfiguration.java:128] - addMappedStatement: com.transaction.mapper.ItemsMapper.selectByMap
2023-04-19 12:53:25,226 DEBUG [main][MybatisConfiguration.java:128] - addMappedStatement: com.transaction.mapper.ItemsMapper.selectByMap
2023-04-19 12:53:25,229 DEBUG [main][MybatisConfiguration.java:128] - addMappedStatement: com.transaction.mapper.ItemsMapper.selectOne
2023-04-19 12:53:25,229 DEBUG [main][MybatisConfiguration.java:128] - addMappedStatement: com.transaction.mapper.ItemsMapper.selectOne
2023-04-19 12:53:25,232 DEBUG [main][MybatisConfiguration.java:128] - addMappedStatement: com.transaction.mapper.ItemsMapper.selectCount
2023-04-19 12:53:25,232 DEBUG [main][MybatisConfiguration.java:128] - addMappedStatement: com.transaction.mapper.ItemsMapper.selectCount
2023-04-19 12:53:25,235 DEBUG [main][MybatisConfiguration.java:128] - addMappedStatement: com.transaction.mapper.ItemsMapper.selectMaps
2023-04-19 12:53:25,235 DEBUG [main][MybatisConfiguration.java:128] - addMappedStatement: com.transaction.mapper.ItemsMapper.selectMaps
2023-04-19 12:53:25,238 DEBUG [main][MybatisConfiguration.java:128] - addMappedStatement: com.transaction.mapper.ItemsMapper.selectMapsPage
2023-04-19 12:53:25,238 DEBUG [main][MybatisConfiguration.java:128] - addMappedStatement: com.transaction.mapper.ItemsMapper.selectMapsPage
2023-04-19 12:53:25,242 DEBUG [main][MybatisConfiguration.java:128] - addMappedStatement: com.transaction.mapper.ItemsMapper.selectObjs
2023-04-19 12:53:25,242 DEBUG [main][MybatisConfiguration.java:128] - addMappedStatement: com.transaction.mapper.ItemsMapper.selectObjs
2023-04-19 12:53:25,246 DEBUG [main][MybatisConfiguration.java:128] - addMappedStatement: com.transaction.mapper.ItemsMapper.selectList
2023-04-19 12:53:25,246 DEBUG [main][MybatisConfiguration.java:128] - addMappedStatement: com.transaction.mapper.ItemsMapper.selectList
2023-04-19 12:53:25,249 DEBUG [main][MybatisConfiguration.java:128] - addMappedStatement: com.transaction.mapper.ItemsMapper.selectPage
2023-04-19 12:53:25,249 DEBUG [main][MybatisConfiguration.java:128] - addMappedStatement: com.transaction.mapper.ItemsMapper.selectPage
2023-04-19 12:53:25,263 DEBUG [main][MybatisConfiguration.java:128] - addMappedStatement: com.transaction.mapper.UsersMapper.insert
2023-04-19 12:53:25,263 DEBUG [main][MybatisConfiguration.java:128] - addMappedStatement: com.transaction.mapper.UsersMapper.insert
2023-04-19 12:53:25,265 DEBUG [main][MybatisConfiguration.java:128] - addMappedStatement: com.transaction.mapper.UsersMapper.delete
2023-04-19 12:53:25,265 DEBUG [main][MybatisConfiguration.java:128] - addMappedStatement: com.transaction.mapper.UsersMapper.delete
2023-04-19 12:53:25,267 DEBUG [main][MybatisConfiguration.java:128] - addMappedStatement: com.transaction.mapper.UsersMapper.deleteByMap
2023-04-19 12:53:25,267 DEBUG [main][MybatisConfiguration.java:128] - addMappedStatement: com.transaction.mapper.UsersMapper.deleteByMap
2023-04-19 12:53:25,268 DEBUG [main][MybatisConfiguration.java:128] - addMappedStatement: com.transaction.mapper.UsersMapper.deleteById
2023-04-19 12:53:25,268 DEBUG [main][MybatisConfiguration.java:128] - addMappedStatement: com.transaction.mapper.UsersMapper.deleteById
2023-04-19 12:53:25,270 DEBUG [main][MybatisConfiguration.java:128] - addMappedStatement: com.transaction.mapper.UsersMapper.deleteBatchIds
2023-04-19 12:53:25,270 DEBUG [main][MybatisConfiguration.java:128] - addMappedStatement: com.transaction.mapper.UsersMapper.deleteBatchIds
2023-04-19 12:53:25,272 DEBUG [main][MybatisConfiguration.java:128] - addMappedStatement: com.transaction.mapper.UsersMapper.update
2023-04-19 12:53:25,272 DEBUG [main][MybatisConfiguration.java:128] - addMappedStatement: com.transaction.mapper.UsersMapper.update
2023-04-19 12:53:25,275 DEBUG [main][MybatisConfiguration.java:128] - addMappedStatement: com.transaction.mapper.UsersMapper.updateById
2023-04-19 12:53:25,275 DEBUG [main][MybatisConfiguration.java:128] - addMappedStatement: com.transaction.mapper.UsersMapper.updateById
2023-04-19 12:53:25,275 DEBUG [main][MybatisConfiguration.java:128] - addMappedStatement: com.transaction.mapper.UsersMapper.selectById
2023-04-19 12:53:25,275 DEBUG [main][MybatisConfiguration.java:128] - addMappedStatement: com.transaction.mapper.UsersMapper.selectById
2023-04-19 12:53:25,277 DEBUG [main][MybatisConfiguration.java:128] - addMappedStatement: com.transaction.mapper.UsersMapper.selectBatchIds
2023-04-19 12:53:25,277 DEBUG [main][MybatisConfiguration.java:128] - addMappedStatement: com.transaction.mapper.UsersMapper.selectBatchIds
2023-04-19 12:53:25,279 DEBUG [main][MybatisConfiguration.java:128] - addMappedStatement: com.transaction.mapper.UsersMapper.selectByMap
2023-04-19 12:53:25,279 DEBUG [main][MybatisConfiguration.java:128] - addMappedStatement: com.transaction.mapper.UsersMapper.selectByMap
2023-04-19 12:53:25,282 DEBUG [main][MybatisConfiguration.java:128] - addMappedStatement: com.transaction.mapper.UsersMapper.selectOne
2023-04-19 12:53:25,282 DEBUG [main][MybatisConfiguration.java:128] - addMappedStatement: com.transaction.mapper.UsersMapper.selectOne
2023-04-19 12:53:25,284 DEBUG [main][MybatisConfiguration.java:128] - addMappedStatement: com.transaction.mapper.UsersMapper.selectCount
2023-04-19 12:53:25,284 DEBUG [main][MybatisConfiguration.java:128] - addMappedStatement: com.transaction.mapper.UsersMapper.selectCount
2023-04-19 12:53:25,287 DEBUG [main][MybatisConfiguration.java:128] - addMappedStatement: com.transaction.mapper.UsersMapper.selectMaps
2023-04-19 12:53:25,287 DEBUG [main][MybatisConfiguration.java:128] - addMappedStatement: com.transaction.mapper.UsersMapper.selectMaps
2023-04-19 12:53:25,289 DEBUG [main][MybatisConfiguration.java:128] - addMappedStatement: com.transaction.mapper.UsersMapper.selectMapsPage
2023-04-19 12:53:25,289 DEBUG [main][MybatisConfiguration.java:128] - addMappedStatement: com.transaction.mapper.UsersMapper.selectMapsPage
2023-04-19 12:53:25,291 DEBUG [main][MybatisConfiguration.java:128] - addMappedStatement: com.transaction.mapper.UsersMapper.selectObjs
2023-04-19 12:53:25,291 DEBUG [main][MybatisConfiguration.java:128] - addMappedStatement: com.transaction.mapper.UsersMapper.selectObjs
2023-04-19 12:53:25,294 DEBUG [main][MybatisConfiguration.java:128] - addMappedStatement: com.transaction.mapper.UsersMapper.selectList
2023-04-19 12:53:25,294 DEBUG [main][MybatisConfiguration.java:128] - addMappedStatement: com.transaction.mapper.UsersMapper.selectList
2023-04-19 12:53:25,296 DEBUG [main][MybatisConfiguration.java:128] - addMappedStatement: com.transaction.mapper.UsersMapper.selectPage
2023-04-19 12:53:25,296 DEBUG [main][MybatisConfiguration.java:128] - addMappedStatement: com.transaction.mapper.UsersMapper.selectPage
2023-04-19 12:53:25,412 INFO [main][ExecutorConfigurationSupport.java:181] - Initializing ExecutorService 'applicationTaskExecutor'
2023-04-19 12:53:25,412 INFO [main][ExecutorConfigurationSupport.java:181] - Initializing ExecutorService 'applicationTaskExecutor'
2023-04-19 12:53:25,523 DEBUG [main][MybatisPlusAutoConfiguration.java:314] - Not found configuration for registering mapper bean using @MapperScan, MapperFactoryBean and MapperScannerConfigurer.
2023-04-19 12:53:25,523 DEBUG [main][MybatisPlusAutoConfiguration.java:314] - Not found configuration for registering mapper bean using @MapperScan, MapperFactoryBean and MapperScannerConfigurer.
2023-04-19 12:53:25,607 INFO [main][DirectJDKLog.java:173] - Starting ProtocolHandler ["http-nio-9012"]
2023-04-19 12:53:25,607 INFO [main][DirectJDKLog.java:173] - Starting ProtocolHandler ["http-nio-9012"]
2023-04-19 12:53:25,652 INFO [main][TomcatWebServer.java:220] - Tomcat started on port(s): 9012 (http) with context path ''
2023-04-19 12:53:25,652 INFO [main][TomcatWebServer.java:220] - Tomcat started on port(s): 9012 (http) with context path ''
2023-04-19 12:53:25,664 INFO [main][StartupInfoLogger.java:61] - Started SecondHandTransactionApplication in 3.336 seconds (JVM running for 4.511)
2023-04-19 12:53:25,664 INFO [main][StartupInfoLogger.java:61] - Started SecondHandTransactionApplication in 3.336 seconds (JVM running for 4.511)
2023-04-19 12:54:23,166 INFO [main][StartupInfoLogger.java:55] - Starting SecondHandTransactionApplication on DESKTOP-3QO7P5A with PID 14220 (D:\Android_Project\group_project\COMP-7506-Secondary-Market\Java_Backend\target\classes started by huweiyan in D:\Android_Project\group_project\COMP-7506-Secondary-Market\Java_Backend)
2023-04-19 12:54:23,166 INFO [main][StartupInfoLogger.java:55] - Starting SecondHandTransactionApplication on DESKTOP-3QO7P5A with PID 14220 (D:\Android_Project\group_project\COMP-7506-Secondary-Market\Java_Backend\target\classes started by huweiyan in D:\Android_Project\group_project\COMP-7506-Secondary-Market\Java_Backend)
2023-04-19 12:54:23,177 DEBUG [main][StartupInfoLogger.java:56] - Running with Spring Boot v2.3.3.RELEASE, Spring v5.2.8.RELEASE
2023-04-19 12:54:23,177 DEBUG [main][StartupInfoLogger.java:56] - Running with Spring Boot v2.3.3.RELEASE, Spring v5.2.8.RELEASE
2023-04-19 12:54:23,178 INFO [main][SpringApplication.java:651] - No active profile set, falling back to default profiles: default
2023-04-19 12:54:23,178 INFO [main][SpringApplication.java:651] - No active profile set, falling back to default profiles: default
2023-04-19 12:54:23,656 DEBUG [main][MybatisPlusAutoConfiguration.java:278] - Searching for mappers annotated with @Mapper
2023-04-19 12:54:23,656 DEBUG [main][MybatisPlusAutoConfiguration.java:278] - Searching for mappers annotated with @Mapper
2023-04-19 12:54:23,657 DEBUG [main][MybatisPlusAutoConfiguration.java:282] - Using auto-configuration base package 'com.transaction'
2023-04-19 12:54:23,657 DEBUG [main][MybatisPlusAutoConfiguration.java:282] - Using auto-configuration base package 'com.transaction'
2023-04-19 12:54:23,737 DEBUG [main][LogFactory.java:105] - Logging initialized using 'class org.apache.ibatis.logging.slf4j.Slf4jImpl' adapter.
2023-04-19 12:54:23,737 DEBUG [main][LogFactory.java:105] - Logging initialized using 'class org.apache.ibatis.logging.slf4j.Slf4jImpl' adapter.
2023-04-19 12:54:24,045 INFO [main][TomcatWebServer.java:108] - Tomcat initialized with port(s): 9012 (http)
2023-04-19 12:54:24,045 INFO [main][TomcatWebServer.java:108] - Tomcat initialized with port(s): 9012 (http)
2023-04-19 12:54:24,053 INFO [main][DirectJDKLog.java:173] - Initializing ProtocolHandler ["http-nio-9012"]
2023-04-19 12:54:24,053 INFO [main][DirectJDKLog.java:173] - Initializing ProtocolHandler ["http-nio-9012"]
2023-04-19 12:54:24,054 INFO [main][DirectJDKLog.java:173] - Starting service [Tomcat]
2023-04-19 12:54:24,054 INFO [main][DirectJDKLog.java:173] - Starting service [Tomcat]
2023-04-19 12:54:24,055 INFO [main][DirectJDKLog.java:173] - Starting Servlet engine: [Apache Tomcat/9.0.37]
2023-04-19 12:54:24,055 INFO [main][DirectJDKLog.java:173] - Starting Servlet engine: [Apache Tomcat/9.0.37]
2023-04-19 12:54:24,123 INFO [main][DirectJDKLog.java:173] - Initializing Spring embedded WebApplicationContext
2023-04-19 12:54:24,123 INFO [main][DirectJDKLog.java:173] - Initializing Spring embedded WebApplicationContext
2023-04-19 12:54:24,124 INFO [main][ServletWebServerApplicationContext.java:285] - Root WebApplicationContext: initialization completed in 905 ms
2023-04-19 12:54:24,124 INFO [main][ServletWebServerApplicationContext.java:285] - Root WebApplicationContext: initialization completed in 905 ms
2023-04-19 12:54:24,203 DEBUG [main][HikariConfig.java:946] - Driver class com.mysql.cj.jdbc.Driver found in Thread context class loader jdk.internal.loader.ClassLoaders$AppClassLoader@66d3c617
2023-04-19 12:54:24,203 DEBUG [main][HikariConfig.java:946] - Driver class com.mysql.cj.jdbc.Driver found in Thread context class loader jdk.internal.loader.ClassLoaders$AppClassLoader@66d3c617
2023-04-19 12:54:24,257 DEBUG [main][Logger.java:49] - Property 'mapperLocations' was not specified.
2023-04-19 12:54:24,257 DEBUG [main][Logger.java:49] - Property 'mapperLocations' was not specified.
2023-04-19 12:54:24,368 DEBUG [main][MybatisConfiguration.java:128] - addMappedStatement: com.transaction.mapper.ItemsMapper.selectAllItems
2023-04-19 12:54:24,368 DEBUG [main][MybatisConfiguration.java:128] - addMappedStatement: com.transaction.mapper.ItemsMapper.selectAllItems
2023-04-19 12:54:24,392 DEBUG [main][MybatisConfiguration.java:128] - addMappedStatement: com.transaction.mapper.ItemsMapper.insert
2023-04-19 12:54:24,392 DEBUG [main][MybatisConfiguration.java:128] - addMappedStatement: com.transaction.mapper.ItemsMapper.insert
2023-04-19 12:54:24,397 DEBUG [main][MybatisConfiguration.java:128] - addMappedStatement: com.transaction.mapper.ItemsMapper.delete
2023-04-19 12:54:24,397 DEBUG [main][MybatisConfiguration.java:128] - addMappedStatement: com.transaction.mapper.ItemsMapper.delete
2023-04-19 12:54:24,399 DEBUG [main][MybatisConfiguration.java:128] - addMappedStatement: com.transaction.mapper.ItemsMapper.deleteByMap
2023-04-19 12:54:24,399 DEBUG [main][MybatisConfiguration.java:128] - addMappedStatement: com.transaction.mapper.ItemsMapper.deleteByMap
2023-04-19 12:54:24,417 DEBUG [main][MybatisConfiguration.java:128] - addMappedStatement: com.transaction.mapper.ItemsMapper.deleteById
2023-04-19 12:54:24,417 DEBUG [main][MybatisConfiguration.java:128] - addMappedStatement: com.transaction.mapper.ItemsMapper.deleteById
2023-04-19 12:54:24,419 DEBUG [main][MybatisConfiguration.java:128] - addMappedStatement: com.transaction.mapper.ItemsMapper.deleteBatchIds
2023-04-19 12:54:24,419 DEBUG [main][MybatisConfiguration.java:128] - addMappedStatement: com.transaction.mapper.ItemsMapper.deleteBatchIds
2023-04-19 12:54:24,424 DEBUG [main][MybatisConfiguration.java:128] - addMappedStatement: com.transaction.mapper.ItemsMapper.update
2023-04-19 12:54:24,424 DEBUG [main][MybatisConfiguration.java:128] - addMappedStatement: com.transaction.mapper.ItemsMapper.update
2023-04-19 12:54:24,426 DEBUG [main][MybatisConfiguration.java:128] - addMappedStatement: com.transaction.mapper.ItemsMapper.updateById
2023-04-19 12:54:24,426 DEBUG [main][MybatisConfiguration.java:128] - addMappedStatement: com.transaction.mapper.ItemsMapper.updateById
2023-04-19 12:54:24,427 DEBUG [main][MybatisConfiguration.java:128] - addMappedStatement: com.transaction.mapper.ItemsMapper.selectById
2023-04-19 12:54:24,427 DEBUG [main][MybatisConfiguration.java:128] - addMappedStatement: com.transaction.mapper.ItemsMapper.selectById
2023-04-19 12:54:24,428 DEBUG [main][MybatisConfiguration.java:128] - addMappedStatement: com.transaction.mapper.ItemsMapper.selectBatchIds
2023-04-19 12:54:24,428 DEBUG [main][MybatisConfiguration.java:128] - addMappedStatement: com.transaction.mapper.ItemsMapper.selectBatchIds
2023-04-19 12:54:24,430 DEBUG [main][MybatisConfiguration.java:128] - addMappedStatement: com.transaction.mapper.ItemsMapper.selectByMap
2023-04-19 12:54:24,430 DEBUG [main][MybatisConfiguration.java:128] - addMappedStatement: com.transaction.mapper.ItemsMapper.selectByMap
2023-04-19 12:54:24,433 DEBUG [main][MybatisConfiguration.java:128] - addMappedStatement: com.transaction.mapper.ItemsMapper.selectOne
2023-04-19 12:54:24,433 DEBUG [main][MybatisConfiguration.java:128] - addMappedStatement: com.transaction.mapper.ItemsMapper.selectOne
2023-04-19 12:54:24,437 DEBUG [main][MybatisConfiguration.java:128] - addMappedStatement: com.transaction.mapper.ItemsMapper.selectCount
2023-04-19 12:54:24,437 DEBUG [main][MybatisConfiguration.java:128] - addMappedStatement: com.transaction.mapper.ItemsMapper.selectCount
2023-04-19 12:54:24,443 DEBUG [main][MybatisConfiguration.java:128] - addMappedStatement: com.transaction.mapper.ItemsMapper.selectMaps
2023-04-19 12:54:24,443 DEBUG [main][MybatisConfiguration.java:128] - addMappedStatement: com.transaction.mapper.ItemsMapper.selectMaps
2023-04-19 12:54:24,446 DEBUG [main][MybatisConfiguration.java:128] - addMappedStatement: com.transaction.mapper.ItemsMapper.selectMapsPage
2023-04-19 12:54:24,446 DEBUG [main][MybatisConfiguration.java:128] - addMappedStatement: com.transaction.mapper.ItemsMapper.selectMapsPage
2023-04-19 12:54:24,449 DEBUG [main][MybatisConfiguration.java:128] - addMappedStatement: com.transaction.mapper.ItemsMapper.selectObjs
2023-04-19 12:54:24,449 DEBUG [main][MybatisConfiguration.java:128] - addMappedStatement: com.transaction.mapper.ItemsMapper.selectObjs
2023-04-19 12:54:24,452 DEBUG [main][MybatisConfiguration.java:128] - addMappedStatement: com.transaction.mapper.ItemsMapper.selectList
2023-04-19 12:54:24,452 DEBUG [main][MybatisConfiguration.java:128] - addMappedStatement: com.transaction.mapper.ItemsMapper.selectList
2023-04-19 12:54:24,455 DEBUG [main][MybatisConfiguration.java:128] - addMappedStatement: com.transaction.mapper.ItemsMapper.selectPage
2023-04-19 12:54:24,455 DEBUG [main][MybatisConfiguration.java:128] - addMappedStatement: com.transaction.mapper.ItemsMapper.selectPage
2023-04-19 12:54:24,560 INFO [main][ExecutorConfigurationSupport.java:181] - Initializing ExecutorService 'applicationTaskExecutor'
2023-04-19 12:54:24,560 INFO [main][ExecutorConfigurationSupport.java:181] - Initializing ExecutorService 'applicationTaskExecutor'
2023-04-19 12:54:24,655 DEBUG [main][MybatisPlusAutoConfiguration.java:314] - Not found configuration for registering mapper bean using @MapperScan, MapperFactoryBean and MapperScannerConfigurer.
2023-04-19 12:54:24,655 DEBUG [main][MybatisPlusAutoConfiguration.java:314] - Not found configuration for registering mapper bean using @MapperScan, MapperFactoryBean and MapperScannerConfigurer.
2023-04-19 12:54:24,719 DEBUG [main][MybatisConfiguration.java:128] - addMappedStatement: com.transaction.mapper.UsersMapper.insert
2023-04-19 12:54:24,719 DEBUG [main][MybatisConfiguration.java:128] - addMappedStatement: com.transaction.mapper.UsersMapper.insert
2023-04-19 12:54:24,721 DEBUG [main][MybatisConfiguration.java:128] - addMappedStatement: com.transaction.mapper.UsersMapper.delete
2023-04-19 12:54:24,721 DEBUG [main][MybatisConfiguration.java:128] - addMappedStatement: com.transaction.mapper.UsersMapper.delete
2023-04-19 12:54:24,724 DEBUG [main][MybatisConfiguration.java:128] - addMappedStatement: com.transaction.mapper.UsersMapper.deleteByMap
2023-04-19 12:54:24,724 DEBUG [main][MybatisConfiguration.java:128] - addMappedStatement: com.transaction.mapper.UsersMapper.deleteByMap
2023-04-19 12:54:24,726 DEBUG [main][MybatisConfiguration.java:128] - addMappedStatement: com.transaction.mapper.UsersMapper.deleteById
2023-04-19 12:54:24,726 DEBUG [main][MybatisConfiguration.java:128] - addMappedStatement: com.transaction.mapper.UsersMapper.deleteById
2023-04-19 12:54:24,728 DEBUG [main][MybatisConfiguration.java:128] - addMappedStatement: com.transaction.mapper.UsersMapper.deleteBatchIds
2023-04-19 12:54:24,728 DEBUG [main][MybatisConfiguration.java:128] - addMappedStatement: com.transaction.mapper.UsersMapper.deleteBatchIds
2023-04-19 12:54:24,731 DEBUG [main][MybatisConfiguration.java:128] - addMappedStatement: com.transaction.mapper.UsersMapper.update
2023-04-19 12:54:24,731 DEBUG [main][MybatisConfiguration.java:128] - addMappedStatement: com.transaction.mapper.UsersMapper.update
2023-04-19 12:54:24,733 DEBUG [main][MybatisConfiguration.java:128] - addMappedStatement: com.transaction.mapper.UsersMapper.updateById
2023-04-19 12:54:24,733 DEBUG [main][MybatisConfiguration.java:128] - addMappedStatement: com.transaction.mapper.UsersMapper.updateById
2023-04-19 12:54:24,734 DEBUG [main][MybatisConfiguration.java:128] - addMappedStatement: com.transaction.mapper.UsersMapper.selectById
2023-04-19 12:54:24,734 DEBUG [main][MybatisConfiguration.java:128] - addMappedStatement: com.transaction.mapper.UsersMapper.selectById
2023-04-19 12:54:24,736 DEBUG [main][MybatisConfiguration.java:128] - addMappedStatement: com.transaction.mapper.UsersMapper.selectBatchIds
2023-04-19 12:54:24,736 DEBUG [main][MybatisConfiguration.java:128] - addMappedStatement: com.transaction.mapper.UsersMapper.selectBatchIds
2023-04-19 12:54:24,738 DEBUG [main][MybatisConfiguration.java:128] - addMappedStatement: com.transaction.mapper.UsersMapper.selectByMap
2023-04-19 12:54:24,738 DEBUG [main][MybatisConfiguration.java:128] - addMappedStatement: com.transaction.mapper.UsersMapper.selectByMap
2023-04-19 12:54:24,741 DEBUG [main][MybatisConfiguration.java:128] - addMappedStatement: com.transaction.mapper.UsersMapper.selectOne
2023-04-19 12:54:24,741 DEBUG [main][MybatisConfiguration.java:128] - addMappedStatement: com.transaction.mapper.UsersMapper.selectOne
2023-04-19 12:54:24,744 DEBUG [main][MybatisConfiguration.java:128] - addMappedStatement: com.transaction.mapper.UsersMapper.selectCount
2023-04-19 12:54:24,744 DEBUG [main][MybatisConfiguration.java:128] - addMappedStatement: com.transaction.mapper.UsersMapper.selectCount
2023-04-19 12:54:24,747 DEBUG [main][MybatisConfiguration.java:128] - addMappedStatement: com.transaction.mapper.UsersMapper.selectMaps
2023-04-19 12:54:24,747 DEBUG [main][MybatisConfiguration.java:128] - addMappedStatement: com.transaction.mapper.UsersMapper.selectMaps
2023-04-19 12:54:24,750 DEBUG [main][MybatisConfiguration.java:128] - addMappedStatement: com.transaction.mapper.UsersMapper.selectMapsPage
2023-04-19 12:54:24,750 DEBUG [main][MybatisConfiguration.java:128] - addMappedStatement: com.transaction.mapper.UsersMapper.selectMapsPage
2023-04-19 12:54:24,752 DEBUG [main][MybatisConfiguration.java:128] - addMappedStatement: com.transaction.mapper.UsersMapper.selectObjs
2023-04-19 12:54:24,752 DEBUG [main][MybatisConfiguration.java:128] - addMappedStatement: com.transaction.mapper.UsersMapper.selectObjs
2023-04-19 12:54:24,755 DEBUG [main][MybatisConfiguration.java:128] - addMappedStatement: com.transaction.mapper.UsersMapper.selectList
2023-04-19 12:54:24,755 DEBUG [main][MybatisConfiguration.java:128] - addMappedStatement: com.transaction.mapper.UsersMapper.selectList
2023-04-19 12:54:24,758 DEBUG [main][MybatisConfiguration.java:128] - addMappedStatement: com.transaction.mapper.UsersMapper.selectPage
2023-04-19 12:54:24,758 DEBUG [main][MybatisConfiguration.java:128] - addMappedStatement: com.transaction.mapper.UsersMapper.selectPage
2023-04-19 12:54:24,771 INFO [main][DirectJDKLog.java:173] - Starting ProtocolHandler ["http-nio-9012"]
2023-04-19 12:54:24,771 INFO [main][DirectJDKLog.java:173] - Starting ProtocolHandler ["http-nio-9012"]
2023-04-19 12:54:24,811 INFO [main][TomcatWebServer.java:220] - Tomcat started on port(s): 9012 (http) with context path ''
2023-04-19 12:54:24,811 INFO [main][TomcatWebServer.java:220] - Tomcat started on port(s): 9012 (http) with context path ''
2023-04-19 12:54:24,821 INFO [main][StartupInfoLogger.java:61] - Started SecondHandTransactionApplication in 2.109 seconds (JVM running for 2.925)
2023-04-19 12:54:24,821 INFO [main][StartupInfoLogger.java:61] - Started SecondHandTransactionApplication in 2.109 seconds (JVM running for 2.925)
2023-04-19 12:55:28,762 INFO [main][StartupInfoLogger.java:55] - Starting SecondHandTransactionApplicationTests on DESKTOP-3QO7P5A with PID 23536 (started by huweiyan in D:\Android_Project\group_project\COMP-7506-Secondary-Market\Java_Backend)
2023-04-19 12:55:28,762 INFO [main][StartupInfoLogger.java:55] - Starting SecondHandTransactionApplicationTests on DESKTOP-3QO7P5A with PID 23536 (started by huweiyan in D:\Android_Project\group_project\COMP-7506-Secondary-Market\Java_Backend)
2023-04-19 12:55:28,779 DEBUG [main][StartupInfoLogger.java:56] - Running with Spring Boot v2.3.3.RELEASE, Spring v5.2.8.RELEASE
2023-04-19 12:55:28,779 DEBUG [main][StartupInfoLogger.java:56] - Running with Spring Boot v2.3.3.RELEASE, Spring v5.2.8.RELEASE
2023-04-19 12:55:28,784 INFO [main][SpringApplication.java:651] - No active profile set, falling back to default profiles: default
2023-04-19 12:55:28,784 INFO [main][SpringApplication.java:651] - No active profile set, falling back to default profiles: default
2023-04-19 12:55:29,484 DEBUG [main][MybatisPlusAutoConfiguration.java:278] - Searching for mappers annotated with @Mapper
2023-04-19 12:55:29,484 DEBUG [main][MybatisPlusAutoConfiguration.java:278] - Searching for mappers annotated with @Mapper
2023-04-19 12:55:29,492 DEBUG [main][MybatisPlusAutoConfiguration.java:282] - Using auto-configuration base package 'com.transaction'
2023-04-19 12:55:29,492 DEBUG [main][MybatisPlusAutoConfiguration.java:282] - Using auto-configuration base package 'com.transaction'
2023-04-19 12:55:29,650 DEBUG [main][LogFactory.java:105] - Logging initialized using 'class org.apache.ibatis.logging.slf4j.Slf4jImpl' adapter.
2023-04-19 12:55:29,650 DEBUG [main][LogFactory.java:105] - Logging initialized using 'class org.apache.ibatis.logging.slf4j.Slf4jImpl' adapter.
2023-04-19 12:55:30,093 DEBUG [main][HikariConfig.java:946] - Driver class com.mysql.cj.jdbc.Driver found in Thread context class loader jdk.internal.loader.ClassLoaders$AppClassLoader@66d3c617
2023-04-19 12:55:30,093 DEBUG [main][HikariConfig.java:946] - Driver class com.mysql.cj.jdbc.Driver found in Thread context class loader jdk.internal.loader.ClassLoaders$AppClassLoader@66d3c617
2023-04-19 12:55:30,234 DEBUG [main][Logger.java:49] - Property 'mapperLocations' was not specified.
2023-04-19 12:55:30,234 DEBUG [main][Logger.java:49] - Property 'mapperLocations' was not specified.
2023-04-19 12:55:30,380 DEBUG [main][MybatisConfiguration.java:128] - addMappedStatement: com.transaction.mapper.ItemsMapper.selectAllItems
2023-04-19 12:55:30,380 DEBUG [main][MybatisConfiguration.java:128] - addMappedStatement: com.transaction.mapper.ItemsMapper.selectAllItems
2023-04-19 12:55:30,415 DEBUG [main][MybatisConfiguration.java:128] - addMappedStatement: com.transaction.mapper.ItemsMapper.insert
2023-04-19 12:55:30,415 DEBUG [main][MybatisConfiguration.java:128] - addMappedStatement: com.transaction.mapper.ItemsMapper.insert
2023-04-19 12:55:30,425 DEBUG [main][MybatisConfiguration.java:128] - addMappedStatement: com.transaction.mapper.ItemsMapper.delete
2023-04-19 12:55:30,425 DEBUG [main][MybatisConfiguration.java:128] - addMappedStatement: com.transaction.mapper.ItemsMapper.delete
2023-04-19 12:55:30,430 DEBUG [main][MybatisConfiguration.java:128] - addMappedStatement: com.transaction.mapper.ItemsMapper.deleteByMap
2023-04-19 12:55:30,430 DEBUG [main][MybatisConfiguration.java:128] - addMappedStatement: com.transaction.mapper.ItemsMapper.deleteByMap
2023-04-19 12:55:30,459 DEBUG [main][MybatisConfiguration.java:128] - addMappedStatement: com.transaction.mapper.ItemsMapper.deleteById
2023-04-19 12:55:30,459 DEBUG [main][MybatisConfiguration.java:128] - addMappedStatement: com.transaction.mapper.ItemsMapper.deleteById
2023-04-19 12:55:30,461 DEBUG [main][MybatisConfiguration.java:128] - addMappedStatement: com.transaction.mapper.ItemsMapper.deleteBatchIds
2023-04-19 12:55:30,461 DEBUG [main][MybatisConfiguration.java:128] - addMappedStatement: com.transaction.mapper.ItemsMapper.deleteBatchIds
2023-04-19 12:55:30,469 DEBUG [main][MybatisConfiguration.java:128] - addMappedStatement: com.transaction.mapper.ItemsMapper.update
2023-04-19 12:55:30,469 DEBUG [main][MybatisConfiguration.java:128] - addMappedStatement: com.transaction.mapper.ItemsMapper.update
2023-04-19 12:55:30,473 DEBUG [main][MybatisConfiguration.java:128] - addMappedStatement: com.transaction.mapper.ItemsMapper.updateById
2023-04-19 12:55:30,473 DEBUG [main][MybatisConfiguration.java:128] - addMappedStatement: com.transaction.mapper.ItemsMapper.updateById
2023-04-19 12:55:30,475 DEBUG [main][MybatisConfiguration.java:128] - addMappedStatement: com.transaction.mapper.ItemsMapper.selectById
2023-04-19 12:55:30,475 DEBUG [main][MybatisConfiguration.java:128] - addMappedStatement: com.transaction.mapper.ItemsMapper.selectById
2023-04-19 12:55:30,478 DEBUG [main][MybatisConfiguration.java:128] - addMappedStatement: com.transaction.mapper.ItemsMapper.selectBatchIds
2023-04-19 12:55:30,478 DEBUG [main][MybatisConfiguration.java:128] - addMappedStatement: com.transaction.mapper.ItemsMapper.selectBatchIds
2023-04-19 12:55:30,481 DEBUG [main][MybatisConfiguration.java:128] - addMappedStatement: com.transaction.mapper.ItemsMapper.selectByMap
2023-04-19 12:55:30,481 DEBUG [main][MybatisConfiguration.java:128] - addMappedStatement: com.transaction.mapper.ItemsMapper.selectByMap
2023-04-19 12:55:30,485 DEBUG [main][MybatisConfiguration.java:128] - addMappedStatement: com.transaction.mapper.ItemsMapper.selectOne
2023-04-19 12:55:30,485 DEBUG [main][MybatisConfiguration.java:128] - addMappedStatement: com.transaction.mapper.ItemsMapper.selectOne
2023-04-19 12:55:30,489 DEBUG [main][MybatisConfiguration.java:128] - addMappedStatement: com.transaction.mapper.ItemsMapper.selectCount
2023-04-19 12:55:30,489 DEBUG [main][MybatisConfiguration.java:128] - addMappedStatement: com.transaction.mapper.ItemsMapper.selectCount
2023-04-19 12:55:30,494 DEBUG [main][MybatisConfiguration.java:128] - addMappedStatement: com.transaction.mapper.ItemsMapper.selectMaps
2023-04-19 12:55:30,494 DEBUG [main][MybatisConfiguration.java:128] - addMappedStatement: com.transaction.mapper.ItemsMapper.selectMaps
2023-04-19 12:55:30,500 DEBUG [main][MybatisConfiguration.java:128] - addMappedStatement: com.transaction.mapper.ItemsMapper.selectMapsPage
2023-04-19 12:55:30,500 DEBUG [main][MybatisConfiguration.java:128] - addMappedStatement: com.transaction.mapper.ItemsMapper.selectMapsPage
2023-04-19 12:55:30,505 DEBUG [main][MybatisConfiguration.java:128] - addMappedStatement: com.transaction.mapper.ItemsMapper.selectObjs
2023-04-19 12:55:30,505 DEBUG [main][MybatisConfiguration.java:128] - addMappedStatement: com.transaction.mapper.ItemsMapper.selectObjs
2023-04-19 12:55:30,508 DEBUG [main][MybatisConfiguration.java:128] - addMappedStatement: com.transaction.mapper.ItemsMapper.selectList
2023-04-19 12:55:30,508 DEBUG [main][MybatisConfiguration.java:128] - addMappedStatement: com.transaction.mapper.ItemsMapper.selectList
2023-04-19 12:55:30,513 DEBUG [main][MybatisConfiguration.java:128] - addMappedStatement: com.transaction.mapper.ItemsMapper.selectPage
2023-04-19 12:55:30,513 DEBUG [main][MybatisConfiguration.java:128] - addMappedStatement: com.transaction.mapper.ItemsMapper.selectPage
2023-04-19 12:55:30,540 DEBUG [main][MybatisConfiguration.java:128] - addMappedStatement: com.transaction.mapper.UsersMapper.insert
2023-04-19 12:55:30,540 DEBUG [main][MybatisConfiguration.java:128] - addMappedStatement: com.transaction.mapper.UsersMapper.insert
2023-04-19 12:55:30,544 DEBUG [main][MybatisConfiguration.java:128] - addMappedStatement: com.transaction.mapper.UsersMapper.delete
2023-04-19 12:55:30,544 DEBUG [main][MybatisConfiguration.java:128] - addMappedStatement: com.transaction.mapper.UsersMapper.delete
2023-04-19 12:55:30,547 DEBUG [main][MybatisConfiguration.java:128] - addMappedStatement: com.transaction.mapper.UsersMapper.deleteByMap
2023-04-19 12:55:30,547 DEBUG [main][MybatisConfiguration.java:128] - addMappedStatement: com.transaction.mapper.UsersMapper.deleteByMap
2023-04-19 12:55:30,549 DEBUG [main][MybatisConfiguration.java:128] - addMappedStatement: com.transaction.mapper.UsersMapper.deleteById
2023-04-19 12:55:30,549 DEBUG [main][MybatisConfiguration.java:128] - addMappedStatement: com.transaction.mapper.UsersMapper.deleteById
2023-04-19 12:55:30,551 DEBUG [main][MybatisConfiguration.java:128] - addMappedStatement: com.transaction.mapper.UsersMapper.deleteBatchIds
2023-04-19 12:55:30,551 DEBUG [main][MybatisConfiguration.java:128] - addMappedStatement: com.transaction.mapper.UsersMapper.deleteBatchIds
2023-04-19 12:55:30,555 DEBUG [main][MybatisConfiguration.java:128] - addMappedStatement: com.transaction.mapper.UsersMapper.update
2023-04-19 12:55:30,555 DEBUG [main][MybatisConfiguration.java:128] - addMappedStatement: com.transaction.mapper.UsersMapper.update
2023-04-19 12:55:30,558 DEBUG [main][MybatisConfiguration.java:128] - addMappedStatement: com.transaction.mapper.UsersMapper.updateById
2023-04-19 12:55:30,558 DEBUG [main][MybatisConfiguration.java:128] - addMappedStatement: com.transaction.mapper.UsersMapper.updateById
2023-04-19 12:55:30,560 DEBUG [main][MybatisConfiguration.java:128] - addMappedStatement: com.transaction.mapper.UsersMapper.selectById
2023-04-19 12:55:30,560 DEBUG [main][MybatisConfiguration.java:128] - addMappedStatement: com.transaction.mapper.UsersMapper.selectById
2023-04-19 12:55:30,561 DEBUG [main][MybatisConfiguration.java:128] - addMappedStatement: com.transaction.mapper.UsersMapper.selectBatchIds
2023-04-19 12:55:30,561 DEBUG [main][MybatisConfiguration.java:128] - addMappedStatement: com.transaction.mapper.UsersMapper.selectBatchIds
2023-04-19 12:55:30,563 DEBUG [main][MybatisConfiguration.java:128] - addMappedStatement: com.transaction.mapper.UsersMapper.selectByMap
2023-04-19 12:55:30,563 DEBUG [main][MybatisConfiguration.java:128] - addMappedStatement: com.transaction.mapper.UsersMapper.selectByMap
2023-04-19 12:55:30,567 DEBUG [main][MybatisConfiguration.java:128] - addMappedStatement: com.transaction.mapper.UsersMapper.selectOne
2023-04-19 12:55:30,567 DEBUG [main][MybatisConfiguration.java:128] - addMappedStatement: com.transaction.mapper.UsersMapper.selectOne
2023-04-19 12:55:30,571 DEBUG [main][MybatisConfiguration.java:128] - addMappedStatement: com.transaction.mapper.UsersMapper.selectCount
2023-04-19 12:55:30,571 DEBUG [main][MybatisConfiguration.java:128] - addMappedStatement: com.transaction.mapper.UsersMapper.selectCount
2023-04-19 12:55:30,575 DEBUG [main][MybatisConfiguration.java:128] - addMappedStatement: com.transaction.mapper.UsersMapper.selectMaps
2023-04-19 12:55:30,575 DEBUG [main][MybatisConfiguration.java:128] - addMappedStatement: com.transaction.mapper.UsersMapper.selectMaps
2023-04-19 12:55:30,579 DEBUG [main][MybatisConfiguration.java:128] - addMappedStatement: com.transaction.mapper.UsersMapper.selectMapsPage
2023-04-19 12:55:30,579 DEBUG [main][MybatisConfiguration.java:128] - addMappedStatement: com.transaction.mapper.UsersMapper.selectMapsPage
2023-04-19 12:55:30,583 DEBUG [main][MybatisConfiguration.java:128] - addMappedStatement: com.transaction.mapper.UsersMapper.selectObjs
2023-04-19 12:55:30,583 DEBUG [main][MybatisConfiguration.java:128] - addMappedStatement: com.transaction.mapper.UsersMapper.selectObjs
2023-04-19 12:55:30,589 DEBUG [main][MybatisConfiguration.java:128] - addMappedStatement: com.transaction.mapper.UsersMapper.selectList
2023-04-19 12:55:30,589 DEBUG [main][MybatisConfiguration.java:128] - addMappedStatement: com.transaction.mapper.UsersMapper.selectList
2023-04-19 12:55:30,594 DEBUG [main][MybatisConfiguration.java:128] - addMappedStatement: com.transaction.mapper.UsersMapper.selectPage
2023-04-19 12:55:30,594 DEBUG [main][MybatisConfiguration.java:128] - addMappedStatement: com.transaction.mapper.UsersMapper.selectPage
2023-04-19 12:55:31,094 INFO [main][ExecutorConfigurationSupport.java:181] - Initializing ExecutorService 'applicationTaskExecutor'
2023-04-19 12:55:31,094 INFO [main][ExecutorConfigurationSupport.java:181] - Initializing ExecutorService 'applicationTaskExecutor'
2023-04-19 12:55:31,377 DEBUG [main][MybatisPlusAutoConfiguration.java:314] - Not found configuration for registering mapper bean using @MapperScan, MapperFactoryBean and MapperScannerConfigurer.
2023-04-19 12:55:31,377 DEBUG [main][MybatisPlusAutoConfiguration.java:314] - Not found configuration for registering mapper bean using @MapperScan, MapperFactoryBean and MapperScannerConfigurer.
2023-04-19 12:55:31,527 INFO [main][StartupInfoLogger.java:61] - Started SecondHandTransactionApplicationTests in 3.313 seconds (JVM running for 4.927)
2023-04-19 12:55:31,527 INFO [main][StartupInfoLogger.java:61] - Started SecondHandTransactionApplicationTests in 3.313 seconds (JVM running for 4.927)
2023-04-19 12:55:32,304 DEBUG [main][HikariConfig.java:1066] - HikariPool-1 - configuration:
2023-04-19 12:55:32,304 DEBUG [main][HikariConfig.java:1066] - HikariPool-1 - configuration:
2023-04-19 12:55:32,309 DEBUG [main][HikariConfig.java:1098] - allowPoolSuspension.............false
2023-04-19 12:55:32,309 DEBUG [main][HikariConfig.java:1098] - allowPoolSuspension.............false
2023-04-19 12:55:32,310 DEBUG [main][HikariConfig.java:1098] - autoCommit......................true
2023-04-19 12:55:32,310 DEBUG [main][HikariConfig.java:1098] - autoCommit......................true
2023-04-19 12:55:32,310 DEBUG [main][HikariConfig.java:1098] - catalog.........................none
2023-04-19 12:55:32,310 DEBUG [main][HikariConfig.java:1098] - catalog.........................none
2023-04-19 12:55:32,310 DEBUG [main][HikariConfig.java:1098] - connectionInitSql...............none
2023-04-19 12:55:32,310 DEBUG [main][HikariConfig.java:1098] - connectionInitSql...............none
2023-04-19 12:55:32,311 DEBUG [main][HikariConfig.java:1098] - connectionTestQuery.............none
2023-04-19 12:55:32,311 DEBUG [main][HikariConfig.java:1098] - connectionTestQuery.............none
2023-04-19 12:55:32,311 DEBUG [main][HikariConfig.java:1098] - connectionTimeout...............30000
2023-04-19 12:55:32,311 DEBUG [main][HikariConfig.java:1098] - connectionTimeout...............30000
2023-04-19 12:55:32,312 DEBUG [main][HikariConfig.java:1098] - dataSource......................none
2023-04-19 12:55:32,312 DEBUG [main][HikariConfig.java:1098] - dataSource......................none
2023-04-19 12:55:32,313 DEBUG [main][HikariConfig.java:1098] - dataSourceClassName.............none
2023-04-19 12:55:32,313 DEBUG [main][HikariConfig.java:1098] - dataSourceClassName.............none
2023-04-19 12:55:32,313 DEBUG [main][HikariConfig.java:1098] - dataSourceJNDI..................none
2023-04-19 12:55:32,313 DEBUG [main][HikariConfig.java:1098] - dataSourceJNDI..................none
2023-04-19 12:55:32,314 DEBUG [main][HikariConfig.java:1098] - dataSourceProperties............{password=<masked>}
2023-04-19 12:55:32,314 DEBUG [main][HikariConfig.java:1098] - dataSourceProperties............{password=<masked>}
2023-04-19 12:55:32,315 DEBUG [main][HikariConfig.java:1098] - driverClassName................."com.mysql.cj.jdbc.Driver"
2023-04-19 12:55:32,315 DEBUG [main][HikariConfig.java:1098] - driverClassName................."com.mysql.cj.jdbc.Driver"
2023-04-19 12:55:32,315 DEBUG [main][HikariConfig.java:1098] - exceptionOverrideClassName......none
2023-04-19 12:55:32,315 DEBUG [main][HikariConfig.java:1098] - exceptionOverrideClassName......none
2023-04-19 12:55:32,315 DEBUG [main][HikariConfig.java:1098] - healthCheckProperties...........{}
2023-04-19 12:55:32,315 DEBUG [main][HikariConfig.java:1098] - healthCheckProperties...........{}
2023-04-19 12:55:32,316 DEBUG [main][HikariConfig.java:1098] - healthCheckRegistry.............none
2023-04-19 12:55:32,316 DEBUG [main][HikariConfig.java:1098] - healthCheckRegistry.............none
2023-04-19 12:55:32,316 DEBUG [main][HikariConfig.java:1098] - idleTimeout.....................600000
2023-04-19 12:55:32,316 DEBUG [main][HikariConfig.java:1098] - idleTimeout.....................600000
2023-04-19 12:55:32,316 DEBUG [main][HikariConfig.java:1098] - initializationFailTimeout.......1
2023-04-19 12:55:32,316 DEBUG [main][HikariConfig.java:1098] - initializationFailTimeout.......1
2023-04-19 12:55:32,317 DEBUG [main][HikariConfig.java:1098] - isolateInternalQueries..........false
2023-04-19 12:55:32,317 DEBUG [main][HikariConfig.java:1098] - isolateInternalQueries..........false
2023-04-19 12:55:32,317 DEBUG [main][HikariConfig.java:1098] - jdbcUrl.........................jdbc:mysql://localhost:3306/comp_7506
2023-04-19 12:55:32,317 DEBUG [main][HikariConfig.java:1098] - jdbcUrl.........................jdbc:mysql://localhost:3306/comp_7506
2023-04-19 12:55:32,318 DEBUG [main][HikariConfig.java:1098] - leakDetectionThreshold..........0
2023-04-19 12:55:32,318 DEBUG [main][HikariConfig.java:1098] - leakDetectionThreshold..........0
2023-04-19 12:55:32,318 DEBUG [main][HikariConfig.java:1098] - maxLifetime.....................1800000
2023-04-19 12:55:32,318 DEBUG [main][HikariConfig.java:1098] - maxLifetime.....................1800000
2023-04-19 12:55:32,318 DEBUG [main][HikariConfig.java:1098] - maximumPoolSize.................10
2023-04-19 12:55:32,318 DEBUG [main][HikariConfig.java:1098] - maximumPoolSize.................10
2023-04-19 12:55:32,319 DEBUG [main][HikariConfig.java:1098] - metricRegistry..................none
2023-04-19 12:55:32,319 DEBUG [main][HikariConfig.java:1098] - metricRegistry..................none
2023-04-19 12:55:32,319 DEBUG [main][HikariConfig.java:1098] - metricsTrackerFactory...........none
2023-04-19 12:55:32,319 DEBUG [main][HikariConfig.java:1098] - metricsTrackerFactory...........none
2023-04-19 12:55:32,319 DEBUG [main][HikariConfig.java:1098] - minimumIdle.....................10
2023-04-19 12:55:32,319 DEBUG [main][HikariConfig.java:1098] - minimumIdle.....................10
2023-04-19 12:55:32,319 DEBUG [main][HikariConfig.java:1098] - password........................<masked>
2023-04-19 12:55:32,319 DEBUG [main][HikariConfig.java:1098] - password........................<masked>
2023-04-19 12:55:32,320 DEBUG [main][HikariConfig.java:1098] - poolName........................"HikariPool-1"
2023-04-19 12:55:32,320 DEBUG [main][HikariConfig.java:1098] - poolName........................"HikariPool-1"
2023-04-19 12:55:32,320 DEBUG [main][HikariConfig.java:1098] - readOnly........................false
2023-04-19 12:55:32,320 DEBUG [main][HikariConfig.java:1098] - readOnly........................false
2023-04-19 12:55:32,320 DEBUG [main][HikariConfig.java:1098] - registerMbeans..................false
2023-04-19 12:55:32,320 DEBUG [main][HikariConfig.java:1098] - registerMbeans..................false
2023-04-19 12:55:32,321 DEBUG [main][HikariConfig.java:1098] - scheduledExecutor...............none
2023-04-19 12:55:32,321 DEBUG [main][HikariConfig.java:1098] - scheduledExecutor...............none
2023-04-19 12:55:32,321 DEBUG [main][HikariConfig.java:1098] - schema..........................none
2023-04-19 12:55:32,321 DEBUG [main][HikariConfig.java:1098] - schema..........................none
2023-04-19 12:55:32,321 DEBUG [main][HikariConfig.java:1098] - threadFactory...................internal
2023-04-19 12:55:32,321 DEBUG [main][HikariConfig.java:1098] - threadFactory...................internal
2023-04-19 12:55:32,322 DEBUG [main][HikariConfig.java:1098] - transactionIsolation............default
2023-04-19 12:55:32,322 DEBUG [main][HikariConfig.java:1098] - transactionIsolation............default
2023-04-19 12:55:32,322 DEBUG [main][HikariConfig.java:1098] - username........................"root"
2023-04-19 12:55:32,322 DEBUG [main][HikariConfig.java:1098] - username........................"root"
2023-04-19 12:55:32,322 DEBUG [main][HikariConfig.java:1098] - validationTimeout...............5000
2023-04-19 12:55:32,322 DEBUG [main][HikariConfig.java:1098] - validationTimeout...............5000
2023-04-19 12:55:32,323 INFO [main][HikariDataSource.java:110] - HikariPool-1 - Starting...
2023-04-19 12:55:32,323 INFO [main][HikariDataSource.java:110] - HikariPool-1 - Starting...
2023-04-19 12:55:32,956 DEBUG [main][HikariPool.java:564] - HikariPool-1 - Added connection com.mysql.cj.jdbc.ConnectionImpl@3e4f2300
2023-04-19 12:55:32,956 DEBUG [main][HikariPool.java:564] - HikariPool-1 - Added connection com.mysql.cj.jdbc.ConnectionImpl@3e4f2300
2023-04-19 12:55:32,960 INFO [main][HikariDataSource.java:123] - HikariPool-1 - Start completed.
2023-04-19 12:55:32,960 INFO [main][HikariDataSource.java:123] - HikariPool-1 - Start completed.
2023-04-19 12:55:33,065 DEBUG [HikariPool-1 housekeeper][HikariPool.java:421] - HikariPool-1 - Pool stats (total=1, active=1, idle=0, waiting=0)
2023-04-19 12:55:33,065 DEBUG [HikariPool-1 housekeeper][HikariPool.java:421] - HikariPool-1 - Pool stats (total=1, active=1, idle=0, waiting=0)
2023-04-19 12:55:33,068 DEBUG [main][BaseJdbcLogger.java:137] - ==>  Preparing: INSERT INTO users ( user_name, user_passowrd, user_phone ) VALUES ( ?, ?, ? )
2023-04-19 12:55:33,068 DEBUG [main][BaseJdbcLogger.java:137] - ==>  Preparing: INSERT INTO users ( user_name, user_passowrd, user_phone ) VALUES ( ?, ?, ? )
2023-04-19 12:55:33,101 DEBUG [HikariPool-1 connection adder][HikariPool.java:728] - HikariPool-1 - Added connection com.mysql.cj.jdbc.ConnectionImpl@2f9f6b1f
2023-04-19 12:55:33,101 DEBUG [HikariPool-1 connection adder][HikariPool.java:728] - HikariPool-1 - Added connection com.mysql.cj.jdbc.ConnectionImpl@2f9f6b1f
2023-04-19 12:55:33,121 DEBUG [main][BaseJdbcLogger.java:137] - ==> Parameters: aa(String), ddad(String), 111111(String)
2023-04-19 12:55:33,121 DEBUG [main][BaseJdbcLogger.java:137] - ==> Parameters: aa(String), ddad(String), 111111(String)
2023-04-19 12:55:33,126 DEBUG [HikariPool-1 connection adder][HikariPool.java:728] - HikariPool-1 - Added connection com.mysql.cj.jdbc.ConnectionImpl@4fb09450
2023-04-19 12:55:33,126 DEBUG [HikariPool-1 connection adder][HikariPool.java:728] - HikariPool-1 - Added connection com.mysql.cj.jdbc.ConnectionImpl@4fb09450
2023-04-19 12:55:33,146 DEBUG [HikariPool-1 connection adder][HikariPool.java:728] - HikariPool-1 - Added connection com.mysql.cj.jdbc.ConnectionImpl@51c9401
2023-04-19 12:55:33,146 DEBUG [HikariPool-1 connection adder][HikariPool.java:728] - HikariPool-1 - Added connection com.mysql.cj.jdbc.ConnectionImpl@51c9401
2023-04-19 12:55:33,165 DEBUG [HikariPool-1 connection adder][HikariPool.java:728] - HikariPool-1 - Added connection com.mysql.cj.jdbc.ConnectionImpl@4bfeaf59
2023-04-19 12:55:33,165 DEBUG [HikariPool-1 connection adder][HikariPool.java:728] - HikariPool-1 - Added connection com.mysql.cj.jdbc.ConnectionImpl@4bfeaf59
2023-04-19 12:55:33,188 DEBUG [HikariPool-1 connection adder][HikariPool.java:728] - HikariPool-1 - Added connection com.mysql.cj.jdbc.ConnectionImpl@16f4e771
2023-04-19 12:55:33,188 DEBUG [HikariPool-1 connection adder][HikariPool.java:728] - HikariPool-1 - Added connection com.mysql.cj.jdbc.ConnectionImpl@16f4e771
2023-04-19 12:55:33,213 DEBUG [HikariPool-1 connection adder][HikariPool.java:728] - HikariPool-1 - Added connection com.mysql.cj.jdbc.ConnectionImpl@151c0d9d
2023-04-19 12:55:33,213 DEBUG [HikariPool-1 connection adder][HikariPool.java:728] - HikariPool-1 - Added connection com.mysql.cj.jdbc.ConnectionImpl@151c0d9d
2023-04-19 12:55:33,236 DEBUG [HikariPool-1 connection adder][HikariPool.java:728] - HikariPool-1 - Added connection com.mysql.cj.jdbc.ConnectionImpl@74dbf7d0
2023-04-19 12:55:33,236 DEBUG [HikariPool-1 connection adder][HikariPool.java:728] - HikariPool-1 - Added connection com.mysql.cj.jdbc.ConnectionImpl@74dbf7d0
2023-04-19 12:55:33,257 DEBUG [HikariPool-1 connection adder][HikariPool.java:728] - HikariPool-1 - Added connection com.mysql.cj.jdbc.ConnectionImpl@304d31a5
2023-04-19 12:55:33,257 DEBUG [HikariPool-1 connection adder][HikariPool.java:728] - HikariPool-1 - Added connection com.mysql.cj.jdbc.ConnectionImpl@304d31a5
2023-04-19 12:55:33,277 DEBUG [HikariPool-1 connection adder][HikariPool.java:728] - HikariPool-1 - Added connection com.mysql.cj.jdbc.ConnectionImpl@69bb0d2c
2023-04-19 12:55:33,277 DEBUG [HikariPool-1 connection adder][HikariPool.java:728] - HikariPool-1 - Added connection com.mysql.cj.jdbc.ConnectionImpl@69bb0d2c
2023-04-19 12:55:33,277 DEBUG [HikariPool-1 connection adder][HikariPool.java:421] - HikariPool-1 - After adding stats (total=10, active=1, idle=9, waiting=0)
2023-04-19 12:55:33,277 DEBUG [HikariPool-1 connection adder][HikariPool.java:421] - HikariPool-1 - After adding stats (total=10, active=1, idle=9, waiting=0)
2023-04-19 12:55:33,353 DEBUG [main][BaseJdbcLogger.java:137] - <==    Updates: 1
2023-04-19 12:55:33,353 DEBUG [main][BaseJdbcLogger.java:137] - <==    Updates: 1
2023-04-19 12:55:33,419 INFO [SpringContextShutdownHook][ExecutorConfigurationSupport.java:218] - Shutting down ExecutorService 'applicationTaskExecutor'
2023-04-19 12:55:33,419 INFO [SpringContextShutdownHook][ExecutorConfigurationSupport.java:218] - Shutting down ExecutorService 'applicationTaskExecutor'
2023-04-19 12:55:33,419 INFO [SpringContextShutdownHook][HikariDataSource.java:350] - HikariPool-1 - Shutdown initiated...
2023-04-19 12:55:33,419 INFO [SpringContextShutdownHook][HikariDataSource.java:350] - HikariPool-1 - Shutdown initiated...
2023-04-19 12:55:33,419 DEBUG [SpringContextShutdownHook][HikariPool.java:421] - HikariPool-1 - Before shutdown stats (total=10, active=0, idle=10, waiting=0)
2023-04-19 12:55:33,419 DEBUG [SpringContextShutdownHook][HikariPool.java:421] - HikariPool-1 - Before shutdown stats (total=10, active=0, idle=10, waiting=0)
2023-04-19 12:55:33,424 DEBUG [HikariPool-1 connection closer][PoolBase.java:134] - HikariPool-1 - Closing connection com.mysql.cj.jdbc.ConnectionImpl@3e4f2300: (connection evicted)
2023-04-19 12:55:33,424 DEBUG [HikariPool-1 connection closer][PoolBase.java:134] - HikariPool-1 - Closing connection com.mysql.cj.jdbc.ConnectionImpl@3e4f2300: (connection evicted)
2023-04-19 12:55:33,426 DEBUG [HikariPool-1 connection closer][PoolBase.java:134] - HikariPool-1 - Closing connection com.mysql.cj.jdbc.ConnectionImpl@2f9f6b1f: (connection evicted)
2023-04-19 12:55:33,426 DEBUG [HikariPool-1 connection closer][PoolBase.java:134] - HikariPool-1 - Closing connection com.mysql.cj.jdbc.ConnectionImpl@2f9f6b1f: (connection evicted)
2023-04-19 12:55:33,427 DEBUG [HikariPool-1 connection closer][PoolBase.java:134] - HikariPool-1 - Closing connection com.mysql.cj.jdbc.ConnectionImpl@4fb09450: (connection evicted)
2023-04-19 12:55:33,427 DEBUG [HikariPool-1 connection closer][PoolBase.java:134] - HikariPool-1 - Closing connection com.mysql.cj.jdbc.ConnectionImpl@4fb09450: (connection evicted)
2023-04-19 12:55:33,428 DEBUG [HikariPool-1 connection closer][PoolBase.java:134] - HikariPool-1 - Closing connection com.mysql.cj.jdbc.ConnectionImpl@51c9401: (connection evicted)
2023-04-19 12:55:33,428 DEBUG [HikariPool-1 connection closer][PoolBase.java:134] - HikariPool-1 - Closing connection com.mysql.cj.jdbc.ConnectionImpl@51c9401: (connection evicted)
2023-04-19 12:55:33,429 DEBUG [HikariPool-1 connection closer][PoolBase.java:134] - HikariPool-1 - Closing connection com.mysql.cj.jdbc.ConnectionImpl@4bfeaf59: (connection evicted)
2023-04-19 12:55:33,429 DEBUG [HikariPool-1 connection closer][PoolBase.java:134] - HikariPool-1 - Closing connection com.mysql.cj.jdbc.ConnectionImpl@4bfeaf59: (connection evicted)
2023-04-19 12:55:33,429 DEBUG [HikariPool-1 connection closer][PoolBase.java:134] - HikariPool-1 - Closing connection com.mysql.cj.jdbc.ConnectionImpl@16f4e771: (connection evicted)
2023-04-19 12:55:33,429 DEBUG [HikariPool-1 connection closer][PoolBase.java:134] - HikariPool-1 - Closing connection com.mysql.cj.jdbc.ConnectionImpl@16f4e771: (connection evicted)
2023-04-19 12:55:33,430 DEBUG [HikariPool-1 connection closer][PoolBase.java:134] - HikariPool-1 - Closing connection com.mysql.cj.jdbc.ConnectionImpl@151c0d9d: (connection evicted)
2023-04-19 12:55:33,430 DEBUG [HikariPool-1 connection closer][PoolBase.java:134] - HikariPool-1 - Closing connection com.mysql.cj.jdbc.ConnectionImpl@151c0d9d: (connection evicted)
2023-04-19 12:55:33,431 DEBUG [HikariPool-1 connection closer][PoolBase.java:134] - HikariPool-1 - Closing connection com.mysql.cj.jdbc.ConnectionImpl@74dbf7d0: (connection evicted)
2023-04-19 12:55:33,431 DEBUG [HikariPool-1 connection closer][PoolBase.java:134] - HikariPool-1 - Closing connection com.mysql.cj.jdbc.ConnectionImpl@74dbf7d0: (connection evicted)
2023-04-19 12:55:33,431 DEBUG [HikariPool-1 connection closer][PoolBase.java:134] - HikariPool-1 - Closing connection com.mysql.cj.jdbc.ConnectionImpl@304d31a5: (connection evicted)
2023-04-19 12:55:33,431 DEBUG [HikariPool-1 connection closer][PoolBase.java:134] - HikariPool-1 - Closing connection com.mysql.cj.jdbc.ConnectionImpl@304d31a5: (connection evicted)
2023-04-19 12:55:33,432 DEBUG [HikariPool-1 connection closer][PoolBase.java:134] - HikariPool-1 - Closing connection com.mysql.cj.jdbc.ConnectionImpl@69bb0d2c: (connection evicted)
2023-04-19 12:55:33,432 DEBUG [HikariPool-1 connection closer][PoolBase.java:134] - HikariPool-1 - Closing connection com.mysql.cj.jdbc.ConnectionImpl@69bb0d2c: (connection evicted)
2023-04-19 12:55:33,433 DEBUG [SpringContextShutdownHook][HikariPool.java:421] - HikariPool-1 - After shutdown stats (total=0, active=0, idle=0, waiting=0)
2023-04-19 12:55:33,433 DEBUG [SpringContextShutdownHook][HikariPool.java:421] - HikariPool-1 - After shutdown stats (total=0, active=0, idle=0, waiting=0)
2023-04-19 12:55:33,434 INFO [SpringContextShutdownHook][HikariDataSource.java:352] - HikariPool-1 - Shutdown completed.
2023-04-19 12:55:33,434 INFO [SpringContextShutdownHook][HikariDataSource.java:352] - HikariPool-1 - Shutdown completed.
2023-04-19 12:56:24,818 INFO [main][StartupInfoLogger.java:55] - Starting SecondHandTransactionApplicationTests on DESKTOP-3QO7P5A with PID 25224 (started by huweiyan in D:\Android_Project\group_project\COMP-7506-Secondary-Market\Java_Backend)
2023-04-19 12:56:24,818 INFO [main][StartupInfoLogger.java:55] - Starting SecondHandTransactionApplicationTests on DESKTOP-3QO7P5A with PID 25224 (started by huweiyan in D:\Android_Project\group_project\COMP-7506-Secondary-Market\Java_Backend)
2023-04-19 12:56:24,830 DEBUG [main][StartupInfoLogger.java:56] - Running with Spring Boot v2.3.3.RELEASE, Spring v5.2.8.RELEASE
2023-04-19 12:56:24,830 DEBUG [main][StartupInfoLogger.java:56] - Running with Spring Boot v2.3.3.RELEASE, Spring v5.2.8.RELEASE
2023-04-19 12:56:24,833 INFO [main][SpringApplication.java:651] - No active profile set, falling back to default profiles: default
2023-04-19 12:56:24,833 INFO [main][SpringApplication.java:651] - No active profile set, falling back to default profiles: default
2023-04-19 12:56:25,555 DEBUG [main][MybatisPlusAutoConfiguration.java:278] - Searching for mappers annotated with @Mapper
2023-04-19 12:56:25,555 DEBUG [main][MybatisPlusAutoConfiguration.java:278] - Searching for mappers annotated with @Mapper
2023-04-19 12:56:25,558 DEBUG [main][MybatisPlusAutoConfiguration.java:282] - Using auto-configuration base package 'com.transaction'
2023-04-19 12:56:25,558 DEBUG [main][MybatisPlusAutoConfiguration.java:282] - Using auto-configuration base package 'com.transaction'
2023-04-19 12:56:25,696 DEBUG [main][LogFactory.java:105] - Logging initialized using 'class org.apache.ibatis.logging.slf4j.Slf4jImpl' adapter.
2023-04-19 12:56:25,696 DEBUG [main][LogFactory.java:105] - Logging initialized using 'class org.apache.ibatis.logging.slf4j.Slf4jImpl' adapter.
2023-04-19 12:56:26,116 DEBUG [main][HikariConfig.java:946] - Driver class com.mysql.cj.jdbc.Driver found in Thread context class loader jdk.internal.loader.ClassLoaders$AppClassLoader@66d3c617
2023-04-19 12:56:26,116 DEBUG [main][HikariConfig.java:946] - Driver class com.mysql.cj.jdbc.Driver found in Thread context class loader jdk.internal.loader.ClassLoaders$AppClassLoader@66d3c617
2023-04-19 12:56:26,281 DEBUG [main][Logger.java:49] - Property 'mapperLocations' was not specified.
2023-04-19 12:56:26,281 DEBUG [main][Logger.java:49] - Property 'mapperLocations' was not specified.
2023-04-19 12:56:26,443 DEBUG [main][MybatisConfiguration.java:128] - addMappedStatement: com.transaction.mapper.ItemsMapper.selectAllItems
2023-04-19 12:56:26,443 DEBUG [main][MybatisConfiguration.java:128] - addMappedStatement: com.transaction.mapper.ItemsMapper.selectAllItems
2023-04-19 12:56:26,485 DEBUG [main][MybatisConfiguration.java:128] - addMappedStatement: com.transaction.mapper.ItemsMapper.insert
2023-04-19 12:56:26,485 DEBUG [main][MybatisConfiguration.java:128] - addMappedStatement: com.transaction.mapper.ItemsMapper.insert
2023-04-19 12:56:26,494 DEBUG [main][MybatisConfiguration.java:128] - addMappedStatement: com.transaction.mapper.ItemsMapper.delete
2023-04-19 12:56:26,494 DEBUG [main][MybatisConfiguration.java:128] - addMappedStatement: com.transaction.mapper.ItemsMapper.delete
2023-04-19 12:56:26,499 DEBUG [main][MybatisConfiguration.java:128] - addMappedStatement: com.transaction.mapper.ItemsMapper.deleteByMap
2023-04-19 12:56:26,499 DEBUG [main][MybatisConfiguration.java:128] - addMappedStatement: com.transaction.mapper.ItemsMapper.deleteByMap
2023-04-19 12:56:26,529 DEBUG [main][MybatisConfiguration.java:128] - addMappedStatement: com.transaction.mapper.ItemsMapper.deleteById
2023-04-19 12:56:26,529 DEBUG [main][MybatisConfiguration.java:128] - addMappedStatement: com.transaction.mapper.ItemsMapper.deleteById
2023-04-19 12:56:26,532 DEBUG [main][MybatisConfiguration.java:128] - addMappedStatement: com.transaction.mapper.ItemsMapper.deleteBatchIds
2023-04-19 12:56:26,532 DEBUG [main][MybatisConfiguration.java:128] - addMappedStatement: com.transaction.mapper.ItemsMapper.deleteBatchIds
2023-04-19 12:56:26,546 DEBUG [main][MybatisConfiguration.java:128] - addMappedStatement: com.transaction.mapper.ItemsMapper.update
2023-04-19 12:56:26,546 DEBUG [main][MybatisConfiguration.java:128] - addMappedStatement: com.transaction.mapper.ItemsMapper.update
2023-04-19 12:56:26,548 DEBUG [main][MybatisConfiguration.java:128] - addMappedStatement: com.transaction.mapper.ItemsMapper.updateById
2023-04-19 12:56:26,548 DEBUG [main][MybatisConfiguration.java:128] - addMappedStatement: com.transaction.mapper.ItemsMapper.updateById
2023-04-19 12:56:26,550 DEBUG [main][MybatisConfiguration.java:128] - addMappedStatement: com.transaction.mapper.ItemsMapper.selectById
2023-04-19 12:56:26,550 DEBUG [main][MybatisConfiguration.java:128] - addMappedStatement: com.transaction.mapper.ItemsMapper.selectById
2023-04-19 12:56:26,553 DEBUG [main][MybatisConfiguration.java:128] - addMappedStatement: com.transaction.mapper.ItemsMapper.selectBatchIds
2023-04-19 12:56:26,553 DEBUG [main][MybatisConfiguration.java:128] - addMappedStatement: com.transaction.mapper.ItemsMapper.selectBatchIds
2023-04-19 12:56:26,556 DEBUG [main][MybatisConfiguration.java:128] - addMappedStatement: com.transaction.mapper.ItemsMapper.selectByMap
2023-04-19 12:56:26,556 DEBUG [main][MybatisConfiguration.java:128] - addMappedStatement: com.transaction.mapper.ItemsMapper.selectByMap
2023-04-19 12:56:26,562 DEBUG [main][MybatisConfiguration.java:128] - addMappedStatement: com.transaction.mapper.ItemsMapper.selectOne
2023-04-19 12:56:26,562 DEBUG [main][MybatisConfiguration.java:128] - addMappedStatement: com.transaction.mapper.ItemsMapper.selectOne
2023-04-19 12:56:26,567 DEBUG [main][MybatisConfiguration.java:128] - addMappedStatement: com.transaction.mapper.ItemsMapper.selectCount
2023-04-19 12:56:26,567 DEBUG [main][MybatisConfiguration.java:128] - addMappedStatement: com.transaction.mapper.ItemsMapper.selectCount
2023-04-19 12:56:26,573 DEBUG [main][MybatisConfiguration.java:128] - addMappedStatement: com.transaction.mapper.ItemsMapper.selectMaps
2023-04-19 12:56:26,573 DEBUG [main][MybatisConfiguration.java:128] - addMappedStatement: com.transaction.mapper.ItemsMapper.selectMaps
2023-04-19 12:56:26,578 DEBUG [main][MybatisConfiguration.java:128] - addMappedStatement: com.transaction.mapper.ItemsMapper.selectMapsPage
2023-04-19 12:56:26,578 DEBUG [main][MybatisConfiguration.java:128] - addMappedStatement: com.transaction.mapper.ItemsMapper.selectMapsPage
2023-04-19 12:56:26,584 DEBUG [main][MybatisConfiguration.java:128] - addMappedStatement: com.transaction.mapper.ItemsMapper.selectObjs
2023-04-19 12:56:26,584 DEBUG [main][MybatisConfiguration.java:128] - addMappedStatement: com.transaction.mapper.ItemsMapper.selectObjs
2023-04-19 12:56:26,588 DEBUG [main][MybatisConfiguration.java:128] - addMappedStatement: com.transaction.mapper.ItemsMapper.selectList
2023-04-19 12:56:26,588 DEBUG [main][MybatisConfiguration.java:128] - addMappedStatement: com.transaction.mapper.ItemsMapper.selectList
2023-04-19 12:56:26,592 DEBUG [main][MybatisConfiguration.java:128] - addMappedStatement: com.transaction.mapper.ItemsMapper.selectPage
2023-04-19 12:56:26,592 DEBUG [main][MybatisConfiguration.java:128] - addMappedStatement: com.transaction.mapper.ItemsMapper.selectPage
2023-04-19 12:56:26,618 DEBUG [main][MybatisConfiguration.java:128] - addMappedStatement: com.transaction.mapper.UsersMapper.insert
2023-04-19 12:56:26,618 DEBUG [main][MybatisConfiguration.java:128] - addMappedStatement: com.transaction.mapper.UsersMapper.insert
2023-04-19 12:56:26,621 DEBUG [main][MybatisConfiguration.java:128] - addMappedStatement: com.transaction.mapper.UsersMapper.delete
2023-04-19 12:56:26,621 DEBUG [main][MybatisConfiguration.java:128] - addMappedStatement: com.transaction.mapper.UsersMapper.delete
2023-04-19 12:56:26,624 DEBUG [main][MybatisConfiguration.java:128] - addMappedStatement: com.transaction.mapper.UsersMapper.deleteByMap
2023-04-19 12:56:26,624 DEBUG [main][MybatisConfiguration.java:128] - addMappedStatement: com.transaction.mapper.UsersMapper.deleteByMap
2023-04-19 12:56:26,626 DEBUG [main][MybatisConfiguration.java:128] - addMappedStatement: com.transaction.mapper.UsersMapper.deleteById
2023-04-19 12:56:26,626 DEBUG [main][MybatisConfiguration.java:128] - addMappedStatement: com.transaction.mapper.UsersMapper.deleteById
2023-04-19 12:56:26,628 DEBUG [main][MybatisConfiguration.java:128] - addMappedStatement: com.transaction.mapper.UsersMapper.deleteBatchIds
2023-04-19 12:56:26,628 DEBUG [main][MybatisConfiguration.java:128] - addMappedStatement: com.transaction.mapper.UsersMapper.deleteBatchIds
2023-04-19 12:56:26,632 DEBUG [main][MybatisConfiguration.java:128] - addMappedStatement: com.transaction.mapper.UsersMapper.update
2023-04-19 12:56:26,632 DEBUG [main][MybatisConfiguration.java:128] - addMappedStatement: com.transaction.mapper.UsersMapper.update
2023-04-19 12:56:26,635 DEBUG [main][MybatisConfiguration.java:128] - addMappedStatement: com.transaction.mapper.UsersMapper.updateById
2023-04-19 12:56:26,635 DEBUG [main][MybatisConfiguration.java:128] - addMappedStatement: com.transaction.mapper.UsersMapper.updateById
2023-04-19 12:56:26,635 DEBUG [main][MybatisConfiguration.java:128] - addMappedStatement: com.transaction.mapper.UsersMapper.selectById
2023-04-19 12:56:26,635 DEBUG [main][MybatisConfiguration.java:128] - addMappedStatement: com.transaction.mapper.UsersMapper.selectById
2023-04-19 12:56:26,637 DEBUG [main][MybatisConfiguration.java:128] - addMappedStatement: com.transaction.mapper.UsersMapper.selectBatchIds
2023-04-19 12:56:26,637 DEBUG [main][MybatisConfiguration.java:128] - addMappedStatement: com.transaction.mapper.UsersMapper.selectBatchIds
2023-04-19 12:56:26,639 DEBUG [main][MybatisConfiguration.java:128] - addMappedStatement: com.transaction.mapper.UsersMapper.selectByMap
2023-04-19 12:56:26,639 DEBUG [main][MybatisConfiguration.java:128] - addMappedStatement: com.transaction.mapper.UsersMapper.selectByMap
2023-04-19 12:56:26,643 DEBUG [main][MybatisConfiguration.java:128] - addMappedStatement: com.transaction.mapper.UsersMapper.selectOne
2023-04-19 12:56:26,643 DEBUG [main][MybatisConfiguration.java:128] - addMappedStatement: com.transaction.mapper.UsersMapper.selectOne
2023-04-19 12:56:26,647 DEBUG [main][MybatisConfiguration.java:128] - addMappedStatement: com.transaction.mapper.UsersMapper.selectCount
2023-04-19 12:56:26,647 DEBUG [main][MybatisConfiguration.java:128] - addMappedStatement: com.transaction.mapper.UsersMapper.selectCount
2023-04-19 12:56:26,650 DEBUG [main][MybatisConfiguration.java:128] - addMappedStatement: com.transaction.mapper.UsersMapper.selectMaps
2023-04-19 12:56:26,650 DEBUG [main][MybatisConfiguration.java:128] - addMappedStatement: com.transaction.mapper.UsersMapper.selectMaps
2023-04-19 12:56:26,654 DEBUG [main][MybatisConfiguration.java:128] - addMappedStatement: com.transaction.mapper.UsersMapper.selectMapsPage
2023-04-19 12:56:26,654 DEBUG [main][MybatisConfiguration.java:128] - addMappedStatement: com.transaction.mapper.UsersMapper.selectMapsPage
2023-04-19 12:56:26,657 DEBUG [main][MybatisConfiguration.java:128] - addMappedStatement: com.transaction.mapper.UsersMapper.selectObjs
2023-04-19 12:56:26,657 DEBUG [main][MybatisConfiguration.java:128] - addMappedStatement: com.transaction.mapper.UsersMapper.selectObjs
2023-04-19 12:56:26,660 DEBUG [main][MybatisConfiguration.java:128] - addMappedStatement: com.transaction.mapper.UsersMapper.selectList
2023-04-19 12:56:26,660 DEBUG [main][MybatisConfiguration.java:128] - addMappedStatement: com.transaction.mapper.UsersMapper.selectList
2023-04-19 12:56:26,665 DEBUG [main][MybatisConfiguration.java:128] - addMappedStatement: com.transaction.mapper.UsersMapper.selectPage
2023-04-19 12:56:26,665 DEBUG [main][MybatisConfiguration.java:128] - addMappedStatement: com.transaction.mapper.UsersMapper.selectPage
2023-04-19 12:56:27,145 INFO [main][ExecutorConfigurationSupport.java:181] - Initializing ExecutorService 'applicationTaskExecutor'
2023-04-19 12:56:27,145 INFO [main][ExecutorConfigurationSupport.java:181] - Initializing ExecutorService 'applicationTaskExecutor'
2023-04-19 12:56:27,431 DEBUG [main][MybatisPlusAutoConfiguration.java:314] - Not found configuration for registering mapper bean using @MapperScan, MapperFactoryBean and MapperScannerConfigurer.
2023-04-19 12:56:27,431 DEBUG [main][MybatisPlusAutoConfiguration.java:314] - Not found configuration for registering mapper bean using @MapperScan, MapperFactoryBean and MapperScannerConfigurer.
2023-04-19 12:56:27,571 INFO [main][StartupInfoLogger.java:61] - Started SecondHandTransactionApplicationTests in 3.207 seconds (JVM running for 4.864)
2023-04-19 12:56:27,571 INFO [main][StartupInfoLogger.java:61] - Started SecondHandTransactionApplicationTests in 3.207 seconds (JVM running for 4.864)
2023-04-19 12:56:28,158 DEBUG [main][HikariConfig.java:1066] - HikariPool-1 - configuration:
2023-04-19 12:56:28,158 DEBUG [main][HikariConfig.java:1066] - HikariPool-1 - configuration:
2023-04-19 12:56:28,161 DEBUG [main][HikariConfig.java:1098] - allowPoolSuspension.............false
2023-04-19 12:56:28,161 DEBUG [main][HikariConfig.java:1098] - allowPoolSuspension.............false
2023-04-19 12:56:28,163 DEBUG [main][HikariConfig.java:1098] - autoCommit......................true
2023-04-19 12:56:28,163 DEBUG [main][HikariConfig.java:1098] - autoCommit......................true
2023-04-19 12:56:28,163 DEBUG [main][HikariConfig.java:1098] - catalog.........................none
2023-04-19 12:56:28,163 DEBUG [main][HikariConfig.java:1098] - catalog.........................none
2023-04-19 12:56:28,164 DEBUG [main][HikariConfig.java:1098] - connectionInitSql...............none
2023-04-19 12:56:28,164 DEBUG [main][HikariConfig.java:1098] - connectionInitSql...............none
2023-04-19 12:56:28,164 DEBUG [main][HikariConfig.java:1098] - connectionTestQuery.............none
2023-04-19 12:56:28,164 DEBUG [main][HikariConfig.java:1098] - connectionTestQuery.............none
2023-04-19 12:56:28,164 DEBUG [main][HikariConfig.java:1098] - connectionTimeout...............30000
2023-04-19 12:56:28,164 DEBUG [main][HikariConfig.java:1098] - connectionTimeout...............30000
2023-04-19 12:56:28,165 DEBUG [main][HikariConfig.java:1098] - dataSource......................none
2023-04-19 12:56:28,165 DEBUG [main][HikariConfig.java:1098] - dataSource......................none
2023-04-19 12:56:28,165 DEBUG [main][HikariConfig.java:1098] - dataSourceClassName.............none
2023-04-19 12:56:28,165 DEBUG [main][HikariConfig.java:1098] - dataSourceClassName.............none
2023-04-19 12:56:28,166 DEBUG [main][HikariConfig.java:1098] - dataSourceJNDI..................none
2023-04-19 12:56:28,166 DEBUG [main][HikariConfig.java:1098] - dataSourceJNDI..................none
2023-04-19 12:56:28,166 DEBUG [main][HikariConfig.java:1098] - dataSourceProperties............{password=<masked>}
2023-04-19 12:56:28,166 DEBUG [main][HikariConfig.java:1098] - dataSourceProperties............{password=<masked>}
2023-04-19 12:56:28,167 DEBUG [main][HikariConfig.java:1098] - driverClassName................."com.mysql.cj.jdbc.Driver"
2023-04-19 12:56:28,167 DEBUG [main][HikariConfig.java:1098] - driverClassName................."com.mysql.cj.jdbc.Driver"
2023-04-19 12:56:28,168 DEBUG [main][HikariConfig.java:1098] - exceptionOverrideClassName......none
2023-04-19 12:56:28,168 DEBUG [main][HikariConfig.java:1098] - exceptionOverrideClassName......none
2023-04-19 12:56:28,168 DEBUG [main][HikariConfig.java:1098] - healthCheckProperties...........{}
2023-04-19 12:56:28,168 DEBUG [main][HikariConfig.java:1098] - healthCheckProperties...........{}
2023-04-19 12:56:28,168 DEBUG [main][HikariConfig.java:1098] - healthCheckRegistry.............none
2023-04-19 12:56:28,168 DEBUG [main][HikariConfig.java:1098] - healthCheckRegistry.............none
2023-04-19 12:56:28,168 DEBUG [main][HikariConfig.java:1098] - idleTimeout.....................600000
2023-04-19 12:56:28,168 DEBUG [main][HikariConfig.java:1098] - idleTimeout.....................600000
2023-04-19 12:56:28,169 DEBUG [main][HikariConfig.java:1098] - initializationFailTimeout.......1
2023-04-19 12:56:28,169 DEBUG [main][HikariConfig.java:1098] - initializationFailTimeout.......1
2023-04-19 12:56:28,169 DEBUG [main][HikariConfig.java:1098] - isolateInternalQueries..........false
2023-04-19 12:56:28,169 DEBUG [main][HikariConfig.java:1098] - isolateInternalQueries..........false
2023-04-19 12:56:28,170 DEBUG [main][HikariConfig.java:1098] - jdbcUrl.........................jdbc:mysql://localhost:3306/comp_7506
2023-04-19 12:56:28,170 DEBUG [main][HikariConfig.java:1098] - jdbcUrl.........................jdbc:mysql://localhost:3306/comp_7506
2023-04-19 12:56:28,170 DEBUG [main][HikariConfig.java:1098] - leakDetectionThreshold..........0
2023-04-19 12:56:28,170 DEBUG [main][HikariConfig.java:1098] - leakDetectionThreshold..........0
2023-04-19 12:56:28,171 DEBUG [main][HikariConfig.java:1098] - maxLifetime.....................1800000
2023-04-19 12:56:28,171 DEBUG [main][HikariConfig.java:1098] - maxLifetime.....................1800000
2023-04-19 12:56:28,171 DEBUG [main][HikariConfig.java:1098] - maximumPoolSize.................10
2023-04-19 12:56:28,171 DEBUG [main][HikariConfig.java:1098] - maximumPoolSize.................10
2023-04-19 12:56:28,171 DEBUG [main][HikariConfig.java:1098] - metricRegistry..................none
2023-04-19 12:56:28,171 DEBUG [main][HikariConfig.java:1098] - metricRegistry..................none
2023-04-19 12:56:28,171 DEBUG [main][HikariConfig.java:1098] - metricsTrackerFactory...........none
2023-04-19 12:56:28,171 DEBUG [main][HikariConfig.java:1098] - metricsTrackerFactory...........none
2023-04-19 12:56:28,172 DEBUG [main][HikariConfig.java:1098] - minimumIdle.....................10
2023-04-19 12:56:28,172 DEBUG [main][HikariConfig.java:1098] - minimumIdle.....................10
2023-04-19 12:56:28,172 DEBUG [main][HikariConfig.java:1098] - password........................<masked>
2023-04-19 12:56:28,172 DEBUG [main][HikariConfig.java:1098] - password........................<masked>
2023-04-19 12:56:28,172 DEBUG [main][HikariConfig.java:1098] - poolName........................"HikariPool-1"
2023-04-19 12:56:28,172 DEBUG [main][HikariConfig.java:1098] - poolName........................"HikariPool-1"
2023-04-19 12:56:28,173 DEBUG [main][HikariConfig.java:1098] - readOnly........................false
2023-04-19 12:56:28,173 DEBUG [main][HikariConfig.java:1098] - readOnly........................false
2023-04-19 12:56:28,173 DEBUG [main][HikariConfig.java:1098] - registerMbeans..................false
2023-04-19 12:56:28,173 DEBUG [main][HikariConfig.java:1098] - registerMbeans..................false
2023-04-19 12:56:28,174 DEBUG [main][HikariConfig.java:1098] - scheduledExecutor...............none
2023-04-19 12:56:28,174 DEBUG [main][HikariConfig.java:1098] - scheduledExecutor...............none
2023-04-19 12:56:28,175 DEBUG [main][HikariConfig.java:1098] - schema..........................none
2023-04-19 12:56:28,175 DEBUG [main][HikariConfig.java:1098] - schema..........................none
2023-04-19 12:56:28,175 DEBUG [main][HikariConfig.java:1098] - threadFactory...................internal
2023-04-19 12:56:28,175 DEBUG [main][HikariConfig.java:1098] - threadFactory...................internal
2023-04-19 12:56:28,175 DEBUG [main][HikariConfig.java:1098] - transactionIsolation............default
2023-04-19 12:56:28,175 DEBUG [main][HikariConfig.java:1098] - transactionIsolation............default
2023-04-19 12:56:28,175 DEBUG [main][HikariConfig.java:1098] - username........................"root"
2023-04-19 12:56:28,175 DEBUG [main][HikariConfig.java:1098] - username........................"root"
2023-04-19 12:56:28,175 DEBUG [main][HikariConfig.java:1098] - validationTimeout...............5000
2023-04-19 12:56:28,175 DEBUG [main][HikariConfig.java:1098] - validationTimeout...............5000
2023-04-19 12:56:28,176 INFO [main][HikariDataSource.java:110] - HikariPool-1 - Starting...
2023-04-19 12:56:28,176 INFO [main][HikariDataSource.java:110] - HikariPool-1 - Starting...
2023-04-19 12:56:28,785 DEBUG [main][HikariPool.java:564] - HikariPool-1 - Added connection com.mysql.cj.jdbc.ConnectionImpl@3e01796a
2023-04-19 12:56:28,785 DEBUG [main][HikariPool.java:564] - HikariPool-1 - Added connection com.mysql.cj.jdbc.ConnectionImpl@3e01796a
2023-04-19 12:56:28,787 INFO [main][HikariDataSource.java:123] - HikariPool-1 - Start completed.
2023-04-19 12:56:28,787 INFO [main][HikariDataSource.java:123] - HikariPool-1 - Start completed.
2023-04-19 12:56:28,799 DEBUG [main][BaseJdbcLogger.java:137] - ==>  Preparing: INSERT INTO users ( user_name, user_passowrd, user_phone ) VALUES ( ?, ?, ? )
2023-04-19 12:56:28,799 DEBUG [main][BaseJdbcLogger.java:137] - ==>  Preparing: INSERT INTO users ( user_name, user_passowrd, user_phone ) VALUES ( ?, ?, ? )
2023-04-19 12:56:28,837 DEBUG [main][BaseJdbcLogger.java:137] - ==> Parameters: aa(String), ddad(String), 111111(String)
2023-04-19 12:56:28,837 DEBUG [main][BaseJdbcLogger.java:137] - ==> Parameters: aa(String), ddad(String), 111111(String)
2023-04-19 12:56:28,888 DEBUG [HikariPool-1 housekeeper][HikariPool.java:421] - HikariPool-1 - Pool stats (total=1, active=1, idle=0, waiting=0)
2023-04-19 12:56:28,888 DEBUG [HikariPool-1 housekeeper][HikariPool.java:421] - HikariPool-1 - Pool stats (total=1, active=1, idle=0, waiting=0)
2023-04-19 12:56:28,918 DEBUG [HikariPool-1 connection adder][HikariPool.java:728] - HikariPool-1 - Added connection com.mysql.cj.jdbc.ConnectionImpl@1e5ba4b5
2023-04-19 12:56:28,918 DEBUG [HikariPool-1 connection adder][HikariPool.java:728] - HikariPool-1 - Added connection com.mysql.cj.jdbc.ConnectionImpl@1e5ba4b5
2023-04-19 12:56:28,949 DEBUG [HikariPool-1 connection adder][HikariPool.java:728] - HikariPool-1 - Added connection com.mysql.cj.jdbc.ConnectionImpl@7e745bfa
2023-04-19 12:56:28,949 DEBUG [HikariPool-1 connection adder][HikariPool.java:728] - HikariPool-1 - Added connection com.mysql.cj.jdbc.ConnectionImpl@7e745bfa
2023-04-19 12:56:28,974 DEBUG [HikariPool-1 connection adder][HikariPool.java:728] - HikariPool-1 - Added connection com.mysql.cj.jdbc.ConnectionImpl@5207afcb
2023-04-19 12:56:28,974 DEBUG [HikariPool-1 connection adder][HikariPool.java:728] - HikariPool-1 - Added connection com.mysql.cj.jdbc.ConnectionImpl@5207afcb
2023-04-19 12:56:28,989 DEBUG [main][BaseJdbcLogger.java:137] - <==    Updates: 1
2023-04-19 12:56:28,989 DEBUG [main][BaseJdbcLogger.java:137] - <==    Updates: 1
2023-04-19 12:56:28,996 DEBUG [HikariPool-1 connection adder][HikariPool.java:728] - HikariPool-1 - Added connection com.mysql.cj.jdbc.ConnectionImpl@7a3ac127
2023-04-19 12:56:28,996 DEBUG [HikariPool-1 connection adder][HikariPool.java:728] - HikariPool-1 - Added connection com.mysql.cj.jdbc.ConnectionImpl@7a3ac127
2023-04-19 12:56:29,017 DEBUG [HikariPool-1 connection adder][HikariPool.java:728] - HikariPool-1 - Added connection com.mysql.cj.jdbc.ConnectionImpl@5e2bc687
2023-04-19 12:56:29,017 DEBUG [HikariPool-1 connection adder][HikariPool.java:728] - HikariPool-1 - Added connection com.mysql.cj.jdbc.ConnectionImpl@5e2bc687
2023-04-19 12:56:29,042 INFO [SpringContextShutdownHook][ExecutorConfigurationSupport.java:218] - Shutting down ExecutorService 'applicationTaskExecutor'
2023-04-19 12:56:29,042 INFO [SpringContextShutdownHook][ExecutorConfigurationSupport.java:218] - Shutting down ExecutorService 'applicationTaskExecutor'
2023-04-19 12:56:29,044 DEBUG [HikariPool-1 connection adder][HikariPool.java:728] - HikariPool-1 - Added connection com.mysql.cj.jdbc.ConnectionImpl@3b1c797e
2023-04-19 12:56:29,044 DEBUG [HikariPool-1 connection adder][HikariPool.java:728] - HikariPool-1 - Added connection com.mysql.cj.jdbc.ConnectionImpl@3b1c797e
2023-04-19 12:56:29,044 INFO [SpringContextShutdownHook][HikariDataSource.java:350] - HikariPool-1 - Shutdown initiated...
2023-04-19 12:56:29,044 INFO [SpringContextShutdownHook][HikariDataSource.java:350] - HikariPool-1 - Shutdown initiated...
2023-04-19 12:56:29,045 DEBUG [SpringContextShutdownHook][HikariPool.java:421] - HikariPool-1 - Before shutdown stats (total=7, active=0, idle=7, waiting=0)
2023-04-19 12:56:29,045 DEBUG [SpringContextShutdownHook][HikariPool.java:421] - HikariPool-1 - Before shutdown stats (total=7, active=0, idle=7, waiting=0)
2023-04-19 12:56:29,047 DEBUG [HikariPool-1 connection closer][PoolBase.java:134] - HikariPool-1 - Closing connection com.mysql.cj.jdbc.ConnectionImpl@3e01796a: (connection evicted)
2023-04-19 12:56:29,047 DEBUG [HikariPool-1 connection closer][PoolBase.java:134] - HikariPool-1 - Closing connection com.mysql.cj.jdbc.ConnectionImpl@3e01796a: (connection evicted)
2023-04-19 12:56:29,050 DEBUG [HikariPool-1 connection closer][PoolBase.java:134] - HikariPool-1 - Closing connection com.mysql.cj.jdbc.ConnectionImpl@1e5ba4b5: (connection evicted)
2023-04-19 12:56:29,050 DEBUG [HikariPool-1 connection closer][PoolBase.java:134] - HikariPool-1 - Closing connection com.mysql.cj.jdbc.ConnectionImpl@1e5ba4b5: (connection evicted)
2023-04-19 12:56:29,051 DEBUG [HikariPool-1 connection closer][PoolBase.java:134] - HikariPool-1 - Closing connection com.mysql.cj.jdbc.ConnectionImpl@7e745bfa: (connection evicted)
2023-04-19 12:56:29,051 DEBUG [HikariPool-1 connection closer][PoolBase.java:134] - HikariPool-1 - Closing connection com.mysql.cj.jdbc.ConnectionImpl@7e745bfa: (connection evicted)
2023-04-19 12:56:29,052 DEBUG [HikariPool-1 connection closer][PoolBase.java:134] - HikariPool-1 - Closing connection com.mysql.cj.jdbc.ConnectionImpl@5207afcb: (connection evicted)
2023-04-19 12:56:29,052 DEBUG [HikariPool-1 connection closer][PoolBase.java:134] - HikariPool-1 - Closing connection com.mysql.cj.jdbc.ConnectionImpl@5207afcb: (connection evicted)
2023-04-19 12:56:29,053 DEBUG [HikariPool-1 connection closer][PoolBase.java:134] - HikariPool-1 - Closing connection com.mysql.cj.jdbc.ConnectionImpl@7a3ac127: (connection evicted)
2023-04-19 12:56:29,053 DEBUG [HikariPool-1 connection closer][PoolBase.java:134] - HikariPool-1 - Closing connection com.mysql.cj.jdbc.ConnectionImpl@7a3ac127: (connection evicted)
2023-04-19 12:56:29,054 DEBUG [HikariPool-1 connection closer][PoolBase.java:134] - HikariPool-1 - Closing connection com.mysql.cj.jdbc.ConnectionImpl@5e2bc687: (connection evicted)
2023-04-19 12:56:29,054 DEBUG [HikariPool-1 connection closer][PoolBase.java:134] - HikariPool-1 - Closing connection com.mysql.cj.jdbc.ConnectionImpl@5e2bc687: (connection evicted)
2023-04-19 12:56:29,055 DEBUG [HikariPool-1 connection closer][PoolBase.java:134] - HikariPool-1 - Closing connection com.mysql.cj.jdbc.ConnectionImpl@3b1c797e: (connection evicted)
2023-04-19 12:56:29,055 DEBUG [HikariPool-1 connection closer][PoolBase.java:134] - HikariPool-1 - Closing connection com.mysql.cj.jdbc.ConnectionImpl@3b1c797e: (connection evicted)
2023-04-19 12:56:29,068 DEBUG [HikariPool-1 connection adder][HikariPool.java:728] - HikariPool-1 - Added connection com.mysql.cj.jdbc.ConnectionImpl@321d0391
2023-04-19 12:56:29,068 DEBUG [HikariPool-1 connection adder][HikariPool.java:728] - HikariPool-1 - Added connection com.mysql.cj.jdbc.ConnectionImpl@321d0391
2023-04-19 12:56:29,070 DEBUG [HikariPool-1 connection closer][PoolBase.java:134] - HikariPool-1 - Closing connection com.mysql.cj.jdbc.ConnectionImpl@321d0391: (connection evicted)
2023-04-19 12:56:29,070 DEBUG [HikariPool-1 connection closer][PoolBase.java:134] - HikariPool-1 - Closing connection com.mysql.cj.jdbc.ConnectionImpl@321d0391: (connection evicted)
2023-04-19 12:56:29,072 DEBUG [SpringContextShutdownHook][HikariPool.java:421] - HikariPool-1 - After shutdown stats (total=0, active=0, idle=0, waiting=0)
2023-04-19 12:56:29,072 DEBUG [SpringContextShutdownHook][HikariPool.java:421] - HikariPool-1 - After shutdown stats (total=0, active=0, idle=0, waiting=0)
2023-04-19 12:56:29,072 INFO [SpringContextShutdownHook][HikariDataSource.java:352] - HikariPool-1 - Shutdown completed.
2023-04-19 12:56:29,072 INFO [SpringContextShutdownHook][HikariDataSource.java:352] - HikariPool-1 - Shutdown completed.
