2023-04-14 12:04:35,396 INFO [main][StartupInfoLogger.java:55] - Starting SecondHandTransactionApplication on DESKTOP-3QO7P5A with PID 25080 (D:\Android_Project\group_project\COMP-7506-Secondary-Market\Java_Backend\target\classes started by huweiyan in D:\Android_Project\group_project\COMP-7506-Secondary-Market\Java_Backend)
2023-04-14 12:04:35,396 INFO [main][StartupInfoLogger.java:55] - Starting SecondHandTransactionApplication on DESKTOP-3QO7P5A with PID 25080 (D:\Android_Project\group_project\COMP-7506-Secondary-Market\Java_Backend\target\classes started by huweiyan in D:\Android_Project\group_project\COMP-7506-Secondary-Market\Java_Backend)
2023-04-14 12:04:35,413 DEBUG [main][StartupInfoLogger.java:56] - Running with Spring Boot v2.3.3.RELEASE, Spring v5.2.8.RELEASE
2023-04-14 12:04:35,413 DEBUG [main][StartupInfoLogger.java:56] - Running with Spring Boot v2.3.3.RELEASE, Spring v5.2.8.RELEASE
2023-04-14 12:04:35,415 INFO [main][SpringApplication.java:651] - No active profile set, falling back to default profiles: default
2023-04-14 12:04:35,415 INFO [main][SpringApplication.java:651] - No active profile set, falling back to default profiles: default
2023-04-14 12:04:35,883 DEBUG [main][MybatisPlusAutoConfiguration.java:278] - Searching for mappers annotated with @Mapper
2023-04-14 12:04:35,883 DEBUG [main][MybatisPlusAutoConfiguration.java:278] - Searching for mappers annotated with @Mapper
2023-04-14 12:04:35,885 DEBUG [main][MybatisPlusAutoConfiguration.java:282] - Using auto-configuration base package 'com.transaction'
2023-04-14 12:04:35,885 DEBUG [main][MybatisPlusAutoConfiguration.java:282] - Using auto-configuration base package 'com.transaction'
2023-04-14 12:04:35,964 DEBUG [main][LogFactory.java:105] - Logging initialized using 'class org.apache.ibatis.logging.slf4j.Slf4jImpl' adapter.
2023-04-14 12:04:35,964 DEBUG [main][LogFactory.java:105] - Logging initialized using 'class org.apache.ibatis.logging.slf4j.Slf4jImpl' adapter.
2023-04-14 12:04:36,252 INFO [main][TomcatWebServer.java:108] - Tomcat initialized with port(s): 9010 (http)
2023-04-14 12:04:36,252 INFO [main][TomcatWebServer.java:108] - Tomcat initialized with port(s): 9010 (http)
2023-04-14 12:04:36,258 INFO [main][DirectJDKLog.java:173] - Initializing ProtocolHandler ["http-nio-9010"]
2023-04-14 12:04:36,258 INFO [main][DirectJDKLog.java:173] - Initializing ProtocolHandler ["http-nio-9010"]
2023-04-14 12:04:36,259 INFO [main][DirectJDKLog.java:173] - Starting service [Tomcat]
2023-04-14 12:04:36,259 INFO [main][DirectJDKLog.java:173] - Starting service [Tomcat]
2023-04-14 12:04:36,260 INFO [main][DirectJDKLog.java:173] - Starting Servlet engine: [Apache Tomcat/9.0.37]
2023-04-14 12:04:36,260 INFO [main][DirectJDKLog.java:173] - Starting Servlet engine: [Apache Tomcat/9.0.37]
2023-04-14 12:04:36,324 INFO [main][DirectJDKLog.java:173] - Initializing Spring embedded WebApplicationContext
2023-04-14 12:04:36,324 INFO [main][DirectJDKLog.java:173] - Initializing Spring embedded WebApplicationContext
2023-04-14 12:04:36,325 INFO [main][ServletWebServerApplicationContext.java:285] - Root WebApplicationContext: initialization completed in 858 ms
2023-04-14 12:04:36,325 INFO [main][ServletWebServerApplicationContext.java:285] - Root WebApplicationContext: initialization completed in 858 ms
2023-04-14 12:04:36,401 DEBUG [main][HikariConfig.java:946] - Driver class com.mysql.cj.jdbc.Driver found in Thread context class loader jdk.internal.loader.ClassLoaders$AppClassLoader@66d3c617
2023-04-14 12:04:36,401 DEBUG [main][HikariConfig.java:946] - Driver class com.mysql.cj.jdbc.Driver found in Thread context class loader jdk.internal.loader.ClassLoaders$AppClassLoader@66d3c617
2023-04-14 12:04:36,454 DEBUG [main][Logger.java:49] - Property 'mapperLocations' was not specified.
2023-04-14 12:04:36,454 DEBUG [main][Logger.java:49] - Property 'mapperLocations' was not specified.
2023-04-14 12:04:36,574 DEBUG [main][MybatisConfiguration.java:128] - addMappedStatement: com.transaction.mapper.ItemsMapper.selectAllItems
2023-04-14 12:04:36,574 DEBUG [main][MybatisConfiguration.java:128] - addMappedStatement: com.transaction.mapper.ItemsMapper.selectAllItems
2023-04-14 12:04:36,599 DEBUG [main][MybatisConfiguration.java:128] - addMappedStatement: com.transaction.mapper.ItemsMapper.insert
2023-04-14 12:04:36,599 DEBUG [main][MybatisConfiguration.java:128] - addMappedStatement: com.transaction.mapper.ItemsMapper.insert
2023-04-14 12:04:36,603 DEBUG [main][MybatisConfiguration.java:128] - addMappedStatement: com.transaction.mapper.ItemsMapper.delete
2023-04-14 12:04:36,603 DEBUG [main][MybatisConfiguration.java:128] - addMappedStatement: com.transaction.mapper.ItemsMapper.delete
2023-04-14 12:04:36,606 DEBUG [main][MybatisConfiguration.java:128] - addMappedStatement: com.transaction.mapper.ItemsMapper.deleteByMap
2023-04-14 12:04:36,606 DEBUG [main][MybatisConfiguration.java:128] - addMappedStatement: com.transaction.mapper.ItemsMapper.deleteByMap
2023-04-14 12:04:36,609 DEBUG [main][MybatisConfiguration.java:128] - addMappedStatement: com.transaction.mapper.ItemsMapper.deleteById
2023-04-14 12:04:36,609 DEBUG [main][MybatisConfiguration.java:128] - addMappedStatement: com.transaction.mapper.ItemsMapper.deleteById
2023-04-14 12:04:36,611 DEBUG [main][MybatisConfiguration.java:128] - addMappedStatement: com.transaction.mapper.ItemsMapper.deleteBatchIds
2023-04-14 12:04:36,611 DEBUG [main][MybatisConfiguration.java:128] - addMappedStatement: com.transaction.mapper.ItemsMapper.deleteBatchIds
2023-04-14 12:04:36,615 DEBUG [main][MybatisConfiguration.java:128] - addMappedStatement: com.transaction.mapper.ItemsMapper.update
2023-04-14 12:04:36,615 DEBUG [main][MybatisConfiguration.java:128] - addMappedStatement: com.transaction.mapper.ItemsMapper.update
2023-04-14 12:04:36,617 DEBUG [main][MybatisConfiguration.java:128] - addMappedStatement: com.transaction.mapper.ItemsMapper.updateById
2023-04-14 12:04:36,617 DEBUG [main][MybatisConfiguration.java:128] - addMappedStatement: com.transaction.mapper.ItemsMapper.updateById
2023-04-14 12:04:36,618 DEBUG [main][MybatisConfiguration.java:128] - addMappedStatement: com.transaction.mapper.ItemsMapper.selectById
2023-04-14 12:04:36,618 DEBUG [main][MybatisConfiguration.java:128] - addMappedStatement: com.transaction.mapper.ItemsMapper.selectById
2023-04-14 12:04:36,619 DEBUG [main][MybatisConfiguration.java:128] - addMappedStatement: com.transaction.mapper.ItemsMapper.selectBatchIds
2023-04-14 12:04:36,619 DEBUG [main][MybatisConfiguration.java:128] - addMappedStatement: com.transaction.mapper.ItemsMapper.selectBatchIds
2023-04-14 12:04:36,621 DEBUG [main][MybatisConfiguration.java:128] - addMappedStatement: com.transaction.mapper.ItemsMapper.selectByMap
2023-04-14 12:04:36,621 DEBUG [main][MybatisConfiguration.java:128] - addMappedStatement: com.transaction.mapper.ItemsMapper.selectByMap
2023-04-14 12:04:36,624 DEBUG [main][MybatisConfiguration.java:128] - addMappedStatement: com.transaction.mapper.ItemsMapper.selectOne
2023-04-14 12:04:36,624 DEBUG [main][MybatisConfiguration.java:128] - addMappedStatement: com.transaction.mapper.ItemsMapper.selectOne
2023-04-14 12:04:36,631 DEBUG [main][MybatisConfiguration.java:128] - addMappedStatement: com.transaction.mapper.ItemsMapper.selectCount
2023-04-14 12:04:36,631 DEBUG [main][MybatisConfiguration.java:128] - addMappedStatement: com.transaction.mapper.ItemsMapper.selectCount
2023-04-14 12:04:36,634 DEBUG [main][MybatisConfiguration.java:128] - addMappedStatement: com.transaction.mapper.ItemsMapper.selectMaps
2023-04-14 12:04:36,634 DEBUG [main][MybatisConfiguration.java:128] - addMappedStatement: com.transaction.mapper.ItemsMapper.selectMaps
2023-04-14 12:04:36,636 DEBUG [main][MybatisConfiguration.java:128] - addMappedStatement: com.transaction.mapper.ItemsMapper.selectMapsPage
2023-04-14 12:04:36,636 DEBUG [main][MybatisConfiguration.java:128] - addMappedStatement: com.transaction.mapper.ItemsMapper.selectMapsPage
2023-04-14 12:04:36,639 DEBUG [main][MybatisConfiguration.java:128] - addMappedStatement: com.transaction.mapper.ItemsMapper.selectObjs
2023-04-14 12:04:36,639 DEBUG [main][MybatisConfiguration.java:128] - addMappedStatement: com.transaction.mapper.ItemsMapper.selectObjs
2023-04-14 12:04:36,642 DEBUG [main][MybatisConfiguration.java:128] - addMappedStatement: com.transaction.mapper.ItemsMapper.selectList
2023-04-14 12:04:36,642 DEBUG [main][MybatisConfiguration.java:128] - addMappedStatement: com.transaction.mapper.ItemsMapper.selectList
2023-04-14 12:04:36,645 DEBUG [main][MybatisConfiguration.java:128] - addMappedStatement: com.transaction.mapper.ItemsMapper.selectPage
2023-04-14 12:04:36,645 DEBUG [main][MybatisConfiguration.java:128] - addMappedStatement: com.transaction.mapper.ItemsMapper.selectPage
2023-04-14 12:04:36,739 INFO [main][ExecutorConfigurationSupport.java:181] - Initializing ExecutorService 'applicationTaskExecutor'
2023-04-14 12:04:36,739 INFO [main][ExecutorConfigurationSupport.java:181] - Initializing ExecutorService 'applicationTaskExecutor'
2023-04-14 12:04:36,825 DEBUG [main][MybatisPlusAutoConfiguration.java:314] - Not found configuration for registering mapper bean using @MapperScan, MapperFactoryBean and MapperScannerConfigurer.
2023-04-14 12:04:36,825 DEBUG [main][MybatisPlusAutoConfiguration.java:314] - Not found configuration for registering mapper bean using @MapperScan, MapperFactoryBean and MapperScannerConfigurer.
2023-04-14 12:04:36,884 INFO [main][DirectJDKLog.java:173] - Starting ProtocolHandler ["http-nio-9010"]
2023-04-14 12:04:36,884 INFO [main][DirectJDKLog.java:173] - Starting ProtocolHandler ["http-nio-9010"]
2023-04-14 12:04:36,920 INFO [main][TomcatWebServer.java:220] - Tomcat started on port(s): 9010 (http) with context path ''
2023-04-14 12:04:36,920 INFO [main][TomcatWebServer.java:220] - Tomcat started on port(s): 9010 (http) with context path ''
2023-04-14 12:04:36,930 INFO [main][StartupInfoLogger.java:61] - Started SecondHandTransactionApplication in 1.974 seconds (JVM running for 2.673)
2023-04-14 12:04:36,930 INFO [main][StartupInfoLogger.java:61] - Started SecondHandTransactionApplication in 1.974 seconds (JVM running for 2.673)
2023-04-14 12:04:55,936 INFO [http-nio-9010-exec-1][DirectJDKLog.java:173] - Initializing Spring DispatcherServlet 'dispatcherServlet'
2023-04-14 12:04:55,936 INFO [http-nio-9010-exec-1][DirectJDKLog.java:173] - Initializing Spring DispatcherServlet 'dispatcherServlet'
2023-04-14 12:04:55,937 INFO [http-nio-9010-exec-1][FrameworkServlet.java:525] - Initializing Servlet 'dispatcherServlet'
2023-04-14 12:04:55,937 INFO [http-nio-9010-exec-1][FrameworkServlet.java:525] - Initializing Servlet 'dispatcherServlet'
2023-04-14 12:04:55,942 INFO [http-nio-9010-exec-1][FrameworkServlet.java:547] - Completed initialization in 5 ms
2023-04-14 12:04:55,942 INFO [http-nio-9010-exec-1][FrameworkServlet.java:547] - Completed initialization in 5 ms
