2023-04-14 09:34:01,479 INFO [main][StartupInfoLogger.java:55] - Starting SecondHandTransactionApplicationTests on DESKTOP-3QO7P5A with PID 24728 (started by huweiyan in D:\Android_Project\group_project\COMP-7506-Secondary-Market\Java_Backend)
2023-04-14 09:34:01,479 INFO [main][StartupInfoLogger.java:55] - Starting SecondHandTransactionApplicationTests on DESKTOP-3QO7P5A with PID 24728 (started by huweiyan in D:\Android_Project\group_project\COMP-7506-Secondary-Market\Java_Backend)
2023-04-14 09:34:01,500 DEBUG [main][StartupInfoLogger.java:56] - Running with Spring Boot v2.3.3.RELEASE, Spring v5.2.8.RELEASE
2023-04-14 09:34:01,500 DEBUG [main][StartupInfoLogger.java:56] - Running with Spring Boot v2.3.3.RELEASE, Spring v5.2.8.RELEASE
2023-04-14 09:34:01,505 INFO [main][SpringApplication.java:651] - No active profile set, falling back to default profiles: default
2023-04-14 09:34:01,505 INFO [main][SpringApplication.java:651] - No active profile set, falling back to default profiles: default
2023-04-14 09:34:02,131 DEBUG [main][MybatisPlusAutoConfiguration.java:278] - Searching for mappers annotated with @Mapper
2023-04-14 09:34:02,131 DEBUG [main][MybatisPlusAutoConfiguration.java:278] - Searching for mappers annotated with @Mapper
2023-04-14 09:34:02,136 DEBUG [main][MybatisPlusAutoConfiguration.java:282] - Using auto-configuration base package 'com.transaction'
2023-04-14 09:34:02,136 DEBUG [main][MybatisPlusAutoConfiguration.java:282] - Using auto-configuration base package 'com.transaction'
2023-04-14 09:34:02,263 DEBUG [main][LogFactory.java:105] - Logging initialized using 'class org.apache.ibatis.logging.slf4j.Slf4jImpl' adapter.
2023-04-14 09:34:02,263 DEBUG [main][LogFactory.java:105] - Logging initialized using 'class org.apache.ibatis.logging.slf4j.Slf4jImpl' adapter.
2023-04-14 09:34:02,637 DEBUG [main][HikariConfig.java:946] - Driver class com.mysql.cj.jdbc.Driver found in Thread context class loader jdk.internal.loader.ClassLoaders$AppClassLoader@66d3c617
2023-04-14 09:34:02,637 DEBUG [main][HikariConfig.java:946] - Driver class com.mysql.cj.jdbc.Driver found in Thread context class loader jdk.internal.loader.ClassLoaders$AppClassLoader@66d3c617
2023-04-14 09:34:02,791 DEBUG [main][Logger.java:49] - Property 'mapperLocations' was not specified.
2023-04-14 09:34:02,791 DEBUG [main][Logger.java:49] - Property 'mapperLocations' was not specified.
2023-04-14 09:34:02,984 DEBUG [main][MybatisConfiguration.java:128] - addMappedStatement: com.transaction.mapper.ItemsMapper.insert
2023-04-14 09:34:02,984 DEBUG [main][MybatisConfiguration.java:128] - addMappedStatement: com.transaction.mapper.ItemsMapper.insert
2023-04-14 09:34:02,986 DEBUG [main][MybatisConfiguration.java:128] - addMappedStatement: com.transaction.mapper.ItemsMapper.delete
2023-04-14 09:34:02,986 DEBUG [main][MybatisConfiguration.java:128] - addMappedStatement: com.transaction.mapper.ItemsMapper.delete
2023-04-14 09:34:02,993 DEBUG [main][MybatisConfiguration.java:128] - addMappedStatement: com.transaction.mapper.ItemsMapper.deleteByMap
2023-04-14 09:34:02,993 DEBUG [main][MybatisConfiguration.java:128] - addMappedStatement: com.transaction.mapper.ItemsMapper.deleteByMap
2023-04-14 09:34:03,015 DEBUG [main][MybatisConfiguration.java:128] - addMappedStatement: com.transaction.mapper.ItemsMapper.deleteById
2023-04-14 09:34:03,015 DEBUG [main][MybatisConfiguration.java:128] - addMappedStatement: com.transaction.mapper.ItemsMapper.deleteById
2023-04-14 09:34:03,025 DEBUG [main][MybatisConfiguration.java:128] - addMappedStatement: com.transaction.mapper.ItemsMapper.deleteBatchIds
2023-04-14 09:34:03,025 DEBUG [main][MybatisConfiguration.java:128] - addMappedStatement: com.transaction.mapper.ItemsMapper.deleteBatchIds
2023-04-14 09:34:03,027 DEBUG [main][MybatisConfiguration.java:128] - addMappedStatement: com.transaction.mapper.ItemsMapper.update
2023-04-14 09:34:03,027 DEBUG [main][MybatisConfiguration.java:128] - addMappedStatement: com.transaction.mapper.ItemsMapper.update
2023-04-14 09:34:03,027 DEBUG [main][MybatisConfiguration.java:128] - addMappedStatement: com.transaction.mapper.ItemsMapper.updateById
2023-04-14 09:34:03,027 DEBUG [main][MybatisConfiguration.java:128] - addMappedStatement: com.transaction.mapper.ItemsMapper.updateById
2023-04-14 09:34:03,036 DEBUG [main][MybatisConfiguration.java:128] - addMappedStatement: com.transaction.mapper.ItemsMapper.selectById
2023-04-14 09:34:03,036 DEBUG [main][MybatisConfiguration.java:128] - addMappedStatement: com.transaction.mapper.ItemsMapper.selectById
2023-04-14 09:34:03,039 DEBUG [main][MybatisConfiguration.java:128] - addMappedStatement: com.transaction.mapper.ItemsMapper.selectBatchIds
2023-04-14 09:34:03,039 DEBUG [main][MybatisConfiguration.java:128] - addMappedStatement: com.transaction.mapper.ItemsMapper.selectBatchIds
2023-04-14 09:34:03,039 DEBUG [main][MybatisConfiguration.java:128] - addMappedStatement: com.transaction.mapper.ItemsMapper.selectByMap
2023-04-14 09:34:03,039 DEBUG [main][MybatisConfiguration.java:128] - addMappedStatement: com.transaction.mapper.ItemsMapper.selectByMap
2023-04-14 09:34:03,044 DEBUG [main][MybatisConfiguration.java:128] - addMappedStatement: com.transaction.mapper.ItemsMapper.selectOne
2023-04-14 09:34:03,044 DEBUG [main][MybatisConfiguration.java:128] - addMappedStatement: com.transaction.mapper.ItemsMapper.selectOne
2023-04-14 09:34:03,048 DEBUG [main][MybatisConfiguration.java:128] - addMappedStatement: com.transaction.mapper.ItemsMapper.selectCount
2023-04-14 09:34:03,048 DEBUG [main][MybatisConfiguration.java:128] - addMappedStatement: com.transaction.mapper.ItemsMapper.selectCount
2023-04-14 09:34:03,048 DEBUG [main][MybatisConfiguration.java:128] - addMappedStatement: com.transaction.mapper.ItemsMapper.selectMaps
2023-04-14 09:34:03,048 DEBUG [main][MybatisConfiguration.java:128] - addMappedStatement: com.transaction.mapper.ItemsMapper.selectMaps
2023-04-14 09:34:03,056 DEBUG [main][MybatisConfiguration.java:128] - addMappedStatement: com.transaction.mapper.ItemsMapper.selectMapsPage
2023-04-14 09:34:03,056 DEBUG [main][MybatisConfiguration.java:128] - addMappedStatement: com.transaction.mapper.ItemsMapper.selectMapsPage
2023-04-14 09:34:03,060 DEBUG [main][MybatisConfiguration.java:128] - addMappedStatement: com.transaction.mapper.ItemsMapper.selectObjs
2023-04-14 09:34:03,060 DEBUG [main][MybatisConfiguration.java:128] - addMappedStatement: com.transaction.mapper.ItemsMapper.selectObjs
2023-04-14 09:34:03,063 DEBUG [main][MybatisConfiguration.java:128] - addMappedStatement: com.transaction.mapper.ItemsMapper.selectList
2023-04-14 09:34:03,063 DEBUG [main][MybatisConfiguration.java:128] - addMappedStatement: com.transaction.mapper.ItemsMapper.selectList
2023-04-14 09:34:03,068 DEBUG [main][MybatisConfiguration.java:128] - addMappedStatement: com.transaction.mapper.ItemsMapper.selectPage
2023-04-14 09:34:03,068 DEBUG [main][MybatisConfiguration.java:128] - addMappedStatement: com.transaction.mapper.ItemsMapper.selectPage
2023-04-14 09:34:03,615 INFO [main][ExecutorConfigurationSupport.java:181] - Initializing ExecutorService 'applicationTaskExecutor'
2023-04-14 09:34:03,615 INFO [main][ExecutorConfigurationSupport.java:181] - Initializing ExecutorService 'applicationTaskExecutor'
2023-04-14 09:34:03,896 DEBUG [main][MybatisPlusAutoConfiguration.java:314] - Not found configuration for registering mapper bean using @MapperScan, MapperFactoryBean and MapperScannerConfigurer.
2023-04-14 09:34:03,896 DEBUG [main][MybatisPlusAutoConfiguration.java:314] - Not found configuration for registering mapper bean using @MapperScan, MapperFactoryBean and MapperScannerConfigurer.
2023-04-14 09:34:04,010 INFO [main][StartupInfoLogger.java:61] - Started SecondHandTransactionApplicationTests in 3.172 seconds (JVM running for 4.703)
2023-04-14 09:34:04,010 INFO [main][StartupInfoLogger.java:61] - Started SecondHandTransactionApplicationTests in 3.172 seconds (JVM running for 4.703)
2023-04-14 09:34:04,534 INFO [SpringContextShutdownHook][ExecutorConfigurationSupport.java:218] - Shutting down ExecutorService 'applicationTaskExecutor'
2023-04-14 09:34:04,534 INFO [SpringContextShutdownHook][ExecutorConfigurationSupport.java:218] - Shutting down ExecutorService 'applicationTaskExecutor'
2023-04-14 09:35:21,409 INFO [main][StartupInfoLogger.java:55] - Starting SecondHandTransactionApplicationTests on DESKTOP-3QO7P5A with PID 21252 (started by huweiyan in D:\Android_Project\group_project\COMP-7506-Secondary-Market\Java_Backend)
2023-04-14 09:35:21,409 INFO [main][StartupInfoLogger.java:55] - Starting SecondHandTransactionApplicationTests on DESKTOP-3QO7P5A with PID 21252 (started by huweiyan in D:\Android_Project\group_project\COMP-7506-Secondary-Market\Java_Backend)
2023-04-14 09:35:21,423 DEBUG [main][StartupInfoLogger.java:56] - Running with Spring Boot v2.3.3.RELEASE, Spring v5.2.8.RELEASE
2023-04-14 09:35:21,423 DEBUG [main][StartupInfoLogger.java:56] - Running with Spring Boot v2.3.3.RELEASE, Spring v5.2.8.RELEASE
2023-04-14 09:35:21,427 INFO [main][SpringApplication.java:651] - No active profile set, falling back to default profiles: default
2023-04-14 09:35:21,427 INFO [main][SpringApplication.java:651] - No active profile set, falling back to default profiles: default
2023-04-14 09:35:22,049 DEBUG [main][MybatisPlusAutoConfiguration.java:278] - Searching for mappers annotated with @Mapper
2023-04-14 09:35:22,049 DEBUG [main][MybatisPlusAutoConfiguration.java:278] - Searching for mappers annotated with @Mapper
2023-04-14 09:35:22,056 DEBUG [main][MybatisPlusAutoConfiguration.java:282] - Using auto-configuration base package 'com.transaction'
2023-04-14 09:35:22,056 DEBUG [main][MybatisPlusAutoConfiguration.java:282] - Using auto-configuration base package 'com.transaction'
2023-04-14 09:35:22,188 DEBUG [main][LogFactory.java:105] - Logging initialized using 'class org.apache.ibatis.logging.slf4j.Slf4jImpl' adapter.
2023-04-14 09:35:22,188 DEBUG [main][LogFactory.java:105] - Logging initialized using 'class org.apache.ibatis.logging.slf4j.Slf4jImpl' adapter.
2023-04-14 09:35:22,512 DEBUG [main][HikariConfig.java:946] - Driver class com.mysql.cj.jdbc.Driver found in Thread context class loader jdk.internal.loader.ClassLoaders$AppClassLoader@66d3c617
2023-04-14 09:35:22,512 DEBUG [main][HikariConfig.java:946] - Driver class com.mysql.cj.jdbc.Driver found in Thread context class loader jdk.internal.loader.ClassLoaders$AppClassLoader@66d3c617
2023-04-14 09:35:22,639 DEBUG [main][Logger.java:49] - Property 'mapperLocations' was not specified.
2023-04-14 09:35:22,639 DEBUG [main][Logger.java:49] - Property 'mapperLocations' was not specified.
2023-04-14 09:35:22,795 DEBUG [main][MybatisConfiguration.java:128] - addMappedStatement: com.transaction.mapper.ItemsMapper.insert
2023-04-14 09:35:22,795 DEBUG [main][MybatisConfiguration.java:128] - addMappedStatement: com.transaction.mapper.ItemsMapper.insert
2023-04-14 09:35:22,796 DEBUG [main][MybatisConfiguration.java:128] - addMappedStatement: com.transaction.mapper.ItemsMapper.delete
2023-04-14 09:35:22,796 DEBUG [main][MybatisConfiguration.java:128] - addMappedStatement: com.transaction.mapper.ItemsMapper.delete
2023-04-14 09:35:22,803 DEBUG [main][MybatisConfiguration.java:128] - addMappedStatement: com.transaction.mapper.ItemsMapper.deleteByMap
2023-04-14 09:35:22,803 DEBUG [main][MybatisConfiguration.java:128] - addMappedStatement: com.transaction.mapper.ItemsMapper.deleteByMap
2023-04-14 09:35:22,818 DEBUG [main][MybatisConfiguration.java:128] - addMappedStatement: com.transaction.mapper.ItemsMapper.deleteById
2023-04-14 09:35:22,818 DEBUG [main][MybatisConfiguration.java:128] - addMappedStatement: com.transaction.mapper.ItemsMapper.deleteById
2023-04-14 09:35:22,833 DEBUG [main][MybatisConfiguration.java:128] - addMappedStatement: com.transaction.mapper.ItemsMapper.deleteBatchIds
2023-04-14 09:35:22,833 DEBUG [main][MybatisConfiguration.java:128] - addMappedStatement: com.transaction.mapper.ItemsMapper.deleteBatchIds
2023-04-14 09:35:22,833 DEBUG [main][MybatisConfiguration.java:128] - addMappedStatement: com.transaction.mapper.ItemsMapper.update
2023-04-14 09:35:22,833 DEBUG [main][MybatisConfiguration.java:128] - addMappedStatement: com.transaction.mapper.ItemsMapper.update
2023-04-14 09:35:22,842 DEBUG [main][MybatisConfiguration.java:128] - addMappedStatement: com.transaction.mapper.ItemsMapper.updateById
2023-04-14 09:35:22,842 DEBUG [main][MybatisConfiguration.java:128] - addMappedStatement: com.transaction.mapper.ItemsMapper.updateById
2023-04-14 09:35:22,842 DEBUG [main][MybatisConfiguration.java:128] - addMappedStatement: com.transaction.mapper.ItemsMapper.selectById
2023-04-14 09:35:22,842 DEBUG [main][MybatisConfiguration.java:128] - addMappedStatement: com.transaction.mapper.ItemsMapper.selectById
2023-04-14 09:35:22,847 DEBUG [main][MybatisConfiguration.java:128] - addMappedStatement: com.transaction.mapper.ItemsMapper.selectBatchIds
2023-04-14 09:35:22,847 DEBUG [main][MybatisConfiguration.java:128] - addMappedStatement: com.transaction.mapper.ItemsMapper.selectBatchIds
2023-04-14 09:35:22,849 DEBUG [main][MybatisConfiguration.java:128] - addMappedStatement: com.transaction.mapper.ItemsMapper.selectByMap
2023-04-14 09:35:22,849 DEBUG [main][MybatisConfiguration.java:128] - addMappedStatement: com.transaction.mapper.ItemsMapper.selectByMap
2023-04-14 09:35:22,851 DEBUG [main][MybatisConfiguration.java:128] - addMappedStatement: com.transaction.mapper.ItemsMapper.selectOne
2023-04-14 09:35:22,851 DEBUG [main][MybatisConfiguration.java:128] - addMappedStatement: com.transaction.mapper.ItemsMapper.selectOne
2023-04-14 09:35:22,856 DEBUG [main][MybatisConfiguration.java:128] - addMappedStatement: com.transaction.mapper.ItemsMapper.selectCount
2023-04-14 09:35:22,856 DEBUG [main][MybatisConfiguration.java:128] - addMappedStatement: com.transaction.mapper.ItemsMapper.selectCount
2023-04-14 09:35:22,860 DEBUG [main][MybatisConfiguration.java:128] - addMappedStatement: com.transaction.mapper.ItemsMapper.selectMaps
2023-04-14 09:35:22,860 DEBUG [main][MybatisConfiguration.java:128] - addMappedStatement: com.transaction.mapper.ItemsMapper.selectMaps
2023-04-14 09:35:22,864 DEBUG [main][MybatisConfiguration.java:128] - addMappedStatement: com.transaction.mapper.ItemsMapper.selectMapsPage
2023-04-14 09:35:22,864 DEBUG [main][MybatisConfiguration.java:128] - addMappedStatement: com.transaction.mapper.ItemsMapper.selectMapsPage
2023-04-14 09:35:22,869 DEBUG [main][MybatisConfiguration.java:128] - addMappedStatement: com.transaction.mapper.ItemsMapper.selectObjs
2023-04-14 09:35:22,869 DEBUG [main][MybatisConfiguration.java:128] - addMappedStatement: com.transaction.mapper.ItemsMapper.selectObjs
2023-04-14 09:35:22,869 DEBUG [main][MybatisConfiguration.java:128] - addMappedStatement: com.transaction.mapper.ItemsMapper.selectList
2023-04-14 09:35:22,869 DEBUG [main][MybatisConfiguration.java:128] - addMappedStatement: com.transaction.mapper.ItemsMapper.selectList
2023-04-14 09:35:22,877 DEBUG [main][MybatisConfiguration.java:128] - addMappedStatement: com.transaction.mapper.ItemsMapper.selectPage
2023-04-14 09:35:22,877 DEBUG [main][MybatisConfiguration.java:128] - addMappedStatement: com.transaction.mapper.ItemsMapper.selectPage
2023-04-14 09:35:23,350 INFO [main][ExecutorConfigurationSupport.java:181] - Initializing ExecutorService 'applicationTaskExecutor'
2023-04-14 09:35:23,350 INFO [main][ExecutorConfigurationSupport.java:181] - Initializing ExecutorService 'applicationTaskExecutor'
2023-04-14 09:35:23,578 DEBUG [main][MybatisPlusAutoConfiguration.java:314] - Not found configuration for registering mapper bean using @MapperScan, MapperFactoryBean and MapperScannerConfigurer.
2023-04-14 09:35:23,578 DEBUG [main][MybatisPlusAutoConfiguration.java:314] - Not found configuration for registering mapper bean using @MapperScan, MapperFactoryBean and MapperScannerConfigurer.
2023-04-14 09:35:23,697 INFO [main][StartupInfoLogger.java:61] - Started SecondHandTransactionApplicationTests in 2.752 seconds (JVM running for 4.231)
2023-04-14 09:35:23,697 INFO [main][StartupInfoLogger.java:61] - Started SecondHandTransactionApplicationTests in 2.752 seconds (JVM running for 4.231)
2023-04-14 09:35:24,218 INFO [SpringContextShutdownHook][ExecutorConfigurationSupport.java:218] - Shutting down ExecutorService 'applicationTaskExecutor'
2023-04-14 09:35:24,218 INFO [SpringContextShutdownHook][ExecutorConfigurationSupport.java:218] - Shutting down ExecutorService 'applicationTaskExecutor'
2023-04-14 09:37:46,228 INFO [main][StartupInfoLogger.java:55] - Starting SecondHandTransactionApplicationTests on DESKTOP-3QO7P5A with PID 21480 (started by huweiyan in D:\Android_Project\group_project\COMP-7506-Secondary-Market\Java_Backend)
2023-04-14 09:37:46,228 INFO [main][StartupInfoLogger.java:55] - Starting SecondHandTransactionApplicationTests on DESKTOP-3QO7P5A with PID 21480 (started by huweiyan in D:\Android_Project\group_project\COMP-7506-Secondary-Market\Java_Backend)
2023-04-14 09:37:46,250 DEBUG [main][StartupInfoLogger.java:56] - Running with Spring Boot v2.3.3.RELEASE, Spring v5.2.8.RELEASE
2023-04-14 09:37:46,250 DEBUG [main][StartupInfoLogger.java:56] - Running with Spring Boot v2.3.3.RELEASE, Spring v5.2.8.RELEASE
2023-04-14 09:37:46,250 INFO [main][SpringApplication.java:651] - No active profile set, falling back to default profiles: default
2023-04-14 09:37:46,250 INFO [main][SpringApplication.java:651] - No active profile set, falling back to default profiles: default
2023-04-14 09:37:46,931 DEBUG [main][MybatisPlusAutoConfiguration.java:278] - Searching for mappers annotated with @Mapper
2023-04-14 09:37:46,931 DEBUG [main][MybatisPlusAutoConfiguration.java:278] - Searching for mappers annotated with @Mapper
2023-04-14 09:37:46,931 DEBUG [main][MybatisPlusAutoConfiguration.java:282] - Using auto-configuration base package 'com.transaction'
2023-04-14 09:37:46,931 DEBUG [main][MybatisPlusAutoConfiguration.java:282] - Using auto-configuration base package 'com.transaction'
2023-04-14 09:37:47,050 DEBUG [main][LogFactory.java:105] - Logging initialized using 'class org.apache.ibatis.logging.slf4j.Slf4jImpl' adapter.
2023-04-14 09:37:47,050 DEBUG [main][LogFactory.java:105] - Logging initialized using 'class org.apache.ibatis.logging.slf4j.Slf4jImpl' adapter.
2023-04-14 09:37:47,372 DEBUG [main][HikariConfig.java:946] - Driver class com.mysql.cj.jdbc.Driver found in Thread context class loader jdk.internal.loader.ClassLoaders$AppClassLoader@66d3c617
2023-04-14 09:37:47,372 DEBUG [main][HikariConfig.java:946] - Driver class com.mysql.cj.jdbc.Driver found in Thread context class loader jdk.internal.loader.ClassLoaders$AppClassLoader@66d3c617
2023-04-14 09:37:47,503 DEBUG [main][Logger.java:49] - Property 'mapperLocations' was not specified.
2023-04-14 09:37:47,503 DEBUG [main][Logger.java:49] - Property 'mapperLocations' was not specified.
2023-04-14 09:37:47,785 DEBUG [main][MybatisConfiguration.java:128] - addMappedStatement: com.transaction.mapper.ItemsMapper.selectAllItems
2023-04-14 09:37:47,785 DEBUG [main][MybatisConfiguration.java:128] - addMappedStatement: com.transaction.mapper.ItemsMapper.selectAllItems
2023-04-14 09:37:47,804 DEBUG [main][MybatisConfiguration.java:128] - addMappedStatement: com.transaction.mapper.ItemsMapper.insert
2023-04-14 09:37:47,804 DEBUG [main][MybatisConfiguration.java:128] - addMappedStatement: com.transaction.mapper.ItemsMapper.insert
2023-04-14 09:37:47,828 DEBUG [main][MybatisConfiguration.java:128] - addMappedStatement: com.transaction.mapper.ItemsMapper.delete
2023-04-14 09:37:47,828 DEBUG [main][MybatisConfiguration.java:128] - addMappedStatement: com.transaction.mapper.ItemsMapper.delete
2023-04-14 09:37:47,828 DEBUG [main][MybatisConfiguration.java:128] - addMappedStatement: com.transaction.mapper.ItemsMapper.deleteByMap
2023-04-14 09:37:47,828 DEBUG [main][MybatisConfiguration.java:128] - addMappedStatement: com.transaction.mapper.ItemsMapper.deleteByMap
2023-04-14 09:37:47,833 DEBUG [main][MybatisConfiguration.java:128] - addMappedStatement: com.transaction.mapper.ItemsMapper.deleteById
2023-04-14 09:37:47,833 DEBUG [main][MybatisConfiguration.java:128] - addMappedStatement: com.transaction.mapper.ItemsMapper.deleteById
2023-04-14 09:37:47,833 DEBUG [main][MybatisConfiguration.java:128] - addMappedStatement: com.transaction.mapper.ItemsMapper.deleteBatchIds
2023-04-14 09:37:47,833 DEBUG [main][MybatisConfiguration.java:128] - addMappedStatement: com.transaction.mapper.ItemsMapper.deleteBatchIds
2023-04-14 09:37:47,842 DEBUG [main][MybatisConfiguration.java:128] - addMappedStatement: com.transaction.mapper.ItemsMapper.update
2023-04-14 09:37:47,842 DEBUG [main][MybatisConfiguration.java:128] - addMappedStatement: com.transaction.mapper.ItemsMapper.update
2023-04-14 09:37:47,848 DEBUG [main][MybatisConfiguration.java:128] - addMappedStatement: com.transaction.mapper.ItemsMapper.updateById
2023-04-14 09:37:47,848 DEBUG [main][MybatisConfiguration.java:128] - addMappedStatement: com.transaction.mapper.ItemsMapper.updateById
2023-04-14 09:37:47,850 DEBUG [main][MybatisConfiguration.java:128] - addMappedStatement: com.transaction.mapper.ItemsMapper.selectById
2023-04-14 09:37:47,850 DEBUG [main][MybatisConfiguration.java:128] - addMappedStatement: com.transaction.mapper.ItemsMapper.selectById
2023-04-14 09:37:47,852 DEBUG [main][MybatisConfiguration.java:128] - addMappedStatement: com.transaction.mapper.ItemsMapper.selectBatchIds
2023-04-14 09:37:47,852 DEBUG [main][MybatisConfiguration.java:128] - addMappedStatement: com.transaction.mapper.ItemsMapper.selectBatchIds
2023-04-14 09:37:47,854 DEBUG [main][MybatisConfiguration.java:128] - addMappedStatement: com.transaction.mapper.ItemsMapper.selectByMap
2023-04-14 09:37:47,854 DEBUG [main][MybatisConfiguration.java:128] - addMappedStatement: com.transaction.mapper.ItemsMapper.selectByMap
2023-04-14 09:37:47,863 DEBUG [main][MybatisConfiguration.java:128] - addMappedStatement: com.transaction.mapper.ItemsMapper.selectOne
2023-04-14 09:37:47,863 DEBUG [main][MybatisConfiguration.java:128] - addMappedStatement: com.transaction.mapper.ItemsMapper.selectOne
2023-04-14 09:37:47,863 DEBUG [main][MybatisConfiguration.java:128] - addMappedStatement: com.transaction.mapper.ItemsMapper.selectCount
2023-04-14 09:37:47,863 DEBUG [main][MybatisConfiguration.java:128] - addMappedStatement: com.transaction.mapper.ItemsMapper.selectCount
2023-04-14 09:37:47,863 DEBUG [main][MybatisConfiguration.java:128] - addMappedStatement: com.transaction.mapper.ItemsMapper.selectMaps
2023-04-14 09:37:47,863 DEBUG [main][MybatisConfiguration.java:128] - addMappedStatement: com.transaction.mapper.ItemsMapper.selectMaps
2023-04-14 09:37:47,863 DEBUG [main][MybatisConfiguration.java:128] - addMappedStatement: com.transaction.mapper.ItemsMapper.selectMapsPage
2023-04-14 09:37:47,863 DEBUG [main][MybatisConfiguration.java:128] - addMappedStatement: com.transaction.mapper.ItemsMapper.selectMapsPage
2023-04-14 09:37:47,877 DEBUG [main][MybatisConfiguration.java:128] - addMappedStatement: com.transaction.mapper.ItemsMapper.selectObjs
2023-04-14 09:37:47,877 DEBUG [main][MybatisConfiguration.java:128] - addMappedStatement: com.transaction.mapper.ItemsMapper.selectObjs
2023-04-14 09:37:47,881 DEBUG [main][MybatisConfiguration.java:128] - addMappedStatement: com.transaction.mapper.ItemsMapper.selectList
2023-04-14 09:37:47,881 DEBUG [main][MybatisConfiguration.java:128] - addMappedStatement: com.transaction.mapper.ItemsMapper.selectList
2023-04-14 09:37:47,885 DEBUG [main][MybatisConfiguration.java:128] - addMappedStatement: com.transaction.mapper.ItemsMapper.selectPage
2023-04-14 09:37:47,885 DEBUG [main][MybatisConfiguration.java:128] - addMappedStatement: com.transaction.mapper.ItemsMapper.selectPage
2023-04-14 09:37:48,342 INFO [main][ExecutorConfigurationSupport.java:181] - Initializing ExecutorService 'applicationTaskExecutor'
2023-04-14 09:37:48,342 INFO [main][ExecutorConfigurationSupport.java:181] - Initializing ExecutorService 'applicationTaskExecutor'
2023-04-14 09:37:48,603 DEBUG [main][MybatisPlusAutoConfiguration.java:314] - Not found configuration for registering mapper bean using @MapperScan, MapperFactoryBean and MapperScannerConfigurer.
2023-04-14 09:37:48,603 DEBUG [main][MybatisPlusAutoConfiguration.java:314] - Not found configuration for registering mapper bean using @MapperScan, MapperFactoryBean and MapperScannerConfigurer.
2023-04-14 09:37:48,734 INFO [main][StartupInfoLogger.java:61] - Started SecondHandTransactionApplicationTests in 2.957 seconds (JVM running for 4.479)
2023-04-14 09:37:48,734 INFO [main][StartupInfoLogger.java:61] - Started SecondHandTransactionApplicationTests in 2.957 seconds (JVM running for 4.479)
2023-04-14 09:37:49,241 DEBUG [main][HikariConfig.java:1066] - HikariPool-1 - configuration:
2023-04-14 09:37:49,241 DEBUG [main][HikariConfig.java:1066] - HikariPool-1 - configuration:
2023-04-14 09:37:49,247 DEBUG [main][HikariConfig.java:1098] - allowPoolSuspension.............false
2023-04-14 09:37:49,247 DEBUG [main][HikariConfig.java:1098] - allowPoolSuspension.............false
2023-04-14 09:37:49,250 DEBUG [main][HikariConfig.java:1098] - autoCommit......................true
2023-04-14 09:37:49,250 DEBUG [main][HikariConfig.java:1098] - autoCommit......................true
2023-04-14 09:37:49,251 DEBUG [main][HikariConfig.java:1098] - catalog.........................none
2023-04-14 09:37:49,251 DEBUG [main][HikariConfig.java:1098] - catalog.........................none
2023-04-14 09:37:49,251 DEBUG [main][HikariConfig.java:1098] - connectionInitSql...............none
2023-04-14 09:37:49,251 DEBUG [main][HikariConfig.java:1098] - connectionInitSql...............none
2023-04-14 09:37:49,252 DEBUG [main][HikariConfig.java:1098] - connectionTestQuery.............none
2023-04-14 09:37:49,252 DEBUG [main][HikariConfig.java:1098] - connectionTestQuery.............none
2023-04-14 09:37:49,252 DEBUG [main][HikariConfig.java:1098] - connectionTimeout...............30000
2023-04-14 09:37:49,252 DEBUG [main][HikariConfig.java:1098] - connectionTimeout...............30000
2023-04-14 09:37:49,252 DEBUG [main][HikariConfig.java:1098] - dataSource......................none
2023-04-14 09:37:49,252 DEBUG [main][HikariConfig.java:1098] - dataSource......................none
2023-04-14 09:37:49,253 DEBUG [main][HikariConfig.java:1098] - dataSourceClassName.............none
2023-04-14 09:37:49,253 DEBUG [main][HikariConfig.java:1098] - dataSourceClassName.............none
2023-04-14 09:37:49,253 DEBUG [main][HikariConfig.java:1098] - dataSourceJNDI..................none
2023-04-14 09:37:49,253 DEBUG [main][HikariConfig.java:1098] - dataSourceJNDI..................none
2023-04-14 09:37:49,254 DEBUG [main][HikariConfig.java:1098] - dataSourceProperties............{password=<masked>}
2023-04-14 09:37:49,254 DEBUG [main][HikariConfig.java:1098] - dataSourceProperties............{password=<masked>}
2023-04-14 09:37:49,255 DEBUG [main][HikariConfig.java:1098] - driverClassName................."com.mysql.cj.jdbc.Driver"
2023-04-14 09:37:49,255 DEBUG [main][HikariConfig.java:1098] - driverClassName................."com.mysql.cj.jdbc.Driver"
2023-04-14 09:37:49,256 DEBUG [main][HikariConfig.java:1098] - exceptionOverrideClassName......none
2023-04-14 09:37:49,256 DEBUG [main][HikariConfig.java:1098] - exceptionOverrideClassName......none
2023-04-14 09:37:49,256 DEBUG [main][HikariConfig.java:1098] - healthCheckProperties...........{}
2023-04-14 09:37:49,256 DEBUG [main][HikariConfig.java:1098] - healthCheckProperties...........{}
2023-04-14 09:37:49,257 DEBUG [main][HikariConfig.java:1098] - healthCheckRegistry.............none
2023-04-14 09:37:49,257 DEBUG [main][HikariConfig.java:1098] - healthCheckRegistry.............none
2023-04-14 09:37:49,257 DEBUG [main][HikariConfig.java:1098] - idleTimeout.....................600000
2023-04-14 09:37:49,257 DEBUG [main][HikariConfig.java:1098] - idleTimeout.....................600000
2023-04-14 09:37:49,257 DEBUG [main][HikariConfig.java:1098] - initializationFailTimeout.......1
2023-04-14 09:37:49,257 DEBUG [main][HikariConfig.java:1098] - initializationFailTimeout.......1
2023-04-14 09:37:49,258 DEBUG [main][HikariConfig.java:1098] - isolateInternalQueries..........false
2023-04-14 09:37:49,258 DEBUG [main][HikariConfig.java:1098] - isolateInternalQueries..........false
2023-04-14 09:37:49,258 DEBUG [main][HikariConfig.java:1098] - jdbcUrl.........................jdbc:mysql://localhost:3306
2023-04-14 09:37:49,258 DEBUG [main][HikariConfig.java:1098] - jdbcUrl.........................jdbc:mysql://localhost:3306
2023-04-14 09:37:49,259 DEBUG [main][HikariConfig.java:1098] - leakDetectionThreshold..........0
2023-04-14 09:37:49,259 DEBUG [main][HikariConfig.java:1098] - leakDetectionThreshold..........0
2023-04-14 09:37:49,259 DEBUG [main][HikariConfig.java:1098] - maxLifetime.....................1800000
2023-04-14 09:37:49,259 DEBUG [main][HikariConfig.java:1098] - maxLifetime.....................1800000
2023-04-14 09:37:49,260 DEBUG [main][HikariConfig.java:1098] - maximumPoolSize.................10
2023-04-14 09:37:49,260 DEBUG [main][HikariConfig.java:1098] - maximumPoolSize.................10
2023-04-14 09:37:49,260 DEBUG [main][HikariConfig.java:1098] - metricRegistry..................none
2023-04-14 09:37:49,260 DEBUG [main][HikariConfig.java:1098] - metricRegistry..................none
2023-04-14 09:37:49,260 DEBUG [main][HikariConfig.java:1098] - metricsTrackerFactory...........none
2023-04-14 09:37:49,260 DEBUG [main][HikariConfig.java:1098] - metricsTrackerFactory...........none
2023-04-14 09:37:49,261 DEBUG [main][HikariConfig.java:1098] - minimumIdle.....................10
2023-04-14 09:37:49,261 DEBUG [main][HikariConfig.java:1098] - minimumIdle.....................10
2023-04-14 09:37:49,261 DEBUG [main][HikariConfig.java:1098] - password........................<masked>
2023-04-14 09:37:49,261 DEBUG [main][HikariConfig.java:1098] - password........................<masked>
2023-04-14 09:37:49,261 DEBUG [main][HikariConfig.java:1098] - poolName........................"HikariPool-1"
2023-04-14 09:37:49,261 DEBUG [main][HikariConfig.java:1098] - poolName........................"HikariPool-1"
2023-04-14 09:37:49,262 DEBUG [main][HikariConfig.java:1098] - readOnly........................false
2023-04-14 09:37:49,262 DEBUG [main][HikariConfig.java:1098] - readOnly........................false
2023-04-14 09:37:49,262 DEBUG [main][HikariConfig.java:1098] - registerMbeans..................false
2023-04-14 09:37:49,262 DEBUG [main][HikariConfig.java:1098] - registerMbeans..................false
2023-04-14 09:37:49,263 DEBUG [main][HikariConfig.java:1098] - scheduledExecutor...............none
2023-04-14 09:37:49,263 DEBUG [main][HikariConfig.java:1098] - scheduledExecutor...............none
2023-04-14 09:37:49,263 DEBUG [main][HikariConfig.java:1098] - schema..........................none
2023-04-14 09:37:49,263 DEBUG [main][HikariConfig.java:1098] - schema..........................none
2023-04-14 09:37:49,264 DEBUG [main][HikariConfig.java:1098] - threadFactory...................internal
2023-04-14 09:37:49,264 DEBUG [main][HikariConfig.java:1098] - threadFactory...................internal
2023-04-14 09:37:49,264 DEBUG [main][HikariConfig.java:1098] - transactionIsolation............default
2023-04-14 09:37:49,264 DEBUG [main][HikariConfig.java:1098] - transactionIsolation............default
2023-04-14 09:37:49,264 DEBUG [main][HikariConfig.java:1098] - username........................"root"
2023-04-14 09:37:49,264 DEBUG [main][HikariConfig.java:1098] - username........................"root"
2023-04-14 09:37:49,265 DEBUG [main][HikariConfig.java:1098] - validationTimeout...............5000
2023-04-14 09:37:49,265 DEBUG [main][HikariConfig.java:1098] - validationTimeout...............5000
2023-04-14 09:37:49,265 INFO [main][HikariDataSource.java:110] - HikariPool-1 - Starting...
2023-04-14 09:37:49,265 INFO [main][HikariDataSource.java:110] - HikariPool-1 - Starting...
2023-04-14 09:37:50,362 DEBUG [main][HikariPool.java:564] - HikariPool-1 - Added connection com.mysql.cj.jdbc.ConnectionImpl@4e5d5ac1
2023-04-14 09:37:50,362 DEBUG [main][HikariPool.java:564] - HikariPool-1 - Added connection com.mysql.cj.jdbc.ConnectionImpl@4e5d5ac1
2023-04-14 09:37:50,373 INFO [main][HikariDataSource.java:123] - HikariPool-1 - Start completed.
2023-04-14 09:37:50,373 INFO [main][HikariDataSource.java:123] - HikariPool-1 - Start completed.
2023-04-14 09:37:50,392 DEBUG [main][BaseJdbcLogger.java:137] - ==>  Preparing: select * from items
2023-04-14 09:37:50,392 DEBUG [main][BaseJdbcLogger.java:137] - ==>  Preparing: select * from items
2023-04-14 09:37:50,426 DEBUG [main][BaseJdbcLogger.java:137] - ==> Parameters: 
2023-04-14 09:37:50,426 DEBUG [main][BaseJdbcLogger.java:137] - ==> Parameters: 
2023-04-14 09:37:50,485 DEBUG [HikariPool-1 housekeeper][HikariPool.java:421] - HikariPool-1 - Pool stats (total=1, active=0, idle=1, waiting=0)
2023-04-14 09:37:50,485 DEBUG [HikariPool-1 housekeeper][HikariPool.java:421] - HikariPool-1 - Pool stats (total=1, active=0, idle=1, waiting=0)
2023-04-14 09:37:50,504 DEBUG [HikariPool-1 connection adder][HikariPool.java:728] - HikariPool-1 - Added connection com.mysql.cj.jdbc.ConnectionImpl@6334342a
2023-04-14 09:37:50,504 DEBUG [HikariPool-1 connection adder][HikariPool.java:728] - HikariPool-1 - Added connection com.mysql.cj.jdbc.ConnectionImpl@6334342a
2023-04-14 09:37:50,520 DEBUG [HikariPool-1 connection adder][HikariPool.java:728] - HikariPool-1 - Added connection com.mysql.cj.jdbc.ConnectionImpl@31bcb65
2023-04-14 09:37:50,520 DEBUG [HikariPool-1 connection adder][HikariPool.java:728] - HikariPool-1 - Added connection com.mysql.cj.jdbc.ConnectionImpl@31bcb65
2023-04-14 09:37:50,553 DEBUG [HikariPool-1 connection adder][HikariPool.java:728] - HikariPool-1 - Added connection com.mysql.cj.jdbc.ConnectionImpl@7ab4edfe
2023-04-14 09:37:50,553 DEBUG [HikariPool-1 connection adder][HikariPool.java:728] - HikariPool-1 - Added connection com.mysql.cj.jdbc.ConnectionImpl@7ab4edfe
2023-04-14 09:37:50,573 DEBUG [HikariPool-1 connection adder][HikariPool.java:728] - HikariPool-1 - Added connection com.mysql.cj.jdbc.ConnectionImpl@755b4c7
2023-04-14 09:37:50,573 DEBUG [HikariPool-1 connection adder][HikariPool.java:728] - HikariPool-1 - Added connection com.mysql.cj.jdbc.ConnectionImpl@755b4c7
2023-04-14 09:37:50,592 INFO [SpringContextShutdownHook][ExecutorConfigurationSupport.java:218] - Shutting down ExecutorService 'applicationTaskExecutor'
2023-04-14 09:37:50,592 INFO [SpringContextShutdownHook][ExecutorConfigurationSupport.java:218] - Shutting down ExecutorService 'applicationTaskExecutor'
2023-04-14 09:37:50,595 INFO [SpringContextShutdownHook][HikariDataSource.java:350] - HikariPool-1 - Shutdown initiated...
2023-04-14 09:37:50,595 INFO [SpringContextShutdownHook][HikariDataSource.java:350] - HikariPool-1 - Shutdown initiated...
2023-04-14 09:37:50,596 DEBUG [SpringContextShutdownHook][HikariPool.java:421] - HikariPool-1 - Before shutdown stats (total=5, active=0, idle=5, waiting=0)
2023-04-14 09:37:50,596 DEBUG [SpringContextShutdownHook][HikariPool.java:421] - HikariPool-1 - Before shutdown stats (total=5, active=0, idle=5, waiting=0)
2023-04-14 09:37:50,596 DEBUG [HikariPool-1 connection adder][HikariPool.java:728] - HikariPool-1 - Added connection com.mysql.cj.jdbc.ConnectionImpl@2d3d98c7
2023-04-14 09:37:50,596 DEBUG [HikariPool-1 connection adder][HikariPool.java:728] - HikariPool-1 - Added connection com.mysql.cj.jdbc.ConnectionImpl@2d3d98c7
2023-04-14 09:37:50,596 DEBUG [HikariPool-1 connection closer][PoolBase.java:134] - HikariPool-1 - Closing connection com.mysql.cj.jdbc.ConnectionImpl@4e5d5ac1: (connection evicted)
2023-04-14 09:37:50,596 DEBUG [HikariPool-1 connection closer][PoolBase.java:134] - HikariPool-1 - Closing connection com.mysql.cj.jdbc.ConnectionImpl@4e5d5ac1: (connection evicted)
2023-04-14 09:37:50,596 DEBUG [HikariPool-1 connection closer][PoolBase.java:134] - HikariPool-1 - Closing connection com.mysql.cj.jdbc.ConnectionImpl@6334342a: (connection evicted)
2023-04-14 09:37:50,596 DEBUG [HikariPool-1 connection closer][PoolBase.java:134] - HikariPool-1 - Closing connection com.mysql.cj.jdbc.ConnectionImpl@6334342a: (connection evicted)
2023-04-14 09:37:50,602 DEBUG [HikariPool-1 connection closer][PoolBase.java:134] - HikariPool-1 - Closing connection com.mysql.cj.jdbc.ConnectionImpl@31bcb65: (connection evicted)
2023-04-14 09:37:50,602 DEBUG [HikariPool-1 connection closer][PoolBase.java:134] - HikariPool-1 - Closing connection com.mysql.cj.jdbc.ConnectionImpl@31bcb65: (connection evicted)
2023-04-14 09:37:50,603 DEBUG [HikariPool-1 connection closer][PoolBase.java:134] - HikariPool-1 - Closing connection com.mysql.cj.jdbc.ConnectionImpl@7ab4edfe: (connection evicted)
2023-04-14 09:37:50,603 DEBUG [HikariPool-1 connection closer][PoolBase.java:134] - HikariPool-1 - Closing connection com.mysql.cj.jdbc.ConnectionImpl@7ab4edfe: (connection evicted)
2023-04-14 09:37:50,604 DEBUG [HikariPool-1 connection closer][PoolBase.java:134] - HikariPool-1 - Closing connection com.mysql.cj.jdbc.ConnectionImpl@755b4c7: (connection evicted)
2023-04-14 09:37:50,604 DEBUG [HikariPool-1 connection closer][PoolBase.java:134] - HikariPool-1 - Closing connection com.mysql.cj.jdbc.ConnectionImpl@755b4c7: (connection evicted)
2023-04-14 09:37:50,605 DEBUG [HikariPool-1 connection closer][PoolBase.java:134] - HikariPool-1 - Closing connection com.mysql.cj.jdbc.ConnectionImpl@2d3d98c7: (connection evicted)
2023-04-14 09:37:50,605 DEBUG [HikariPool-1 connection closer][PoolBase.java:134] - HikariPool-1 - Closing connection com.mysql.cj.jdbc.ConnectionImpl@2d3d98c7: (connection evicted)
2023-04-14 09:37:50,606 DEBUG [SpringContextShutdownHook][HikariPool.java:421] - HikariPool-1 - After shutdown stats (total=0, active=0, idle=0, waiting=0)
2023-04-14 09:37:50,606 DEBUG [SpringContextShutdownHook][HikariPool.java:421] - HikariPool-1 - After shutdown stats (total=0, active=0, idle=0, waiting=0)
2023-04-14 09:37:50,607 INFO [SpringContextShutdownHook][HikariDataSource.java:352] - HikariPool-1 - Shutdown completed.
2023-04-14 09:37:50,607 INFO [SpringContextShutdownHook][HikariDataSource.java:352] - HikariPool-1 - Shutdown completed.
2023-04-14 09:38:20,197 INFO [main][StartupInfoLogger.java:55] - Starting SecondHandTransactionApplicationTests on DESKTOP-3QO7P5A with PID 20796 (started by huweiyan in D:\Android_Project\group_project\COMP-7506-Secondary-Market\Java_Backend)
2023-04-14 09:38:20,197 INFO [main][StartupInfoLogger.java:55] - Starting SecondHandTransactionApplicationTests on DESKTOP-3QO7P5A with PID 20796 (started by huweiyan in D:\Android_Project\group_project\COMP-7506-Secondary-Market\Java_Backend)
2023-04-14 09:38:20,212 DEBUG [main][StartupInfoLogger.java:56] - Running with Spring Boot v2.3.3.RELEASE, Spring v5.2.8.RELEASE
2023-04-14 09:38:20,212 DEBUG [main][StartupInfoLogger.java:56] - Running with Spring Boot v2.3.3.RELEASE, Spring v5.2.8.RELEASE
2023-04-14 09:38:20,217 INFO [main][SpringApplication.java:651] - No active profile set, falling back to default profiles: default
2023-04-14 09:38:20,217 INFO [main][SpringApplication.java:651] - No active profile set, falling back to default profiles: default
2023-04-14 09:38:20,857 DEBUG [main][MybatisPlusAutoConfiguration.java:278] - Searching for mappers annotated with @Mapper
2023-04-14 09:38:20,857 DEBUG [main][MybatisPlusAutoConfiguration.java:278] - Searching for mappers annotated with @Mapper
2023-04-14 09:38:20,863 DEBUG [main][MybatisPlusAutoConfiguration.java:282] - Using auto-configuration base package 'com.transaction'
2023-04-14 09:38:20,863 DEBUG [main][MybatisPlusAutoConfiguration.java:282] - Using auto-configuration base package 'com.transaction'
2023-04-14 09:38:20,991 DEBUG [main][LogFactory.java:105] - Logging initialized using 'class org.apache.ibatis.logging.slf4j.Slf4jImpl' adapter.
2023-04-14 09:38:20,991 DEBUG [main][LogFactory.java:105] - Logging initialized using 'class org.apache.ibatis.logging.slf4j.Slf4jImpl' adapter.
2023-04-14 09:38:21,328 DEBUG [main][HikariConfig.java:946] - Driver class com.mysql.cj.jdbc.Driver found in Thread context class loader jdk.internal.loader.ClassLoaders$AppClassLoader@66d3c617
2023-04-14 09:38:21,328 DEBUG [main][HikariConfig.java:946] - Driver class com.mysql.cj.jdbc.Driver found in Thread context class loader jdk.internal.loader.ClassLoaders$AppClassLoader@66d3c617
2023-04-14 09:38:21,443 DEBUG [main][Logger.java:49] - Property 'mapperLocations' was not specified.
2023-04-14 09:38:21,443 DEBUG [main][Logger.java:49] - Property 'mapperLocations' was not specified.
2023-04-14 09:38:21,620 DEBUG [main][MybatisConfiguration.java:128] - addMappedStatement: com.transaction.mapper.ItemsMapper.selectAllItems
2023-04-14 09:38:21,620 DEBUG [main][MybatisConfiguration.java:128] - addMappedStatement: com.transaction.mapper.ItemsMapper.selectAllItems
2023-04-14 09:38:21,654 DEBUG [main][MybatisConfiguration.java:128] - addMappedStatement: com.transaction.mapper.ItemsMapper.insert
2023-04-14 09:38:21,654 DEBUG [main][MybatisConfiguration.java:128] - addMappedStatement: com.transaction.mapper.ItemsMapper.insert
2023-04-14 09:38:21,658 DEBUG [main][MybatisConfiguration.java:128] - addMappedStatement: com.transaction.mapper.ItemsMapper.delete
2023-04-14 09:38:21,658 DEBUG [main][MybatisConfiguration.java:128] - addMappedStatement: com.transaction.mapper.ItemsMapper.delete
2023-04-14 09:38:21,667 DEBUG [main][MybatisConfiguration.java:128] - addMappedStatement: com.transaction.mapper.ItemsMapper.deleteByMap
2023-04-14 09:38:21,667 DEBUG [main][MybatisConfiguration.java:128] - addMappedStatement: com.transaction.mapper.ItemsMapper.deleteByMap
2023-04-14 09:38:21,671 DEBUG [main][MybatisConfiguration.java:128] - addMappedStatement: com.transaction.mapper.ItemsMapper.deleteById
2023-04-14 09:38:21,671 DEBUG [main][MybatisConfiguration.java:128] - addMappedStatement: com.transaction.mapper.ItemsMapper.deleteById
2023-04-14 09:38:21,671 DEBUG [main][MybatisConfiguration.java:128] - addMappedStatement: com.transaction.mapper.ItemsMapper.deleteBatchIds
2023-04-14 09:38:21,671 DEBUG [main][MybatisConfiguration.java:128] - addMappedStatement: com.transaction.mapper.ItemsMapper.deleteBatchIds
2023-04-14 09:38:21,671 DEBUG [main][MybatisConfiguration.java:128] - addMappedStatement: com.transaction.mapper.ItemsMapper.update
2023-04-14 09:38:21,671 DEBUG [main][MybatisConfiguration.java:128] - addMappedStatement: com.transaction.mapper.ItemsMapper.update
2023-04-14 09:38:21,685 DEBUG [main][MybatisConfiguration.java:128] - addMappedStatement: com.transaction.mapper.ItemsMapper.updateById
2023-04-14 09:38:21,685 DEBUG [main][MybatisConfiguration.java:128] - addMappedStatement: com.transaction.mapper.ItemsMapper.updateById
2023-04-14 09:38:21,687 DEBUG [main][MybatisConfiguration.java:128] - addMappedStatement: com.transaction.mapper.ItemsMapper.selectById
2023-04-14 09:38:21,687 DEBUG [main][MybatisConfiguration.java:128] - addMappedStatement: com.transaction.mapper.ItemsMapper.selectById
2023-04-14 09:38:21,688 DEBUG [main][MybatisConfiguration.java:128] - addMappedStatement: com.transaction.mapper.ItemsMapper.selectBatchIds
2023-04-14 09:38:21,688 DEBUG [main][MybatisConfiguration.java:128] - addMappedStatement: com.transaction.mapper.ItemsMapper.selectBatchIds
2023-04-14 09:38:21,688 DEBUG [main][MybatisConfiguration.java:128] - addMappedStatement: com.transaction.mapper.ItemsMapper.selectByMap
2023-04-14 09:38:21,688 DEBUG [main][MybatisConfiguration.java:128] - addMappedStatement: com.transaction.mapper.ItemsMapper.selectByMap
2023-04-14 09:38:21,693 DEBUG [main][MybatisConfiguration.java:128] - addMappedStatement: com.transaction.mapper.ItemsMapper.selectOne
2023-04-14 09:38:21,693 DEBUG [main][MybatisConfiguration.java:128] - addMappedStatement: com.transaction.mapper.ItemsMapper.selectOne
2023-04-14 09:38:21,697 DEBUG [main][MybatisConfiguration.java:128] - addMappedStatement: com.transaction.mapper.ItemsMapper.selectCount
2023-04-14 09:38:21,697 DEBUG [main][MybatisConfiguration.java:128] - addMappedStatement: com.transaction.mapper.ItemsMapper.selectCount
2023-04-14 09:38:21,701 DEBUG [main][MybatisConfiguration.java:128] - addMappedStatement: com.transaction.mapper.ItemsMapper.selectMaps
2023-04-14 09:38:21,701 DEBUG [main][MybatisConfiguration.java:128] - addMappedStatement: com.transaction.mapper.ItemsMapper.selectMaps
2023-04-14 09:38:21,701 DEBUG [main][MybatisConfiguration.java:128] - addMappedStatement: com.transaction.mapper.ItemsMapper.selectMapsPage
2023-04-14 09:38:21,701 DEBUG [main][MybatisConfiguration.java:128] - addMappedStatement: com.transaction.mapper.ItemsMapper.selectMapsPage
2023-04-14 09:38:21,709 DEBUG [main][MybatisConfiguration.java:128] - addMappedStatement: com.transaction.mapper.ItemsMapper.selectObjs
2023-04-14 09:38:21,709 DEBUG [main][MybatisConfiguration.java:128] - addMappedStatement: com.transaction.mapper.ItemsMapper.selectObjs
2023-04-14 09:38:21,713 DEBUG [main][MybatisConfiguration.java:128] - addMappedStatement: com.transaction.mapper.ItemsMapper.selectList
2023-04-14 09:38:21,713 DEBUG [main][MybatisConfiguration.java:128] - addMappedStatement: com.transaction.mapper.ItemsMapper.selectList
2023-04-14 09:38:21,716 DEBUG [main][MybatisConfiguration.java:128] - addMappedStatement: com.transaction.mapper.ItemsMapper.selectPage
2023-04-14 09:38:21,716 DEBUG [main][MybatisConfiguration.java:128] - addMappedStatement: com.transaction.mapper.ItemsMapper.selectPage
2023-04-14 09:38:22,190 INFO [main][ExecutorConfigurationSupport.java:181] - Initializing ExecutorService 'applicationTaskExecutor'
2023-04-14 09:38:22,190 INFO [main][ExecutorConfigurationSupport.java:181] - Initializing ExecutorService 'applicationTaskExecutor'
2023-04-14 09:38:22,441 DEBUG [main][MybatisPlusAutoConfiguration.java:314] - Not found configuration for registering mapper bean using @MapperScan, MapperFactoryBean and MapperScannerConfigurer.
2023-04-14 09:38:22,441 DEBUG [main][MybatisPlusAutoConfiguration.java:314] - Not found configuration for registering mapper bean using @MapperScan, MapperFactoryBean and MapperScannerConfigurer.
2023-04-14 09:38:22,584 INFO [main][StartupInfoLogger.java:61] - Started SecondHandTransactionApplicationTests in 2.851 seconds (JVM running for 4.275)
2023-04-14 09:38:22,584 INFO [main][StartupInfoLogger.java:61] - Started SecondHandTransactionApplicationTests in 2.851 seconds (JVM running for 4.275)
2023-04-14 09:38:23,074 DEBUG [main][HikariConfig.java:1066] - HikariPool-1 - configuration:
2023-04-14 09:38:23,074 DEBUG [main][HikariConfig.java:1066] - HikariPool-1 - configuration:
2023-04-14 09:38:23,083 DEBUG [main][HikariConfig.java:1098] - allowPoolSuspension.............false
2023-04-14 09:38:23,083 DEBUG [main][HikariConfig.java:1098] - allowPoolSuspension.............false
2023-04-14 09:38:23,085 DEBUG [main][HikariConfig.java:1098] - autoCommit......................true
2023-04-14 09:38:23,085 DEBUG [main][HikariConfig.java:1098] - autoCommit......................true
2023-04-14 09:38:23,085 DEBUG [main][HikariConfig.java:1098] - catalog.........................none
2023-04-14 09:38:23,085 DEBUG [main][HikariConfig.java:1098] - catalog.........................none
2023-04-14 09:38:23,086 DEBUG [main][HikariConfig.java:1098] - connectionInitSql...............none
2023-04-14 09:38:23,086 DEBUG [main][HikariConfig.java:1098] - connectionInitSql...............none
2023-04-14 09:38:23,086 DEBUG [main][HikariConfig.java:1098] - connectionTestQuery.............none
2023-04-14 09:38:23,086 DEBUG [main][HikariConfig.java:1098] - connectionTestQuery.............none
2023-04-14 09:38:23,086 DEBUG [main][HikariConfig.java:1098] - connectionTimeout...............30000
2023-04-14 09:38:23,086 DEBUG [main][HikariConfig.java:1098] - connectionTimeout...............30000
2023-04-14 09:38:23,087 DEBUG [main][HikariConfig.java:1098] - dataSource......................none
2023-04-14 09:38:23,087 DEBUG [main][HikariConfig.java:1098] - dataSource......................none
2023-04-14 09:38:23,087 DEBUG [main][HikariConfig.java:1098] - dataSourceClassName.............none
2023-04-14 09:38:23,087 DEBUG [main][HikariConfig.java:1098] - dataSourceClassName.............none
2023-04-14 09:38:23,087 DEBUG [main][HikariConfig.java:1098] - dataSourceJNDI..................none
2023-04-14 09:38:23,087 DEBUG [main][HikariConfig.java:1098] - dataSourceJNDI..................none
2023-04-14 09:38:23,087 DEBUG [main][HikariConfig.java:1098] - dataSourceProperties............{password=<masked>}
2023-04-14 09:38:23,087 DEBUG [main][HikariConfig.java:1098] - dataSourceProperties............{password=<masked>}
2023-04-14 09:38:23,089 DEBUG [main][HikariConfig.java:1098] - driverClassName................."com.mysql.cj.jdbc.Driver"
2023-04-14 09:38:23,089 DEBUG [main][HikariConfig.java:1098] - driverClassName................."com.mysql.cj.jdbc.Driver"
2023-04-14 09:38:23,089 DEBUG [main][HikariConfig.java:1098] - exceptionOverrideClassName......none
2023-04-14 09:38:23,089 DEBUG [main][HikariConfig.java:1098] - exceptionOverrideClassName......none
2023-04-14 09:38:23,089 DEBUG [main][HikariConfig.java:1098] - healthCheckProperties...........{}
2023-04-14 09:38:23,089 DEBUG [main][HikariConfig.java:1098] - healthCheckProperties...........{}
2023-04-14 09:38:23,090 DEBUG [main][HikariConfig.java:1098] - healthCheckRegistry.............none
2023-04-14 09:38:23,090 DEBUG [main][HikariConfig.java:1098] - healthCheckRegistry.............none
2023-04-14 09:38:23,090 DEBUG [main][HikariConfig.java:1098] - idleTimeout.....................600000
2023-04-14 09:38:23,090 DEBUG [main][HikariConfig.java:1098] - idleTimeout.....................600000
2023-04-14 09:38:23,090 DEBUG [main][HikariConfig.java:1098] - initializationFailTimeout.......1
2023-04-14 09:38:23,090 DEBUG [main][HikariConfig.java:1098] - initializationFailTimeout.......1
2023-04-14 09:38:23,091 DEBUG [main][HikariConfig.java:1098] - isolateInternalQueries..........false
2023-04-14 09:38:23,091 DEBUG [main][HikariConfig.java:1098] - isolateInternalQueries..........false
2023-04-14 09:38:23,092 DEBUG [main][HikariConfig.java:1098] - jdbcUrl.........................jdbc:mysql://localhost:3306/comp_7506
2023-04-14 09:38:23,092 DEBUG [main][HikariConfig.java:1098] - jdbcUrl.........................jdbc:mysql://localhost:3306/comp_7506
2023-04-14 09:38:23,092 DEBUG [main][HikariConfig.java:1098] - leakDetectionThreshold..........0
2023-04-14 09:38:23,092 DEBUG [main][HikariConfig.java:1098] - leakDetectionThreshold..........0
2023-04-14 09:38:23,092 DEBUG [main][HikariConfig.java:1098] - maxLifetime.....................1800000
2023-04-14 09:38:23,092 DEBUG [main][HikariConfig.java:1098] - maxLifetime.....................1800000
2023-04-14 09:38:23,093 DEBUG [main][HikariConfig.java:1098] - maximumPoolSize.................10
2023-04-14 09:38:23,093 DEBUG [main][HikariConfig.java:1098] - maximumPoolSize.................10
2023-04-14 09:38:23,093 DEBUG [main][HikariConfig.java:1098] - metricRegistry..................none
2023-04-14 09:38:23,093 DEBUG [main][HikariConfig.java:1098] - metricRegistry..................none
2023-04-14 09:38:23,093 DEBUG [main][HikariConfig.java:1098] - metricsTrackerFactory...........none
2023-04-14 09:38:23,093 DEBUG [main][HikariConfig.java:1098] - metricsTrackerFactory...........none
2023-04-14 09:38:23,094 DEBUG [main][HikariConfig.java:1098] - minimumIdle.....................10
2023-04-14 09:38:23,094 DEBUG [main][HikariConfig.java:1098] - minimumIdle.....................10
2023-04-14 09:38:23,094 DEBUG [main][HikariConfig.java:1098] - password........................<masked>
2023-04-14 09:38:23,094 DEBUG [main][HikariConfig.java:1098] - password........................<masked>
2023-04-14 09:38:23,094 DEBUG [main][HikariConfig.java:1098] - poolName........................"HikariPool-1"
2023-04-14 09:38:23,094 DEBUG [main][HikariConfig.java:1098] - poolName........................"HikariPool-1"
2023-04-14 09:38:23,095 DEBUG [main][HikariConfig.java:1098] - readOnly........................false
2023-04-14 09:38:23,095 DEBUG [main][HikariConfig.java:1098] - readOnly........................false
2023-04-14 09:38:23,096 DEBUG [main][HikariConfig.java:1098] - registerMbeans..................false
2023-04-14 09:38:23,096 DEBUG [main][HikariConfig.java:1098] - registerMbeans..................false
2023-04-14 09:38:23,096 DEBUG [main][HikariConfig.java:1098] - scheduledExecutor...............none
2023-04-14 09:38:23,096 DEBUG [main][HikariConfig.java:1098] - scheduledExecutor...............none
2023-04-14 09:38:23,097 DEBUG [main][HikariConfig.java:1098] - schema..........................none
2023-04-14 09:38:23,097 DEBUG [main][HikariConfig.java:1098] - schema..........................none
2023-04-14 09:38:23,097 DEBUG [main][HikariConfig.java:1098] - threadFactory...................internal
2023-04-14 09:38:23,097 DEBUG [main][HikariConfig.java:1098] - threadFactory...................internal
2023-04-14 09:38:23,097 DEBUG [main][HikariConfig.java:1098] - transactionIsolation............default
2023-04-14 09:38:23,097 DEBUG [main][HikariConfig.java:1098] - transactionIsolation............default
2023-04-14 09:38:23,098 DEBUG [main][HikariConfig.java:1098] - username........................"root"
2023-04-14 09:38:23,098 DEBUG [main][HikariConfig.java:1098] - username........................"root"
2023-04-14 09:38:23,098 DEBUG [main][HikariConfig.java:1098] - validationTimeout...............5000
2023-04-14 09:38:23,098 DEBUG [main][HikariConfig.java:1098] - validationTimeout...............5000
2023-04-14 09:38:23,098 INFO [main][HikariDataSource.java:110] - HikariPool-1 - Starting...
2023-04-14 09:38:23,098 INFO [main][HikariDataSource.java:110] - HikariPool-1 - Starting...
2023-04-14 09:38:23,668 DEBUG [main][HikariPool.java:564] - HikariPool-1 - Added connection com.mysql.cj.jdbc.ConnectionImpl@70777a65
2023-04-14 09:38:23,668 DEBUG [main][HikariPool.java:564] - HikariPool-1 - Added connection com.mysql.cj.jdbc.ConnectionImpl@70777a65
2023-04-14 09:38:23,668 INFO [main][HikariDataSource.java:123] - HikariPool-1 - Start completed.
2023-04-14 09:38:23,668 INFO [main][HikariDataSource.java:123] - HikariPool-1 - Start completed.
2023-04-14 09:38:23,675 DEBUG [main][BaseJdbcLogger.java:137] - ==>  Preparing: select * from items
2023-04-14 09:38:23,675 DEBUG [main][BaseJdbcLogger.java:137] - ==>  Preparing: select * from items
2023-04-14 09:38:23,731 DEBUG [main][BaseJdbcLogger.java:137] - ==> Parameters: 
2023-04-14 09:38:23,731 DEBUG [main][BaseJdbcLogger.java:137] - ==> Parameters: 
2023-04-14 09:38:23,769 DEBUG [main][BaseJdbcLogger.java:137] - <==      Total: 1
2023-04-14 09:38:23,769 DEBUG [main][BaseJdbcLogger.java:137] - <==      Total: 1
2023-04-14 09:38:23,788 DEBUG [HikariPool-1 housekeeper][HikariPool.java:421] - HikariPool-1 - Pool stats (total=1, active=0, idle=1, waiting=0)
2023-04-14 09:38:23,788 DEBUG [HikariPool-1 housekeeper][HikariPool.java:421] - HikariPool-1 - Pool stats (total=1, active=0, idle=1, waiting=0)
2023-04-14 09:38:23,788 INFO [SpringContextShutdownHook][ExecutorConfigurationSupport.java:218] - Shutting down ExecutorService 'applicationTaskExecutor'
2023-04-14 09:38:23,788 INFO [SpringContextShutdownHook][ExecutorConfigurationSupport.java:218] - Shutting down ExecutorService 'applicationTaskExecutor'
2023-04-14 09:38:23,788 INFO [SpringContextShutdownHook][HikariDataSource.java:350] - HikariPool-1 - Shutdown initiated...
2023-04-14 09:38:23,788 INFO [SpringContextShutdownHook][HikariDataSource.java:350] - HikariPool-1 - Shutdown initiated...
2023-04-14 09:38:23,788 DEBUG [SpringContextShutdownHook][HikariPool.java:421] - HikariPool-1 - Before shutdown stats (total=1, active=0, idle=1, waiting=0)
2023-04-14 09:38:23,788 DEBUG [SpringContextShutdownHook][HikariPool.java:421] - HikariPool-1 - Before shutdown stats (total=1, active=0, idle=1, waiting=0)
2023-04-14 09:38:23,802 DEBUG [HikariPool-1 connection closer][PoolBase.java:134] - HikariPool-1 - Closing connection com.mysql.cj.jdbc.ConnectionImpl@70777a65: (connection evicted)
2023-04-14 09:38:23,802 DEBUG [HikariPool-1 connection closer][PoolBase.java:134] - HikariPool-1 - Closing connection com.mysql.cj.jdbc.ConnectionImpl@70777a65: (connection evicted)
2023-04-14 09:38:23,814 DEBUG [HikariPool-1 connection adder][HikariPool.java:728] - HikariPool-1 - Added connection com.mysql.cj.jdbc.ConnectionImpl@8c62123
2023-04-14 09:38:23,814 DEBUG [HikariPool-1 connection adder][HikariPool.java:728] - HikariPool-1 - Added connection com.mysql.cj.jdbc.ConnectionImpl@8c62123
2023-04-14 09:38:23,816 DEBUG [HikariPool-1 connection closer][PoolBase.java:134] - HikariPool-1 - Closing connection com.mysql.cj.jdbc.ConnectionImpl@8c62123: (connection evicted)
2023-04-14 09:38:23,816 DEBUG [HikariPool-1 connection closer][PoolBase.java:134] - HikariPool-1 - Closing connection com.mysql.cj.jdbc.ConnectionImpl@8c62123: (connection evicted)
2023-04-14 09:38:23,818 DEBUG [SpringContextShutdownHook][HikariPool.java:421] - HikariPool-1 - After shutdown stats (total=0, active=0, idle=0, waiting=0)
2023-04-14 09:38:23,818 DEBUG [SpringContextShutdownHook][HikariPool.java:421] - HikariPool-1 - After shutdown stats (total=0, active=0, idle=0, waiting=0)
2023-04-14 09:38:23,819 INFO [SpringContextShutdownHook][HikariDataSource.java:352] - HikariPool-1 - Shutdown completed.
2023-04-14 09:38:23,819 INFO [SpringContextShutdownHook][HikariDataSource.java:352] - HikariPool-1 - Shutdown completed.
2023-04-14 09:50:22,012 INFO [main][StartupInfoLogger.java:55] - Starting SecondHandTransactionApplicationTests on DESKTOP-3QO7P5A with PID 22276 (started by huweiyan in D:\Android_Project\group_project\COMP-7506-Secondary-Market\Java_Backend)
2023-04-14 09:50:22,012 INFO [main][StartupInfoLogger.java:55] - Starting SecondHandTransactionApplicationTests on DESKTOP-3QO7P5A with PID 22276 (started by huweiyan in D:\Android_Project\group_project\COMP-7506-Secondary-Market\Java_Backend)
2023-04-14 09:50:22,023 DEBUG [main][StartupInfoLogger.java:56] - Running with Spring Boot v2.3.3.RELEASE, Spring v5.2.8.RELEASE
2023-04-14 09:50:22,023 DEBUG [main][StartupInfoLogger.java:56] - Running with Spring Boot v2.3.3.RELEASE, Spring v5.2.8.RELEASE
2023-04-14 09:50:22,028 INFO [main][SpringApplication.java:651] - No active profile set, falling back to default profiles: default
2023-04-14 09:50:22,028 INFO [main][SpringApplication.java:651] - No active profile set, falling back to default profiles: default
2023-04-14 09:50:22,837 DEBUG [main][MybatisPlusAutoConfiguration.java:278] - Searching for mappers annotated with @Mapper
2023-04-14 09:50:22,837 DEBUG [main][MybatisPlusAutoConfiguration.java:278] - Searching for mappers annotated with @Mapper
2023-04-14 09:50:22,839 DEBUG [main][MybatisPlusAutoConfiguration.java:282] - Using auto-configuration base package 'com.transaction'
2023-04-14 09:50:22,839 DEBUG [main][MybatisPlusAutoConfiguration.java:282] - Using auto-configuration base package 'com.transaction'
2023-04-14 09:50:22,977 DEBUG [main][LogFactory.java:105] - Logging initialized using 'class org.apache.ibatis.logging.slf4j.Slf4jImpl' adapter.
2023-04-14 09:50:22,977 DEBUG [main][LogFactory.java:105] - Logging initialized using 'class org.apache.ibatis.logging.slf4j.Slf4jImpl' adapter.
2023-04-14 09:50:23,311 DEBUG [main][HikariConfig.java:946] - Driver class com.mysql.cj.jdbc.Driver found in Thread context class loader jdk.internal.loader.ClassLoaders$AppClassLoader@66d3c617
2023-04-14 09:50:23,311 DEBUG [main][HikariConfig.java:946] - Driver class com.mysql.cj.jdbc.Driver found in Thread context class loader jdk.internal.loader.ClassLoaders$AppClassLoader@66d3c617
2023-04-14 09:50:23,458 DEBUG [main][Logger.java:49] - Property 'mapperLocations' was not specified.
2023-04-14 09:50:23,458 DEBUG [main][Logger.java:49] - Property 'mapperLocations' was not specified.
2023-04-14 09:50:23,625 DEBUG [main][MybatisConfiguration.java:128] - addMappedStatement: com.transaction.mapper.ItemsMapper.selectAllItems
2023-04-14 09:50:23,625 DEBUG [main][MybatisConfiguration.java:128] - addMappedStatement: com.transaction.mapper.ItemsMapper.selectAllItems
2023-04-14 09:50:23,662 DEBUG [main][MybatisConfiguration.java:128] - addMappedStatement: com.transaction.mapper.ItemsMapper.insert
2023-04-14 09:50:23,662 DEBUG [main][MybatisConfiguration.java:128] - addMappedStatement: com.transaction.mapper.ItemsMapper.insert
2023-04-14 09:50:23,667 DEBUG [main][MybatisConfiguration.java:128] - addMappedStatement: com.transaction.mapper.ItemsMapper.delete
2023-04-14 09:50:23,667 DEBUG [main][MybatisConfiguration.java:128] - addMappedStatement: com.transaction.mapper.ItemsMapper.delete
2023-04-14 09:50:23,672 DEBUG [main][MybatisConfiguration.java:128] - addMappedStatement: com.transaction.mapper.ItemsMapper.deleteByMap
2023-04-14 09:50:23,672 DEBUG [main][MybatisConfiguration.java:128] - addMappedStatement: com.transaction.mapper.ItemsMapper.deleteByMap
2023-04-14 09:50:23,673 DEBUG [main][MybatisConfiguration.java:128] - addMappedStatement: com.transaction.mapper.ItemsMapper.deleteById
2023-04-14 09:50:23,673 DEBUG [main][MybatisConfiguration.java:128] - addMappedStatement: com.transaction.mapper.ItemsMapper.deleteById
2023-04-14 09:50:23,677 DEBUG [main][MybatisConfiguration.java:128] - addMappedStatement: com.transaction.mapper.ItemsMapper.deleteBatchIds
2023-04-14 09:50:23,677 DEBUG [main][MybatisConfiguration.java:128] - addMappedStatement: com.transaction.mapper.ItemsMapper.deleteBatchIds
2023-04-14 09:50:23,682 DEBUG [main][MybatisConfiguration.java:128] - addMappedStatement: com.transaction.mapper.ItemsMapper.update
2023-04-14 09:50:23,682 DEBUG [main][MybatisConfiguration.java:128] - addMappedStatement: com.transaction.mapper.ItemsMapper.update
2023-04-14 09:50:23,685 DEBUG [main][MybatisConfiguration.java:128] - addMappedStatement: com.transaction.mapper.ItemsMapper.updateById
2023-04-14 09:50:23,685 DEBUG [main][MybatisConfiguration.java:128] - addMappedStatement: com.transaction.mapper.ItemsMapper.updateById
2023-04-14 09:50:23,688 DEBUG [main][MybatisConfiguration.java:128] - addMappedStatement: com.transaction.mapper.ItemsMapper.selectById
2023-04-14 09:50:23,688 DEBUG [main][MybatisConfiguration.java:128] - addMappedStatement: com.transaction.mapper.ItemsMapper.selectById
2023-04-14 09:50:23,691 DEBUG [main][MybatisConfiguration.java:128] - addMappedStatement: com.transaction.mapper.ItemsMapper.selectBatchIds
2023-04-14 09:50:23,691 DEBUG [main][MybatisConfiguration.java:128] - addMappedStatement: com.transaction.mapper.ItemsMapper.selectBatchIds
2023-04-14 09:50:23,696 DEBUG [main][MybatisConfiguration.java:128] - addMappedStatement: com.transaction.mapper.ItemsMapper.selectByMap
2023-04-14 09:50:23,696 DEBUG [main][MybatisConfiguration.java:128] - addMappedStatement: com.transaction.mapper.ItemsMapper.selectByMap
2023-04-14 09:50:23,701 DEBUG [main][MybatisConfiguration.java:128] - addMappedStatement: com.transaction.mapper.ItemsMapper.selectOne
2023-04-14 09:50:23,701 DEBUG [main][MybatisConfiguration.java:128] - addMappedStatement: com.transaction.mapper.ItemsMapper.selectOne
2023-04-14 09:50:23,705 DEBUG [main][MybatisConfiguration.java:128] - addMappedStatement: com.transaction.mapper.ItemsMapper.selectCount
2023-04-14 09:50:23,705 DEBUG [main][MybatisConfiguration.java:128] - addMappedStatement: com.transaction.mapper.ItemsMapper.selectCount
2023-04-14 09:50:23,712 DEBUG [main][MybatisConfiguration.java:128] - addMappedStatement: com.transaction.mapper.ItemsMapper.selectMaps
2023-04-14 09:50:23,712 DEBUG [main][MybatisConfiguration.java:128] - addMappedStatement: com.transaction.mapper.ItemsMapper.selectMaps
2023-04-14 09:50:23,712 DEBUG [main][MybatisConfiguration.java:128] - addMappedStatement: com.transaction.mapper.ItemsMapper.selectMapsPage
2023-04-14 09:50:23,712 DEBUG [main][MybatisConfiguration.java:128] - addMappedStatement: com.transaction.mapper.ItemsMapper.selectMapsPage
2023-04-14 09:50:23,716 DEBUG [main][MybatisConfiguration.java:128] - addMappedStatement: com.transaction.mapper.ItemsMapper.selectObjs
2023-04-14 09:50:23,716 DEBUG [main][MybatisConfiguration.java:128] - addMappedStatement: com.transaction.mapper.ItemsMapper.selectObjs
2023-04-14 09:50:23,722 DEBUG [main][MybatisConfiguration.java:128] - addMappedStatement: com.transaction.mapper.ItemsMapper.selectList
2023-04-14 09:50:23,722 DEBUG [main][MybatisConfiguration.java:128] - addMappedStatement: com.transaction.mapper.ItemsMapper.selectList
2023-04-14 09:50:23,725 DEBUG [main][MybatisConfiguration.java:128] - addMappedStatement: com.transaction.mapper.ItemsMapper.selectPage
2023-04-14 09:50:23,725 DEBUG [main][MybatisConfiguration.java:128] - addMappedStatement: com.transaction.mapper.ItemsMapper.selectPage
2023-04-14 09:50:24,175 INFO [main][ExecutorConfigurationSupport.java:181] - Initializing ExecutorService 'applicationTaskExecutor'
2023-04-14 09:50:24,175 INFO [main][ExecutorConfigurationSupport.java:181] - Initializing ExecutorService 'applicationTaskExecutor'
2023-04-14 09:50:24,426 DEBUG [main][MybatisPlusAutoConfiguration.java:314] - Not found configuration for registering mapper bean using @MapperScan, MapperFactoryBean and MapperScannerConfigurer.
2023-04-14 09:50:24,426 DEBUG [main][MybatisPlusAutoConfiguration.java:314] - Not found configuration for registering mapper bean using @MapperScan, MapperFactoryBean and MapperScannerConfigurer.
2023-04-14 09:50:24,575 INFO [main][StartupInfoLogger.java:61] - Started SecondHandTransactionApplicationTests in 3.023 seconds (JVM running for 4.901)
2023-04-14 09:50:24,575 INFO [main][StartupInfoLogger.java:61] - Started SecondHandTransactionApplicationTests in 3.023 seconds (JVM running for 4.901)
2023-04-14 09:50:25,087 INFO [SpringContextShutdownHook][ExecutorConfigurationSupport.java:218] - Shutting down ExecutorService 'applicationTaskExecutor'
2023-04-14 09:50:25,087 INFO [SpringContextShutdownHook][ExecutorConfigurationSupport.java:218] - Shutting down ExecutorService 'applicationTaskExecutor'
2023-04-14 09:53:15,399 INFO [main][StartupInfoLogger.java:55] - Starting SecondHandTransactionApplication on DESKTOP-3QO7P5A with PID 19760 (D:\Android_Project\group_project\COMP-7506-Secondary-Market\Java_Backend\target\classes started by huweiyan in D:\Android_Project\group_project\COMP-7506-Secondary-Market\Java_Backend)
2023-04-14 09:53:15,399 INFO [main][StartupInfoLogger.java:55] - Starting SecondHandTransactionApplication on DESKTOP-3QO7P5A with PID 19760 (D:\Android_Project\group_project\COMP-7506-Secondary-Market\Java_Backend\target\classes started by huweiyan in D:\Android_Project\group_project\COMP-7506-Secondary-Market\Java_Backend)
2023-04-14 09:53:15,409 DEBUG [main][StartupInfoLogger.java:56] - Running with Spring Boot v2.3.3.RELEASE, Spring v5.2.8.RELEASE
2023-04-14 09:53:15,409 DEBUG [main][StartupInfoLogger.java:56] - Running with Spring Boot v2.3.3.RELEASE, Spring v5.2.8.RELEASE
2023-04-14 09:53:15,409 INFO [main][SpringApplication.java:651] - No active profile set, falling back to default profiles: default
2023-04-14 09:53:15,409 INFO [main][SpringApplication.java:651] - No active profile set, falling back to default profiles: default
2023-04-14 09:53:15,902 DEBUG [main][MybatisPlusAutoConfiguration.java:278] - Searching for mappers annotated with @Mapper
2023-04-14 09:53:15,902 DEBUG [main][MybatisPlusAutoConfiguration.java:278] - Searching for mappers annotated with @Mapper
2023-04-14 09:53:15,916 DEBUG [main][MybatisPlusAutoConfiguration.java:282] - Using auto-configuration base package 'com.transaction'
2023-04-14 09:53:15,916 DEBUG [main][MybatisPlusAutoConfiguration.java:282] - Using auto-configuration base package 'com.transaction'
2023-04-14 09:53:16,001 DEBUG [main][LogFactory.java:105] - Logging initialized using 'class org.apache.ibatis.logging.slf4j.Slf4jImpl' adapter.
2023-04-14 09:53:16,001 DEBUG [main][LogFactory.java:105] - Logging initialized using 'class org.apache.ibatis.logging.slf4j.Slf4jImpl' adapter.
2023-04-14 09:53:16,330 INFO [main][TomcatWebServer.java:108] - Tomcat initialized with port(s): 9010 (http)
2023-04-14 09:53:16,330 INFO [main][TomcatWebServer.java:108] - Tomcat initialized with port(s): 9010 (http)
2023-04-14 09:53:16,338 INFO [main][DirectJDKLog.java:173] - Initializing ProtocolHandler ["http-nio-9010"]
2023-04-14 09:53:16,338 INFO [main][DirectJDKLog.java:173] - Initializing ProtocolHandler ["http-nio-9010"]
2023-04-14 09:53:16,339 INFO [main][DirectJDKLog.java:173] - Starting service [Tomcat]
2023-04-14 09:53:16,339 INFO [main][DirectJDKLog.java:173] - Starting service [Tomcat]
2023-04-14 09:53:16,339 INFO [main][DirectJDKLog.java:173] - Starting Servlet engine: [Apache Tomcat/9.0.37]
2023-04-14 09:53:16,339 INFO [main][DirectJDKLog.java:173] - Starting Servlet engine: [Apache Tomcat/9.0.37]
2023-04-14 09:53:16,400 INFO [main][DirectJDKLog.java:173] - Initializing Spring embedded WebApplicationContext
2023-04-14 09:53:16,400 INFO [main][DirectJDKLog.java:173] - Initializing Spring embedded WebApplicationContext
2023-04-14 09:53:16,410 INFO [main][ServletWebServerApplicationContext.java:285] - Root WebApplicationContext: initialization completed in 957 ms
2023-04-14 09:53:16,410 INFO [main][ServletWebServerApplicationContext.java:285] - Root WebApplicationContext: initialization completed in 957 ms
2023-04-14 09:53:16,487 DEBUG [main][HikariConfig.java:946] - Driver class com.mysql.cj.jdbc.Driver found in Thread context class loader jdk.internal.loader.ClassLoaders$AppClassLoader@66d3c617
2023-04-14 09:53:16,487 DEBUG [main][HikariConfig.java:946] - Driver class com.mysql.cj.jdbc.Driver found in Thread context class loader jdk.internal.loader.ClassLoaders$AppClassLoader@66d3c617
2023-04-14 09:53:16,552 DEBUG [main][Logger.java:49] - Property 'mapperLocations' was not specified.
2023-04-14 09:53:16,552 DEBUG [main][Logger.java:49] - Property 'mapperLocations' was not specified.
2023-04-14 09:53:16,726 DEBUG [main][MybatisConfiguration.java:128] - addMappedStatement: com.transaction.mapper.ItemsMapper.selectAllItems
2023-04-14 09:53:16,726 DEBUG [main][MybatisConfiguration.java:128] - addMappedStatement: com.transaction.mapper.ItemsMapper.selectAllItems
2023-04-14 09:53:16,754 DEBUG [main][MybatisConfiguration.java:128] - addMappedStatement: com.transaction.mapper.ItemsMapper.insert
2023-04-14 09:53:16,754 DEBUG [main][MybatisConfiguration.java:128] - addMappedStatement: com.transaction.mapper.ItemsMapper.insert
2023-04-14 09:53:16,764 DEBUG [main][MybatisConfiguration.java:128] - addMappedStatement: com.transaction.mapper.ItemsMapper.delete
2023-04-14 09:53:16,764 DEBUG [main][MybatisConfiguration.java:128] - addMappedStatement: com.transaction.mapper.ItemsMapper.delete
2023-04-14 09:53:16,764 DEBUG [main][MybatisConfiguration.java:128] - addMappedStatement: com.transaction.mapper.ItemsMapper.deleteByMap
2023-04-14 09:53:16,764 DEBUG [main][MybatisConfiguration.java:128] - addMappedStatement: com.transaction.mapper.ItemsMapper.deleteByMap
2023-04-14 09:53:16,764 DEBUG [main][MybatisConfiguration.java:128] - addMappedStatement: com.transaction.mapper.ItemsMapper.deleteById
2023-04-14 09:53:16,764 DEBUG [main][MybatisConfiguration.java:128] - addMappedStatement: com.transaction.mapper.ItemsMapper.deleteById
2023-04-14 09:53:16,781 DEBUG [main][MybatisConfiguration.java:128] - addMappedStatement: com.transaction.mapper.ItemsMapper.deleteBatchIds
2023-04-14 09:53:16,781 DEBUG [main][MybatisConfiguration.java:128] - addMappedStatement: com.transaction.mapper.ItemsMapper.deleteBatchIds
2023-04-14 09:53:16,786 DEBUG [main][MybatisConfiguration.java:128] - addMappedStatement: com.transaction.mapper.ItemsMapper.update
2023-04-14 09:53:16,786 DEBUG [main][MybatisConfiguration.java:128] - addMappedStatement: com.transaction.mapper.ItemsMapper.update
2023-04-14 09:53:16,786 DEBUG [main][MybatisConfiguration.java:128] - addMappedStatement: com.transaction.mapper.ItemsMapper.updateById
2023-04-14 09:53:16,786 DEBUG [main][MybatisConfiguration.java:128] - addMappedStatement: com.transaction.mapper.ItemsMapper.updateById
2023-04-14 09:53:16,786 DEBUG [main][MybatisConfiguration.java:128] - addMappedStatement: com.transaction.mapper.ItemsMapper.selectById
2023-04-14 09:53:16,786 DEBUG [main][MybatisConfiguration.java:128] - addMappedStatement: com.transaction.mapper.ItemsMapper.selectById
2023-04-14 09:53:16,798 DEBUG [main][MybatisConfiguration.java:128] - addMappedStatement: com.transaction.mapper.ItemsMapper.selectBatchIds
2023-04-14 09:53:16,798 DEBUG [main][MybatisConfiguration.java:128] - addMappedStatement: com.transaction.mapper.ItemsMapper.selectBatchIds
2023-04-14 09:53:16,798 DEBUG [main][MybatisConfiguration.java:128] - addMappedStatement: com.transaction.mapper.ItemsMapper.selectByMap
2023-04-14 09:53:16,798 DEBUG [main][MybatisConfiguration.java:128] - addMappedStatement: com.transaction.mapper.ItemsMapper.selectByMap
2023-04-14 09:53:16,804 DEBUG [main][MybatisConfiguration.java:128] - addMappedStatement: com.transaction.mapper.ItemsMapper.selectOne
2023-04-14 09:53:16,804 DEBUG [main][MybatisConfiguration.java:128] - addMappedStatement: com.transaction.mapper.ItemsMapper.selectOne
2023-04-14 09:53:16,811 DEBUG [main][MybatisConfiguration.java:128] - addMappedStatement: com.transaction.mapper.ItemsMapper.selectCount
2023-04-14 09:53:16,811 DEBUG [main][MybatisConfiguration.java:128] - addMappedStatement: com.transaction.mapper.ItemsMapper.selectCount
2023-04-14 09:53:16,821 DEBUG [main][MybatisConfiguration.java:128] - addMappedStatement: com.transaction.mapper.ItemsMapper.selectMaps
2023-04-14 09:53:16,821 DEBUG [main][MybatisConfiguration.java:128] - addMappedStatement: com.transaction.mapper.ItemsMapper.selectMaps
2023-04-14 09:53:16,837 DEBUG [main][MybatisConfiguration.java:128] - addMappedStatement: com.transaction.mapper.ItemsMapper.selectMapsPage
2023-04-14 09:53:16,837 DEBUG [main][MybatisConfiguration.java:128] - addMappedStatement: com.transaction.mapper.ItemsMapper.selectMapsPage
2023-04-14 09:53:16,841 DEBUG [main][MybatisConfiguration.java:128] - addMappedStatement: com.transaction.mapper.ItemsMapper.selectObjs
2023-04-14 09:53:16,841 DEBUG [main][MybatisConfiguration.java:128] - addMappedStatement: com.transaction.mapper.ItemsMapper.selectObjs
2023-04-14 09:53:16,846 DEBUG [main][MybatisConfiguration.java:128] - addMappedStatement: com.transaction.mapper.ItemsMapper.selectList
2023-04-14 09:53:16,846 DEBUG [main][MybatisConfiguration.java:128] - addMappedStatement: com.transaction.mapper.ItemsMapper.selectList
2023-04-14 09:53:16,850 DEBUG [main][MybatisConfiguration.java:128] - addMappedStatement: com.transaction.mapper.ItemsMapper.selectPage
2023-04-14 09:53:16,850 DEBUG [main][MybatisConfiguration.java:128] - addMappedStatement: com.transaction.mapper.ItemsMapper.selectPage
2023-04-14 09:53:17,016 INFO [main][ExecutorConfigurationSupport.java:181] - Initializing ExecutorService 'applicationTaskExecutor'
2023-04-14 09:53:17,016 INFO [main][ExecutorConfigurationSupport.java:181] - Initializing ExecutorService 'applicationTaskExecutor'
2023-04-14 09:53:17,125 DEBUG [main][MybatisPlusAutoConfiguration.java:314] - Not found configuration for registering mapper bean using @MapperScan, MapperFactoryBean and MapperScannerConfigurer.
2023-04-14 09:53:17,125 DEBUG [main][MybatisPlusAutoConfiguration.java:314] - Not found configuration for registering mapper bean using @MapperScan, MapperFactoryBean and MapperScannerConfigurer.
2023-04-14 09:53:17,227 INFO [main][DirectJDKLog.java:173] - Starting ProtocolHandler ["http-nio-9010"]
2023-04-14 09:53:17,227 INFO [main][DirectJDKLog.java:173] - Starting ProtocolHandler ["http-nio-9010"]
2023-04-14 09:53:17,330 INFO [main][TomcatWebServer.java:220] - Tomcat started on port(s): 9010 (http) with context path ''
2023-04-14 09:53:17,330 INFO [main][TomcatWebServer.java:220] - Tomcat started on port(s): 9010 (http) with context path ''
2023-04-14 09:53:17,342 INFO [main][StartupInfoLogger.java:61] - Started SecondHandTransactionApplication in 2.428 seconds (JVM running for 3.549)
2023-04-14 09:53:17,342 INFO [main][StartupInfoLogger.java:61] - Started SecondHandTransactionApplication in 2.428 seconds (JVM running for 3.549)
2023-04-14 09:53:42,014 INFO [http-nio-9010-exec-1][DirectJDKLog.java:173] - Initializing Spring DispatcherServlet 'dispatcherServlet'
2023-04-14 09:53:42,014 INFO [http-nio-9010-exec-1][DirectJDKLog.java:173] - Initializing Spring DispatcherServlet 'dispatcherServlet'
2023-04-14 09:53:42,014 INFO [http-nio-9010-exec-1][FrameworkServlet.java:525] - Initializing Servlet 'dispatcherServlet'
2023-04-14 09:53:42,014 INFO [http-nio-9010-exec-1][FrameworkServlet.java:525] - Initializing Servlet 'dispatcherServlet'
2023-04-14 09:53:42,033 INFO [http-nio-9010-exec-1][FrameworkServlet.java:547] - Completed initialization in 19 ms
2023-04-14 09:53:42,033 INFO [http-nio-9010-exec-1][FrameworkServlet.java:547] - Completed initialization in 19 ms
2023-04-14 09:53:42,064 DEBUG [http-nio-9010-exec-1][HikariConfig.java:1066] - HikariPool-1 - configuration:
2023-04-14 09:53:42,064 DEBUG [http-nio-9010-exec-1][HikariConfig.java:1066] - HikariPool-1 - configuration:
2023-04-14 09:53:42,065 DEBUG [http-nio-9010-exec-1][HikariConfig.java:1098] - allowPoolSuspension.............false
2023-04-14 09:53:42,065 DEBUG [http-nio-9010-exec-1][HikariConfig.java:1098] - allowPoolSuspension.............false
2023-04-14 09:53:42,067 DEBUG [http-nio-9010-exec-1][HikariConfig.java:1098] - autoCommit......................true
2023-04-14 09:53:42,067 DEBUG [http-nio-9010-exec-1][HikariConfig.java:1098] - autoCommit......................true
2023-04-14 09:53:42,067 DEBUG [http-nio-9010-exec-1][HikariConfig.java:1098] - catalog.........................none
2023-04-14 09:53:42,067 DEBUG [http-nio-9010-exec-1][HikariConfig.java:1098] - catalog.........................none
2023-04-14 09:53:42,067 DEBUG [http-nio-9010-exec-1][HikariConfig.java:1098] - connectionInitSql...............none
2023-04-14 09:53:42,067 DEBUG [http-nio-9010-exec-1][HikariConfig.java:1098] - connectionInitSql...............none
2023-04-14 09:53:42,068 DEBUG [http-nio-9010-exec-1][HikariConfig.java:1098] - connectionTestQuery.............none
2023-04-14 09:53:42,068 DEBUG [http-nio-9010-exec-1][HikariConfig.java:1098] - connectionTestQuery.............none
2023-04-14 09:53:42,068 DEBUG [http-nio-9010-exec-1][HikariConfig.java:1098] - connectionTimeout...............30000
2023-04-14 09:53:42,068 DEBUG [http-nio-9010-exec-1][HikariConfig.java:1098] - connectionTimeout...............30000
2023-04-14 09:53:42,068 DEBUG [http-nio-9010-exec-1][HikariConfig.java:1098] - dataSource......................none
2023-04-14 09:53:42,068 DEBUG [http-nio-9010-exec-1][HikariConfig.java:1098] - dataSource......................none
2023-04-14 09:53:42,069 DEBUG [http-nio-9010-exec-1][HikariConfig.java:1098] - dataSourceClassName.............none
2023-04-14 09:53:42,069 DEBUG [http-nio-9010-exec-1][HikariConfig.java:1098] - dataSourceClassName.............none
2023-04-14 09:53:42,069 DEBUG [http-nio-9010-exec-1][HikariConfig.java:1098] - dataSourceJNDI..................none
2023-04-14 09:53:42,069 DEBUG [http-nio-9010-exec-1][HikariConfig.java:1098] - dataSourceJNDI..................none
2023-04-14 09:53:42,070 DEBUG [http-nio-9010-exec-1][HikariConfig.java:1098] - dataSourceProperties............{password=<masked>}
2023-04-14 09:53:42,070 DEBUG [http-nio-9010-exec-1][HikariConfig.java:1098] - dataSourceProperties............{password=<masked>}
2023-04-14 09:53:42,070 DEBUG [http-nio-9010-exec-1][HikariConfig.java:1098] - driverClassName................."com.mysql.cj.jdbc.Driver"
2023-04-14 09:53:42,070 DEBUG [http-nio-9010-exec-1][HikariConfig.java:1098] - driverClassName................."com.mysql.cj.jdbc.Driver"
2023-04-14 09:53:42,071 DEBUG [http-nio-9010-exec-1][HikariConfig.java:1098] - exceptionOverrideClassName......none
2023-04-14 09:53:42,071 DEBUG [http-nio-9010-exec-1][HikariConfig.java:1098] - exceptionOverrideClassName......none
2023-04-14 09:53:42,071 DEBUG [http-nio-9010-exec-1][HikariConfig.java:1098] - healthCheckProperties...........{}
2023-04-14 09:53:42,071 DEBUG [http-nio-9010-exec-1][HikariConfig.java:1098] - healthCheckProperties...........{}
2023-04-14 09:53:42,071 DEBUG [http-nio-9010-exec-1][HikariConfig.java:1098] - healthCheckRegistry.............none
2023-04-14 09:53:42,071 DEBUG [http-nio-9010-exec-1][HikariConfig.java:1098] - healthCheckRegistry.............none
2023-04-14 09:53:42,072 DEBUG [http-nio-9010-exec-1][HikariConfig.java:1098] - idleTimeout.....................600000
2023-04-14 09:53:42,072 DEBUG [http-nio-9010-exec-1][HikariConfig.java:1098] - idleTimeout.....................600000
2023-04-14 09:53:42,072 DEBUG [http-nio-9010-exec-1][HikariConfig.java:1098] - initializationFailTimeout.......1
2023-04-14 09:53:42,072 DEBUG [http-nio-9010-exec-1][HikariConfig.java:1098] - initializationFailTimeout.......1
2023-04-14 09:53:42,072 DEBUG [http-nio-9010-exec-1][HikariConfig.java:1098] - isolateInternalQueries..........false
2023-04-14 09:53:42,072 DEBUG [http-nio-9010-exec-1][HikariConfig.java:1098] - isolateInternalQueries..........false
2023-04-14 09:53:42,072 DEBUG [http-nio-9010-exec-1][HikariConfig.java:1098] - jdbcUrl.........................jdbc:mysql://localhost:3306/comp_7506
2023-04-14 09:53:42,072 DEBUG [http-nio-9010-exec-1][HikariConfig.java:1098] - jdbcUrl.........................jdbc:mysql://localhost:3306/comp_7506
2023-04-14 09:53:42,072 DEBUG [http-nio-9010-exec-1][HikariConfig.java:1098] - leakDetectionThreshold..........0
2023-04-14 09:53:42,072 DEBUG [http-nio-9010-exec-1][HikariConfig.java:1098] - leakDetectionThreshold..........0
2023-04-14 09:53:42,072 DEBUG [http-nio-9010-exec-1][HikariConfig.java:1098] - maxLifetime.....................1800000
2023-04-14 09:53:42,072 DEBUG [http-nio-9010-exec-1][HikariConfig.java:1098] - maxLifetime.....................1800000
2023-04-14 09:53:42,072 DEBUG [http-nio-9010-exec-1][HikariConfig.java:1098] - maximumPoolSize.................10
2023-04-14 09:53:42,072 DEBUG [http-nio-9010-exec-1][HikariConfig.java:1098] - maximumPoolSize.................10
2023-04-14 09:53:42,073 DEBUG [http-nio-9010-exec-1][HikariConfig.java:1098] - metricRegistry..................none
2023-04-14 09:53:42,073 DEBUG [http-nio-9010-exec-1][HikariConfig.java:1098] - metricRegistry..................none
2023-04-14 09:53:42,074 DEBUG [http-nio-9010-exec-1][HikariConfig.java:1098] - metricsTrackerFactory...........none
2023-04-14 09:53:42,074 DEBUG [http-nio-9010-exec-1][HikariConfig.java:1098] - metricsTrackerFactory...........none
2023-04-14 09:53:42,074 DEBUG [http-nio-9010-exec-1][HikariConfig.java:1098] - minimumIdle.....................10
2023-04-14 09:53:42,074 DEBUG [http-nio-9010-exec-1][HikariConfig.java:1098] - minimumIdle.....................10
2023-04-14 09:53:42,074 DEBUG [http-nio-9010-exec-1][HikariConfig.java:1098] - password........................<masked>
2023-04-14 09:53:42,074 DEBUG [http-nio-9010-exec-1][HikariConfig.java:1098] - password........................<masked>
2023-04-14 09:53:42,074 DEBUG [http-nio-9010-exec-1][HikariConfig.java:1098] - poolName........................"HikariPool-1"
2023-04-14 09:53:42,074 DEBUG [http-nio-9010-exec-1][HikariConfig.java:1098] - poolName........................"HikariPool-1"
2023-04-14 09:53:42,074 DEBUG [http-nio-9010-exec-1][HikariConfig.java:1098] - readOnly........................false
2023-04-14 09:53:42,074 DEBUG [http-nio-9010-exec-1][HikariConfig.java:1098] - readOnly........................false
2023-04-14 09:53:42,075 DEBUG [http-nio-9010-exec-1][HikariConfig.java:1098] - registerMbeans..................false
2023-04-14 09:53:42,075 DEBUG [http-nio-9010-exec-1][HikariConfig.java:1098] - registerMbeans..................false
2023-04-14 09:53:42,076 DEBUG [http-nio-9010-exec-1][HikariConfig.java:1098] - scheduledExecutor...............none
2023-04-14 09:53:42,076 DEBUG [http-nio-9010-exec-1][HikariConfig.java:1098] - scheduledExecutor...............none
2023-04-14 09:53:42,076 DEBUG [http-nio-9010-exec-1][HikariConfig.java:1098] - schema..........................none
2023-04-14 09:53:42,076 DEBUG [http-nio-9010-exec-1][HikariConfig.java:1098] - schema..........................none
2023-04-14 09:53:42,076 DEBUG [http-nio-9010-exec-1][HikariConfig.java:1098] - threadFactory...................internal
2023-04-14 09:53:42,076 DEBUG [http-nio-9010-exec-1][HikariConfig.java:1098] - threadFactory...................internal
2023-04-14 09:53:42,076 DEBUG [http-nio-9010-exec-1][HikariConfig.java:1098] - transactionIsolation............default
2023-04-14 09:53:42,076 DEBUG [http-nio-9010-exec-1][HikariConfig.java:1098] - transactionIsolation............default
2023-04-14 09:53:42,076 DEBUG [http-nio-9010-exec-1][HikariConfig.java:1098] - username........................"root"
2023-04-14 09:53:42,076 DEBUG [http-nio-9010-exec-1][HikariConfig.java:1098] - username........................"root"
2023-04-14 09:53:42,076 DEBUG [http-nio-9010-exec-1][HikariConfig.java:1098] - validationTimeout...............5000
2023-04-14 09:53:42,076 DEBUG [http-nio-9010-exec-1][HikariConfig.java:1098] - validationTimeout...............5000
2023-04-14 09:53:42,076 INFO [http-nio-9010-exec-1][HikariDataSource.java:110] - HikariPool-1 - Starting...
2023-04-14 09:53:42,076 INFO [http-nio-9010-exec-1][HikariDataSource.java:110] - HikariPool-1 - Starting...
2023-04-14 09:53:42,359 DEBUG [http-nio-9010-exec-1][HikariPool.java:564] - HikariPool-1 - Added connection com.mysql.cj.jdbc.ConnectionImpl@771bc52a
2023-04-14 09:53:42,359 DEBUG [http-nio-9010-exec-1][HikariPool.java:564] - HikariPool-1 - Added connection com.mysql.cj.jdbc.ConnectionImpl@771bc52a
2023-04-14 09:53:42,361 INFO [http-nio-9010-exec-1][HikariDataSource.java:123] - HikariPool-1 - Start completed.
2023-04-14 09:53:42,361 INFO [http-nio-9010-exec-1][HikariDataSource.java:123] - HikariPool-1 - Start completed.
2023-04-14 09:53:42,362 DEBUG [http-nio-9010-exec-1][BaseJdbcLogger.java:137] - ==>  Preparing: select * from items
2023-04-14 09:53:42,362 DEBUG [http-nio-9010-exec-1][BaseJdbcLogger.java:137] - ==>  Preparing: select * from items
2023-04-14 09:53:42,381 DEBUG [http-nio-9010-exec-1][BaseJdbcLogger.java:137] - ==> Parameters: 
2023-04-14 09:53:42,381 DEBUG [http-nio-9010-exec-1][BaseJdbcLogger.java:137] - ==> Parameters: 
2023-04-14 09:53:42,399 DEBUG [http-nio-9010-exec-1][BaseJdbcLogger.java:137] - <==      Total: 1
2023-04-14 09:53:42,399 DEBUG [http-nio-9010-exec-1][BaseJdbcLogger.java:137] - <==      Total: 1
2023-04-14 09:53:42,470 DEBUG [HikariPool-1 housekeeper][HikariPool.java:421] - HikariPool-1 - Pool stats (total=1, active=0, idle=1, waiting=0)
2023-04-14 09:53:42,470 DEBUG [HikariPool-1 housekeeper][HikariPool.java:421] - HikariPool-1 - Pool stats (total=1, active=0, idle=1, waiting=0)
2023-04-14 09:53:42,491 DEBUG [HikariPool-1 connection adder][HikariPool.java:728] - HikariPool-1 - Added connection com.mysql.cj.jdbc.ConnectionImpl@3a2f0f2f
2023-04-14 09:53:42,491 DEBUG [HikariPool-1 connection adder][HikariPool.java:728] - HikariPool-1 - Added connection com.mysql.cj.jdbc.ConnectionImpl@3a2f0f2f
2023-04-14 09:53:42,503 DEBUG [HikariPool-1 connection adder][HikariPool.java:728] - HikariPool-1 - Added connection com.mysql.cj.jdbc.ConnectionImpl@6bc1fa93
2023-04-14 09:53:42,503 DEBUG [HikariPool-1 connection adder][HikariPool.java:728] - HikariPool-1 - Added connection com.mysql.cj.jdbc.ConnectionImpl@6bc1fa93
2023-04-14 09:53:42,526 DEBUG [HikariPool-1 connection adder][HikariPool.java:728] - HikariPool-1 - Added connection com.mysql.cj.jdbc.ConnectionImpl@4d2f6800
2023-04-14 09:53:42,526 DEBUG [HikariPool-1 connection adder][HikariPool.java:728] - HikariPool-1 - Added connection com.mysql.cj.jdbc.ConnectionImpl@4d2f6800
2023-04-14 09:53:42,546 DEBUG [HikariPool-1 connection adder][HikariPool.java:728] - HikariPool-1 - Added connection com.mysql.cj.jdbc.ConnectionImpl@6f8fe5fb
2023-04-14 09:53:42,546 DEBUG [HikariPool-1 connection adder][HikariPool.java:728] - HikariPool-1 - Added connection com.mysql.cj.jdbc.ConnectionImpl@6f8fe5fb
2023-04-14 09:53:42,565 DEBUG [HikariPool-1 connection adder][HikariPool.java:728] - HikariPool-1 - Added connection com.mysql.cj.jdbc.ConnectionImpl@cfdb639
2023-04-14 09:53:42,565 DEBUG [HikariPool-1 connection adder][HikariPool.java:728] - HikariPool-1 - Added connection com.mysql.cj.jdbc.ConnectionImpl@cfdb639
2023-04-14 09:53:42,586 DEBUG [HikariPool-1 connection adder][HikariPool.java:728] - HikariPool-1 - Added connection com.mysql.cj.jdbc.ConnectionImpl@6357ea52
2023-04-14 09:53:42,586 DEBUG [HikariPool-1 connection adder][HikariPool.java:728] - HikariPool-1 - Added connection com.mysql.cj.jdbc.ConnectionImpl@6357ea52
2023-04-14 09:53:42,611 DEBUG [HikariPool-1 connection adder][HikariPool.java:728] - HikariPool-1 - Added connection com.mysql.cj.jdbc.ConnectionImpl@1033bef
2023-04-14 09:53:42,611 DEBUG [HikariPool-1 connection adder][HikariPool.java:728] - HikariPool-1 - Added connection com.mysql.cj.jdbc.ConnectionImpl@1033bef
2023-04-14 09:53:42,634 DEBUG [HikariPool-1 connection adder][HikariPool.java:728] - HikariPool-1 - Added connection com.mysql.cj.jdbc.ConnectionImpl@16e1f0aa
2023-04-14 09:53:42,634 DEBUG [HikariPool-1 connection adder][HikariPool.java:728] - HikariPool-1 - Added connection com.mysql.cj.jdbc.ConnectionImpl@16e1f0aa
2023-04-14 09:53:42,657 DEBUG [HikariPool-1 connection adder][HikariPool.java:728] - HikariPool-1 - Added connection com.mysql.cj.jdbc.ConnectionImpl@6bdd3013
2023-04-14 09:53:42,657 DEBUG [HikariPool-1 connection adder][HikariPool.java:728] - HikariPool-1 - Added connection com.mysql.cj.jdbc.ConnectionImpl@6bdd3013
2023-04-14 09:53:42,658 DEBUG [HikariPool-1 connection adder][HikariPool.java:421] - HikariPool-1 - After adding stats (total=10, active=0, idle=10, waiting=0)
2023-04-14 09:53:42,658 DEBUG [HikariPool-1 connection adder][HikariPool.java:421] - HikariPool-1 - After adding stats (total=10, active=0, idle=10, waiting=0)
2023-04-14 09:54:12,479 DEBUG [HikariPool-1 housekeeper][HikariPool.java:421] - HikariPool-1 - Pool stats (total=10, active=0, idle=10, waiting=0)
2023-04-14 09:54:12,479 DEBUG [HikariPool-1 housekeeper][HikariPool.java:421] - HikariPool-1 - Pool stats (total=10, active=0, idle=10, waiting=0)
2023-04-14 09:54:12,479 DEBUG [HikariPool-1 housekeeper][HikariPool.java:517] - HikariPool-1 - Fill pool skipped, pool is at sufficient level.
2023-04-14 09:54:12,479 DEBUG [HikariPool-1 housekeeper][HikariPool.java:517] - HikariPool-1 - Fill pool skipped, pool is at sufficient level.
2023-04-14 09:54:42,486 DEBUG [HikariPool-1 housekeeper][HikariPool.java:421] - HikariPool-1 - Pool stats (total=10, active=0, idle=10, waiting=0)
2023-04-14 09:54:42,486 DEBUG [HikariPool-1 housekeeper][HikariPool.java:421] - HikariPool-1 - Pool stats (total=10, active=0, idle=10, waiting=0)
2023-04-14 09:54:42,486 DEBUG [HikariPool-1 housekeeper][HikariPool.java:517] - HikariPool-1 - Fill pool skipped, pool is at sufficient level.
2023-04-14 09:54:42,486 DEBUG [HikariPool-1 housekeeper][HikariPool.java:517] - HikariPool-1 - Fill pool skipped, pool is at sufficient level.
2023-04-14 09:55:12,502 DEBUG [HikariPool-1 housekeeper][HikariPool.java:421] - HikariPool-1 - Pool stats (total=10, active=0, idle=10, waiting=0)
2023-04-14 09:55:12,502 DEBUG [HikariPool-1 housekeeper][HikariPool.java:421] - HikariPool-1 - Pool stats (total=10, active=0, idle=10, waiting=0)
2023-04-14 09:55:12,502 DEBUG [HikariPool-1 housekeeper][HikariPool.java:517] - HikariPool-1 - Fill pool skipped, pool is at sufficient level.
2023-04-14 09:55:12,502 DEBUG [HikariPool-1 housekeeper][HikariPool.java:517] - HikariPool-1 - Fill pool skipped, pool is at sufficient level.
2023-04-14 09:55:42,518 DEBUG [HikariPool-1 housekeeper][HikariPool.java:421] - HikariPool-1 - Pool stats (total=10, active=0, idle=10, waiting=0)
2023-04-14 09:55:42,518 DEBUG [HikariPool-1 housekeeper][HikariPool.java:421] - HikariPool-1 - Pool stats (total=10, active=0, idle=10, waiting=0)
2023-04-14 09:55:42,518 DEBUG [HikariPool-1 housekeeper][HikariPool.java:517] - HikariPool-1 - Fill pool skipped, pool is at sufficient level.
2023-04-14 09:55:42,518 DEBUG [HikariPool-1 housekeeper][HikariPool.java:517] - HikariPool-1 - Fill pool skipped, pool is at sufficient level.
2023-04-14 09:56:12,525 DEBUG [HikariPool-1 housekeeper][HikariPool.java:421] - HikariPool-1 - Pool stats (total=10, active=0, idle=10, waiting=0)
2023-04-14 09:56:12,525 DEBUG [HikariPool-1 housekeeper][HikariPool.java:421] - HikariPool-1 - Pool stats (total=10, active=0, idle=10, waiting=0)
2023-04-14 09:56:12,525 DEBUG [HikariPool-1 housekeeper][HikariPool.java:517] - HikariPool-1 - Fill pool skipped, pool is at sufficient level.
2023-04-14 09:56:12,525 DEBUG [HikariPool-1 housekeeper][HikariPool.java:517] - HikariPool-1 - Fill pool skipped, pool is at sufficient level.
2023-04-14 09:56:42,536 DEBUG [HikariPool-1 housekeeper][HikariPool.java:421] - HikariPool-1 - Pool stats (total=10, active=0, idle=10, waiting=0)
2023-04-14 09:56:42,536 DEBUG [HikariPool-1 housekeeper][HikariPool.java:421] - HikariPool-1 - Pool stats (total=10, active=0, idle=10, waiting=0)
2023-04-14 09:56:42,536 DEBUG [HikariPool-1 housekeeper][HikariPool.java:517] - HikariPool-1 - Fill pool skipped, pool is at sufficient level.
2023-04-14 09:56:42,536 DEBUG [HikariPool-1 housekeeper][HikariPool.java:517] - HikariPool-1 - Fill pool skipped, pool is at sufficient level.
2023-04-14 09:57:12,550 DEBUG [HikariPool-1 housekeeper][HikariPool.java:421] - HikariPool-1 - Pool stats (total=10, active=0, idle=10, waiting=0)
2023-04-14 09:57:12,550 DEBUG [HikariPool-1 housekeeper][HikariPool.java:421] - HikariPool-1 - Pool stats (total=10, active=0, idle=10, waiting=0)
2023-04-14 09:57:12,551 DEBUG [HikariPool-1 housekeeper][HikariPool.java:517] - HikariPool-1 - Fill pool skipped, pool is at sufficient level.
2023-04-14 09:57:12,551 DEBUG [HikariPool-1 housekeeper][HikariPool.java:517] - HikariPool-1 - Fill pool skipped, pool is at sufficient level.
2023-04-14 09:57:42,558 DEBUG [HikariPool-1 housekeeper][HikariPool.java:421] - HikariPool-1 - Pool stats (total=10, active=0, idle=10, waiting=0)
2023-04-14 09:57:42,558 DEBUG [HikariPool-1 housekeeper][HikariPool.java:421] - HikariPool-1 - Pool stats (total=10, active=0, idle=10, waiting=0)
2023-04-14 09:57:42,558 DEBUG [HikariPool-1 housekeeper][HikariPool.java:517] - HikariPool-1 - Fill pool skipped, pool is at sufficient level.
2023-04-14 09:57:42,558 DEBUG [HikariPool-1 housekeeper][HikariPool.java:517] - HikariPool-1 - Fill pool skipped, pool is at sufficient level.
2023-04-14 09:58:12,569 DEBUG [HikariPool-1 housekeeper][HikariPool.java:421] - HikariPool-1 - Pool stats (total=10, active=0, idle=10, waiting=0)
2023-04-14 09:58:12,569 DEBUG [HikariPool-1 housekeeper][HikariPool.java:421] - HikariPool-1 - Pool stats (total=10, active=0, idle=10, waiting=0)
2023-04-14 09:58:12,569 DEBUG [HikariPool-1 housekeeper][HikariPool.java:517] - HikariPool-1 - Fill pool skipped, pool is at sufficient level.
2023-04-14 09:58:12,569 DEBUG [HikariPool-1 housekeeper][HikariPool.java:517] - HikariPool-1 - Fill pool skipped, pool is at sufficient level.
2023-04-14 09:58:42,584 DEBUG [HikariPool-1 housekeeper][HikariPool.java:421] - HikariPool-1 - Pool stats (total=10, active=0, idle=10, waiting=0)
2023-04-14 09:58:42,584 DEBUG [HikariPool-1 housekeeper][HikariPool.java:421] - HikariPool-1 - Pool stats (total=10, active=0, idle=10, waiting=0)
2023-04-14 09:58:42,584 DEBUG [HikariPool-1 housekeeper][HikariPool.java:517] - HikariPool-1 - Fill pool skipped, pool is at sufficient level.
2023-04-14 09:58:42,584 DEBUG [HikariPool-1 housekeeper][HikariPool.java:517] - HikariPool-1 - Fill pool skipped, pool is at sufficient level.
2023-04-14 09:59:10,702 DEBUG [http-nio-9010-exec-3][BaseJdbcLogger.java:137] - ==>  Preparing: select * from items
2023-04-14 09:59:10,702 DEBUG [http-nio-9010-exec-3][BaseJdbcLogger.java:137] - ==>  Preparing: select * from items
2023-04-14 09:59:10,702 DEBUG [http-nio-9010-exec-3][BaseJdbcLogger.java:137] - ==> Parameters: 
2023-04-14 09:59:10,702 DEBUG [http-nio-9010-exec-3][BaseJdbcLogger.java:137] - ==> Parameters: 
2023-04-14 09:59:10,704 DEBUG [http-nio-9010-exec-3][BaseJdbcLogger.java:137] - <==      Total: 1
2023-04-14 09:59:10,704 DEBUG [http-nio-9010-exec-3][BaseJdbcLogger.java:137] - <==      Total: 1
2023-04-14 09:59:12,602 DEBUG [HikariPool-1 housekeeper][HikariPool.java:421] - HikariPool-1 - Pool stats (total=10, active=0, idle=10, waiting=0)
2023-04-14 09:59:12,602 DEBUG [HikariPool-1 housekeeper][HikariPool.java:421] - HikariPool-1 - Pool stats (total=10, active=0, idle=10, waiting=0)
2023-04-14 09:59:12,602 DEBUG [HikariPool-1 housekeeper][HikariPool.java:517] - HikariPool-1 - Fill pool skipped, pool is at sufficient level.
2023-04-14 09:59:12,602 DEBUG [HikariPool-1 housekeeper][HikariPool.java:517] - HikariPool-1 - Fill pool skipped, pool is at sufficient level.
2023-04-14 09:59:42,606 DEBUG [HikariPool-1 housekeeper][HikariPool.java:421] - HikariPool-1 - Pool stats (total=10, active=0, idle=10, waiting=0)
2023-04-14 09:59:42,606 DEBUG [HikariPool-1 housekeeper][HikariPool.java:421] - HikariPool-1 - Pool stats (total=10, active=0, idle=10, waiting=0)
2023-04-14 09:59:42,607 DEBUG [HikariPool-1 housekeeper][HikariPool.java:517] - HikariPool-1 - Fill pool skipped, pool is at sufficient level.
2023-04-14 09:59:42,607 DEBUG [HikariPool-1 housekeeper][HikariPool.java:517] - HikariPool-1 - Fill pool skipped, pool is at sufficient level.
